Log file open, 11/26/17 18:55:26
LogWindows: Failed to load 'aqProf.dll' (GetLastError=126)
LogWindows: File 'aqProf.dll' does not exist
LogWindows: Failed to load 'VtuneApi.dll' (GetLastError=126)
LogWindows: File 'VtuneApi.dll' does not exist
LogWindows: Failed to load 'VtuneApi32e.dll' (GetLastError=126)
LogWindows: File 'VtuneApi32e.dll' does not exist
LogInit: Display: Running engine for game: myArtProject
LogPlatformFile: Not using cached read wrapper
LogInit: Display: RandInit(663084198) SRandInit(663084198).
LogInit: Read version file with build ID '3709383'
LogInit: Overriding engine version to CL 3754814, compatible CL 3709383
LogInit: Registered custom module enumerator with build ID '3709383'
LogTaskGraph: Started task graph with 5 named threads and 14 total threads with 3 sets of task threads.
LogStats: Stats thread started at 0.166788
LogD3D11RHI: Aftermath initialized
LogModuleManager: Display: Found up-to-date module file ../../../Engine/Plugins/2D/Paper2D/Binaries/Win64/UE4Editor-Paper2D.dll (API version 3709383).
LogModuleManager: Display: Found up-to-date module file ../../../Engine/Plugins/2D/Paper2D/Binaries/Win64/UE4Editor-Paper2DEditor.dll (API version 3709383).
LogModuleManager: Display: Found up-to-date module file ../../../Engine/Plugins/2D/Paper2D/Binaries/Win64/UE4Editor-PaperSpriteSheetImporter.dll (API version 3709383).
LogModuleManager: Display: Found up-to-date module file ../../../Engine/Plugins/2D/Paper2D/Binaries/Win64/UE4Editor-PaperTiledImporter.dll (API version 3709383).
LogModuleManager: Display: Found up-to-date module file ../../../Engine/Plugins/2D/Paper2D/Binaries/Win64/UE4Editor-SmartSnapping.dll (API version 3709383).
LogModuleManager: Display: Found up-to-date module file ../../../Engine/Plugins/Blendables/LightPropagationVolume/Binaries/Win64/UE4Editor-LightPropagationVolumeRuntime.dll (API version 3709383).
LogModuleManager: Display: Found up-to-date module file ../../../Engine/Plugins/Blendables/LightPropagationVolume/Binaries/Win64/UE4Editor-LightPropagationVolumeEditor.dll (API version 3709383).
LogModuleManager: Display: Found up-to-date module file ../../../Engine/Plugins/Developer/GitSourceControl/Binaries/Win64/UE4Editor-GitSourceControl.dll (API version 3709383).
LogModuleManager: Display: Found up-to-date module file ../../../Engine/Plugins/Developer/PerforceSourceControl/Binaries/Win64/UE4Editor-PerforceSourceControl.dll (API version 3709383).
LogModuleManager: Display: Found up-to-date module file ../../../Engine/Plugins/Developer/SubversionSourceControl/Binaries/Win64/UE4Editor-SubversionSourceControl.dll (API version 3709383).
LogModuleManager: Display: Found up-to-date module file ../../../Engine/Plugins/Developer/UObjectPlugin/Binaries/Win64/UE4Editor-UObjectPlugin.dll (API version 3709383).
LogModuleManager: Display: Found up-to-date module file ../../../Engine/Plugins/Developer/VisualStudioCodeSourceCodeAccess/Binaries/Win64/UE4Editor-VisualStudioCodeSourceCodeAccess.dll (API version 3709383).
LogModuleManager: Display: Found up-to-date module file ../../../Engine/Plugins/Developer/VisualStudioSourceCodeAccess/Binaries/Win64/UE4Editor-VisualStudioSourceCodeAccess.dll (API version 3709383).
LogModuleManager: Display: Found up-to-date module file ../../../Engine/Plugins/Editor/AssetManagerEditor/Binaries/Win64/UE4Editor-AssetManagerEditor.dll (API version 3709383).
LogModuleManager: Display: Found up-to-date module file ../../../Engine/Plugins/Editor/AudioCapture/Binaries/Win64/UE4Editor-AudioCapture.dll (API version 3709383).
LogModuleManager: Display: Found up-to-date module file ../../../Engine/Plugins/Editor/FacialAnimation/Binaries/Win64/UE4Editor-FacialAnimation.dll (API version 3709383).
LogModuleManager: Display: Found up-to-date module file ../../../Engine/Plugins/Editor/FacialAnimation/Binaries/Win64/UE4Editor-FacialAnimationEditor.dll (API version 3709383).
LogModuleManager: Display: Found up-to-date module file ../../../Engine/Plugins/Editor/GameplayTagsEditor/Binaries/Win64/UE4Editor-GameplayTagsEditor.dll (API version 3709383).
LogModuleManager: Display: Found up-to-date module file ../../../Engine/Plugins/Editor/MobileLauncherProfileWizard/Binaries/Win64/UE4Editor-MobileLauncherProfileWizard.dll (API version 3709383).
LogModuleManager: Display: Found up-to-date module file ../../../Engine/Plugins/Editor/PluginBrowser/Binaries/Win64/UE4Editor-PluginBrowser.dll (API version 3709383).
LogModuleManager: Display: Found up-to-date module file ../../../Engine/Plugins/Editor/SpeedTreeImporter/Binaries/Win64/UE4Editor-SpeedTreeImporter.dll (API version 3709383).
LogModuleManager: Display: Found up-to-date module file ../../../Engine/Plugins/Experimental/AlembicImporter/Binaries/Win64/UE4Editor-AlembicImporter.dll (API version 3709383).
LogModuleManager: Display: Found up-to-date module file ../../../Engine/Plugins/Experimental/AlembicImporter/Binaries/Win64/UE4Editor-AlembicLibrary.dll (API version 3709383).
LogModuleManager: Display: Found up-to-date module file ../../../Engine/Plugins/Experimental/CharacterAI/Binaries/Win64/UE4Editor-CharacterAI.dll (API version 3709383).
LogModuleManager: Display: Found up-to-date module file ../../../Engine/Plugins/Experimental/HTML5Networking/Binaries/Win64/UE4Editor-HTML5Networking.dll (API version 3709383).
LogModuleManager: Display: Found up-to-date module file ../../../Engine/Plugins/Media/AndroidMedia/Binaries/Win64/UE4Editor-AndroidMediaEditor.dll (API version 3709383).
LogModuleManager: Display: Found up-to-date module file ../../../Engine/Plugins/Media/AndroidMedia/Binaries/Win64/UE4Editor-AndroidMediaFactory.dll (API version 3709383).
LogModuleManager: Display: Found up-to-date module file ../../../Engine/Plugins/Media/AvfMedia/Binaries/Win64/UE4Editor-AvfMediaEditor.dll (API version 3709383).
LogModuleManager: Display: Found up-to-date module file ../../../Engine/Plugins/Media/AvfMedia/Binaries/Win64/UE4Editor-AvfMediaFactory.dll (API version 3709383).
LogModuleManager: Display: Found up-to-date module file ../../../Engine/Plugins/Media/AvfMedia/Binaries/Win64/UE4Editor-AvfMediaFactory.dll (API version 3709383).
LogModuleManager: Display: Found up-to-date module file ../../../Engine/Plugins/Media/ImgMedia/Binaries/Win64/UE4Editor-ImgMedia.dll (API version 3709383).
LogModuleManager: Display: Found up-to-date module file ../../../Engine/Plugins/Media/ImgMedia/Binaries/Win64/UE4Editor-ImgMediaEditor.dll (API version 3709383).
LogModuleManager: Display: Found up-to-date module file ../../../Engine/Plugins/Media/ImgMedia/Binaries/Win64/UE4Editor-ImgMediaFactory.dll (API version 3709383).
LogModuleManager: Display: Found up-to-date module file ../../../Engine/Plugins/Media/ImgMedia/Binaries/Win64/UE4Editor-ImgMediaFactory.dll (API version 3709383).
LogModuleManager: Display: Found up-to-date module file ../../../Engine/Plugins/Media/ImgMedia/Binaries/Win64/UE4Editor-OpenExrWrapper.dll (API version 3709383).
LogModuleManager: Display: Found up-to-date module file ../../../Engine/Plugins/Media/MediaCompositing/Binaries/Win64/UE4Editor-MediaCompositing.dll (API version 3709383).
LogModuleManager: Display: Found up-to-date module file ../../../Engine/Plugins/Media/MediaCompositing/Binaries/Win64/UE4Editor-MediaCompositingEditor.dll (API version 3709383).
LogModuleManager: Display: Found up-to-date module file ../../../Engine/Plugins/Media/MediaPlayerEditor/Binaries/Win64/UE4Editor-MediaPlayerEditor.dll (API version 3709383).
LogModuleManager: Display: Found up-to-date module file ../../../Engine/Plugins/Media/WmfMedia/Binaries/Win64/UE4Editor-WmfMedia.dll (API version 3709383).
LogModuleManager: Display: Found up-to-date module file ../../../Engine/Plugins/Media/WmfMedia/Binaries/Win64/UE4Editor-WmfMediaEditor.dll (API version 3709383).
LogModuleManager: Display: Found up-to-date module file ../../../Engine/Plugins/Media/WmfMedia/Binaries/Win64/UE4Editor-WmfMediaFactory.dll (API version 3709383).
LogModuleManager: Display: Found up-to-date module file ../../../Engine/Plugins/Media/WmfMedia/Binaries/Win64/UE4Editor-WmfMediaFactory.dll (API version 3709383).
LogModuleManager: Display: Found up-to-date module file ../../../Engine/Plugins/Messaging/TcpMessaging/Binaries/Win64/UE4Editor-TcpMessaging.dll (API version 3709383).
LogModuleManager: Display: Found up-to-date module file ../../../Engine/Plugins/Messaging/UdpMessaging/Binaries/Win64/UE4Editor-UdpMessaging.dll (API version 3709383).
LogModuleManager: Display: Found up-to-date module file ../../../Engine/Plugins/MovieScene/ActorSequence/Binaries/Win64/UE4Editor-ActorSequence.dll (API version 3709383).
LogModuleManager: Display: Found up-to-date module file ../../../Engine/Plugins/MovieScene/LevelSequenceEditor/Binaries/Win64/UE4Editor-LevelSequenceEditor.dll (API version 3709383).
LogModuleManager: Display: Found up-to-date module file ../../../Engine/Plugins/MovieScene/MatineeToLevelSequence/Binaries/Win64/UE4Editor-MatineeToLevelSequence.dll (API version 3709383).
LogModuleManager: Display: Found up-to-date module file ../../../Engine/Plugins/Online/OnlineSubsystem/Binaries/Win64/UE4Editor-OnlineSubsystem.dll (API version 3709383).
LogModuleManager: Display: Found up-to-date module file ../../../Engine/Plugins/Runtime/AndroidPermission/Binaries/Win64/UE4Editor-AndroidPermission.dll (API version 3709383).
LogModuleManager: Display: Found up-to-date module file ../../../Engine/Plugins/Online/OnlineSubsystemNull/Binaries/Win64/UE4Editor-OnlineSubsystemNull.dll (API version 3709383).
LogModuleManager: Display: Found up-to-date module file ../../../Engine/Plugins/Online/OnlineSubsystemUtils/Binaries/Win64/UE4Editor-OnlineSubsystemUtils.dll (API version 3709383).
LogModuleManager: Display: Found up-to-date module file ../../../Engine/Plugins/Online/OnlineSubsystemUtils/Binaries/Win64/UE4Editor-OnlineBlueprintSupport.dll (API version 3709383).
LogModuleManager: Display: Found up-to-date module file ../../../Engine/Plugins/Runtime/AndroidDeviceProfileSelector/Binaries/Win64/UE4Editor-AndroidDeviceProfileSelector.dll (API version 3709383).
LogModuleManager: Display: Found up-to-date module file ../../../Engine/Plugins/Runtime/AppleARKit/Binaries/Win64/UE4Editor-AppleARKit.dll (API version 3709383).
LogModuleManager: Display: Found up-to-date module file ../../../Engine/Plugins/Runtime/ArchVisCharacter/Binaries/Win64/UE4Editor-ArchVisCharacter.dll (API version 3709383).
LogModuleManager: Display: Found up-to-date module file ../../../Engine/Plugins/Runtime/CableComponent/Binaries/Win64/UE4Editor-CableComponent.dll (API version 3709383).
LogModuleManager: Display: Found up-to-date module file ../../../Engine/Plugins/Runtime/CustomMeshComponent/Binaries/Win64/UE4Editor-CustomMeshComponent.dll (API version 3709383).
LogModuleManager: Display: Found up-to-date module file ../../../Engine/Plugins/Runtime/ExampleDeviceProfileSelector/Binaries/Win64/UE4Editor-ExampleDeviceProfileSelector.dll (API version 3709383).
LogModuleManager: Display: Found up-to-date module file ../../../Engine/Plugins/Runtime/ImmediatePhysics/Binaries/Win64/UE4Editor-ImmediatePhysics.dll (API version 3709383).
LogModuleManager: Display: Found up-to-date module file ../../../Engine/Plugins/Runtime/ImmediatePhysics/Binaries/Win64/UE4Editor-ImmediatePhysicsEditor.dll (API version 3709383).
LogModuleManager: Display: Found up-to-date module file ../../../Engine/Plugins/Runtime/LocationServicesBPLibrary/Binaries/Win64/UE4Editor-LocationServicesBPLibrary.dll (API version 3709383).
LogModuleManager: Display: Found up-to-date module file ../../../Engine/Plugins/Runtime/MobilePatchingUtils/Binaries/Win64/UE4Editor-MobilePatchingUtils.dll (API version 3709383).
LogModuleManager: Display: Found up-to-date module file ../../../Engine/Plugins/Runtime/Oculus/OculusVR/Binaries/Win64/UE4Editor-OculusHMD.dll (API version 3709383).
LogModuleManager: Display: Found up-to-date module file ../../../Engine/Plugins/Runtime/Oculus/OculusVR/Binaries/Win64/UE4Editor-OculusInput.dll (API version 3709383).
LogModuleManager: Display: Found up-to-date module file ../../../Engine/Plugins/Runtime/Oculus/OculusVR/Binaries/Win64/UE4Editor-OculusEditor.dll (API version 3709383).
LogModuleManager: Display: Found up-to-date module file ../../../Engine/Plugins/Runtime/PhysXVehicles/Binaries/Win64/UE4Editor-PhysXVehicles.dll (API version 3709383).
LogModuleManager: Display: Found up-to-date module file ../../../Engine/Plugins/Runtime/PhysXVehicles/Binaries/Win64/UE4Editor-PhysXVehiclesEditor.dll (API version 3709383).
LogModuleManager: Display: Found up-to-date module file ../../../Engine/Plugins/Runtime/ProceduralMeshComponent/Binaries/Win64/UE4Editor-ProceduralMeshComponent.dll (API version 3709383).
LogModuleManager: Display: Found up-to-date module file ../../../Engine/Plugins/Runtime/ProceduralMeshComponent/Binaries/Win64/UE4Editor-ProceduralMeshComponentEditor.dll (API version 3709383).
LogModuleManager: Display: Found up-to-date module file ../../../Engine/Plugins/Runtime/RuntimePhysXCooking/Binaries/Win64/UE4Editor-RuntimePhysXCooking.dll (API version 3709383).
LogModuleManager: Display: Found up-to-date module file ../../../Engine/Plugins/Runtime/Steam/SteamVR/Binaries/Win64/UE4Editor-SteamVR.dll (API version 3709383).
LogModuleManager: Display: Found up-to-date module file ../../../Engine/Plugins/Runtime/Steam/SteamVR/Binaries/Win64/UE4Editor-SteamVRController.dll (API version 3709383).
LogModuleManager: Display: Found up-to-date module file ../../../Engine/Plugins/Runtime/WindowsMoviePlayer/Binaries/Win64/UE4Editor-WindowsMoviePlayer.dll (API version 3709383).
LogPluginManager: Mounting plugin Paper2D
LogPluginManager: Mounting plugin LightPropagationVolume
LogPluginManager: Mounting plugin CodeLiteSourceCodeAccess
LogPluginManager: Mounting plugin GitSourceControl
LogPluginManager: Mounting plugin KDevelopSourceCodeAccess
LogPluginManager: Mounting plugin NullSourceCodeAccess
LogPluginManager: Mounting plugin PerforceSourceControl
LogPluginManager: Mounting plugin SubversionSourceControl
LogPluginManager: Mounting plugin UObjectPlugin
LogPluginManager: Mounting plugin VisualStudioCodeSourceCodeAccess
LogPluginManager: Mounting plugin VisualStudioSourceCodeAccess
LogPluginManager: Mounting plugin XCodeSourceCodeAccess
LogPluginManager: Mounting plugin AssetManagerEditor
LogPluginManager: Mounting plugin AudioCapture
LogPluginManager: Mounting plugin FacialAnimation
LogPluginManager: Mounting plugin GameplayTagsEditor
LogPluginManager: Mounting plugin MobileLauncherProfileWizard
LogPluginManager: Mounting plugin PluginBrowser
LogPluginManager: Mounting plugin SpeedTreeImporter
LogPluginManager: Mounting plugin AlembicImporter
LogPluginManager: Mounting plugin CharacterAI
LogPluginManager: Mounting plugin HTML5Networking
LogPluginManager: Mounting plugin AndroidMedia
LogPluginManager: Mounting plugin AvfMedia
LogPluginManager: Mounting plugin ImgMedia
LogPluginManager: Mounting plugin MediaCompositing
LogPluginManager: Mounting plugin MediaPlayerEditor
LogPluginManager: Mounting plugin WmfMedia
LogPluginManager: Mounting plugin TcpMessaging
LogPluginManager: Mounting plugin UdpMessaging
LogPluginManager: Mounting plugin ActorSequence
LogPluginManager: Mounting plugin LevelSequenceEditor
LogPluginManager: Mounting plugin MatineeToLevelSequence
LogPluginManager: Mounting plugin OnlineSubsystemGooglePlay
LogPluginManager: Mounting plugin OnlineSubsystemIOS
LogPluginManager: Mounting plugin OnlineSubsystem
LogPluginManager: Mounting plugin OnlineSubsystemNull
LogPluginManager: Mounting plugin OnlineSubsystemUtils
LogPluginManager: Mounting plugin AndroidDeviceProfileSelector
LogPluginManager: Mounting plugin AndroidMoviePlayer
LogPluginManager: Mounting plugin AndroidPermission
LogPluginManager: Mounting plugin AppleARKit
LogPluginManager: Mounting plugin AppleMoviePlayer
LogPluginManager: Mounting plugin ArchVisCharacter
LogPluginManager: Mounting plugin CableComponent
LogPluginManager: Mounting plugin CustomMeshComponent
LogPluginManager: Mounting plugin ExampleDeviceProfileSelector
LogPluginManager: Mounting plugin GoogleCloudMessaging
LogPluginManager: Mounting plugin ImmediatePhysics
LogPluginManager: Mounting plugin IOSDeviceProfileSelector
LogPluginManager: Mounting plugin LinuxDeviceProfileSelector
LogPluginManager: Mounting plugin LocationServicesBPLibrary
LogPluginManager: Mounting plugin MobilePatchingUtils
LogPluginManager: Mounting plugin OculusVR
LogPluginManager: Plugin shader directory ../../../Engine/Plugins/Runtime/Oculus/OculusVR/Shaders found
LogPluginManager: Mapping shader source directory ../../../Engine/Plugins/Runtime/Oculus/OculusVR/Shaders to virtual directory /Plugin/OculusVR
LogPluginManager: Mounting plugin PhysXVehicles
LogPluginManager: Mounting plugin ProceduralMeshComponent
LogPluginManager: Mounting plugin RuntimePhysXCooking
LogPluginManager: Mounting plugin SteamVR
LogPluginManager: Mounting plugin WindowsMoviePlayer
LogInit: Using libcurl 7.47.1
LogInit:  - built for x86_64-pc-win32
LogInit:  - supports SSL with OpenSSL/1.0.2g
LogInit:  - supports HTTP deflate (compression) using libz 1.2.8
LogInit:  - other features:
LogInit:      CURL_VERSION_SSL
LogInit:      CURL_VERSION_LIBZ
LogInit:      CURL_VERSION_IPV6
LogInit:      CURL_VERSION_ASYNCHDNS
LogInit:      CURL_VERSION_LARGEFILE
LogInit:      CURL_VERSION_IDN
LogInit:  CurlRequestOptions (configurable via config and command line):
LogInit:  - bVerifyPeer = false  - Libcurl will NOT verify peer certificate
LogInit:  - bUseHttpProxy = false  - Libcurl will NOT use HTTP proxy
LogInit:  - bDontReuseConnections = false  - Libcurl will reuse connections
LogInit:  - CertBundlePath = nullptr  - Libcurl will use whatever was configured at build time.
LogInit: Build: ++UE4+Release-4.18-CL-3754814
LogInit: Engine Version: 4.18.1-3754814+++UE4+Release-4.18
LogInit: Compatible Engine Version: 4.18.0-3709383+++UE4+Release-4.18
LogInit: Net CL: 3709383
LogDevObjectVersion: Number of dev versions registered: 16
LogDevObjectVersion:   Dev-Blueprints (B0D832E4-1F89-4F0D-ACCF-7EB736FD4AA2): 10
LogDevObjectVersion:   Dev-Build (E1C64328-A22C-4D53-A36C-8E866417BD8C): 0
LogDevObjectVersion:   Dev-Core (375EC13C-06E4-48FB-B500-84F0262A717E): 2
LogDevObjectVersion:   Dev-Editor (E4B068ED-F494-42E9-A231-DA0B2E46BB41): 20
LogDevObjectVersion:   Dev-Framework (CFFC743F-43B0-4480-9391-14DF171D2073): 30
LogDevObjectVersion:   Dev-Mobile (B02B49B5-BB20-44E9-A304-32B752E40360): 0
LogDevObjectVersion:   Dev-Networking (A4E4105C-59A1-49B5-A7C5-40C4547EDFEE): 0
LogDevObjectVersion:   Dev-Online (39C831C9-5AE6-47DC-9A44-9C173E1C8E7C): 0
LogDevObjectVersion:   Dev-Physics (78F01B33-EBEA-4F98-B9B4-84EACCB95AA2): 0
LogDevObjectVersion:   Dev-Platform (6631380F-2D4D-43E0-8009-CF276956A95A): 0
LogDevObjectVersion:   Dev-Rendering (12F88B9F-8875-4AFC-A67C-D90C383ABD29): 20
LogDevObjectVersion:   Dev-Sequencer (7B5AE74C-D270-4C10-A958-57980B212A5A): 4
LogDevObjectVersion:   Dev-VR (D7296918-1DD6-4BDD-9DE2-64A83CC13884): 0
LogDevObjectVersion:   Dev-LoadTimes (C2A15278-BFE7-4AFE-6C17-90FF531DF755): 1
LogDevObjectVersion:   Private-Geometry (6EACA3D4-40EC-4CC1-B786-8BED09428FC5): 1
LogDevObjectVersion:   Dev-AnimPhys (29E575DD-E0A3-4627-9D10-D276232CDCEA): 12
LogInit: Compiled (64-bit): Nov 14 2017 02:05:55
LogInit: Compiled with Visual C++: 19.00.24215.01
LogInit: Build Configuration: Development
LogInit: Branch Name: ++UE4+Release-4.18
LogInit: Command line:  
LogInit: Base directory: C:/Program Files/Epic Games/UE_4.18/Engine/Binaries/Win64/
LogInit: Installed Engine Build: 1
LogInit: Presizing for max 8388607 objects, including 0 objects not considered by GC, pre-allocating 0 bytes for permanent pool.
LogInit: Object subsystem initialized
[2017.11.27-02.55.27:924][  0]LogInit: Selected Device Profile: [Windows]
[2017.11.27-02.55.27:924][  0]LogInit: Applying CVar settings loaded from the selected device profile: [Windows]
[2017.11.27-02.55.27:936][  0]LogInit: Computer: DESKTOP-A54SF20
[2017.11.27-02.55.27:936][  0]LogInit: User: Justi
[2017.11.27-02.55.27:936][  0]LogInit: CPU Page size=4096, Cores=4
[2017.11.27-02.55.27:936][  0]LogInit: High frequency timer resolution =3.318390 MHz
[2017.11.27-02.55.27:936][  0]LogMemory: Memory total: Physical=15.9GB (16GB approx)
[2017.11.27-02.55.27:936][  0]LogMemory: Platform Memory Stats for Windows
[2017.11.27-02.55.27:936][  0]LogMemory: Process Physical Memory: 272.14 MB used, 272.14 MB peak
[2017.11.27-02.55.27:936][  0]LogMemory: Process Virtual Memory: 263.70 MB used, 263.70 MB peak
[2017.11.27-02.55.27:936][  0]LogMemory: Physical Memory: 5729.12 MB used,  10592.29 MB free, 16321.41 MB total
[2017.11.27-02.55.27:936][  0]LogMemory: Virtual Memory: 637.46 MB used,  10592.29 MB free, 134217728.00 MB total
[2017.11.27-02.55.28:072][  0]LogInit: Using OS detected language (en-US).
[2017.11.27-02.55.28:072][  0]LogInit: Using OS detected locale (en-US).
[2017.11.27-02.55.28:075][  0]LogTextLocalizationManager: No specific localization for 'en-US' exists, so the 'en' localization will be used.
[2017.11.27-02.55.28:461][  0]LogInit: Setting process to per monitor DPI aware
[2017.11.27-02.55.28:680][  0]LogD3D11RHI: D3D11 adapters:
[2017.11.27-02.55.28:715][  0]LogD3D11RHI:    0. 'NVIDIA GeForce GTX 780' (Feature Level 11_0)
[2017.11.27-02.55.28:715][  0]LogD3D11RHI:       3039/0/8160 MB DedicatedVideo/DedicatedSystem/SharedSystem, Outputs:1, VendorId:0x10de
[2017.11.27-02.55.28:716][  0]LogD3D11RHI:    1. 'Microsoft Basic Render Driver' (Feature Level 11_0)
[2017.11.27-02.55.28:716][  0]LogD3D11RHI:       0/0/8160 MB DedicatedVideo/DedicatedSystem/SharedSystem, Outputs:0, VendorId:0x1414
[2017.11.27-02.55.28:716][  0]LogD3D11RHI: Chosen D3D11 Adapter: 0
[2017.11.27-02.55.28:721][  0]LogD3D11RHI: Creating new Direct3DDevice
[2017.11.27-02.55.28:721][  0]LogD3D11RHI:     GPU DeviceId: 0x1004 (for the marketing name, search the web for "GPU Device Id")
[2017.11.27-02.55.28:721][  0]LogWindows: EnumDisplayDevices:
[2017.11.27-02.55.28:721][  0]LogWindows:    0. 'NVIDIA GeForce GTX 780' (P:1 D:1)
[2017.11.27-02.55.28:722][  0]LogWindows:    1. 'NVIDIA GeForce GTX 780' (P:0 D:0)
[2017.11.27-02.55.28:722][  0]LogWindows:    2. 'NVIDIA GeForce GTX 780' (P:0 D:0)
[2017.11.27-02.55.28:722][  0]LogWindows:    3. 'NVIDIA GeForce GTX 780' (P:0 D:0)
[2017.11.27-02.55.28:722][  0]LogWindows: DebugString: FoundDriverCount:4 
[2017.11.27-02.55.28:722][  0]LogD3D11RHI:     Adapter Name: NVIDIA GeForce GTX 780
[2017.11.27-02.55.28:722][  0]LogD3D11RHI:   Driver Version: 388.31 (internal:23.21.13.8831, unified:388.31)
[2017.11.27-02.55.28:722][  0]LogD3D11RHI:      Driver Date: 11-14-2017
[2017.11.27-02.55.28:722][  0]LogRHI: Texture pool is 2127 MB (70% of 3039 MB)
[2017.11.27-02.55.28:746][  0]LogD3D11RHI: Async texture creation enabled
[2017.11.27-02.55.28:829][  0]LogD3D11RHI: GPU Timing Frequency: 1000.000000 (Debug: 2 1)
[2017.11.27-02.55.28:878][  0]LogShaderCompilers: Guid format shader working directory is -66 characters bigger than the processId version (../../../../../../Users/Justi/Desktop/unreal_projects/EndlessClicker/artProject_TheoryOfComputation/myArtProject/Intermediate/Shaders/WorkingDirectory/9600/).
[2017.11.27-02.55.28:878][  0]LogShaderCompilers: Cleaned the shader compiler working directory 'C:/Users/Justi/AppData/Local/Temp/UnrealShaderWorkingDir/E683CB08461CA6F4FB409D84DC1D16F8/'.
[2017.11.27-02.55.28:878][  0]LogShaderCompilers: Display: Using Local Shader Compiler.
[2017.11.27-02.55.29:728][  0]LogTemp: Display: Loaded TP AllDesktopTargetPlatform
[2017.11.27-02.55.29:774][  0]LogTemp: Display: Loaded TP MacClientTargetPlatform
[2017.11.27-02.55.29:819][  0]LogTemp: Display: Loaded TP MacNoEditorTargetPlatform
[2017.11.27-02.55.29:865][  0]LogTemp: Display: Loaded TP MacServerTargetPlatform
[2017.11.27-02.55.29:911][  0]LogTemp: Display: Loaded TP MacTargetPlatform
[2017.11.27-02.55.29:957][  0]LogTemp: Display: Loaded TP WindowsClientTargetPlatform
[2017.11.27-02.55.30:003][  0]LogTemp: Display: Loaded TP WindowsNoEditorTargetPlatform
[2017.11.27-02.55.30:048][  0]LogTemp: Display: Loaded TP WindowsServerTargetPlatform
[2017.11.27-02.55.30:088][  0]LogTemp: Display: Loaded TP WindowsTargetPlatform
[2017.11.27-02.55.30:135][  0]LogTemp: Display: Loaded TP Android_ASTCTargetPlatform
[2017.11.27-02.55.30:179][  0]LogTemp: Display: Loaded TP Android_ATCTargetPlatform
[2017.11.27-02.55.30:223][  0]LogTemp: Display: Loaded TP Android_DXTTargetPlatform
[2017.11.27-02.55.30:266][  0]LogTemp: Display: Loaded TP Android_ETC1TargetPlatform
[2017.11.27-02.55.30:311][  0]LogTemp: Display: Loaded TP Android_ETC2TargetPlatform
[2017.11.27-02.55.30:400][  0]LogTemp: Display: Loaded TP Android_MultiTargetPlatform
[2017.11.27-02.55.30:400][  0]LogTemp: Display: Loaded TP Android_PVRTCTargetPlatform
[2017.11.27-02.55.30:444][  0]LogTemp: Display: Loaded TP AndroidTargetPlatform
[2017.11.27-02.55.30:477][  0]LogTemp: Display: Loaded TP HTML5TargetPlatform
[2017.11.27-02.55.30:558][  0]LogTemp: Display: Loaded TP IOSTargetPlatform
[2017.11.27-02.55.30:583][  0]LogTemp: Display: Loaded TP TVOSTargetPlatform
[2017.11.27-02.55.30:627][  0]LogTemp: Display: Loaded TP LinuxClientTargetPlatform
[2017.11.27-02.55.30:673][  0]LogTemp: Display: Loaded TP LinuxNoEditorTargetPlatform
[2017.11.27-02.55.30:716][  0]LogTemp: Display: Loaded TP LinuxServerTargetPlatform
[2017.11.27-02.55.30:762][  0]LogTemp: Display: Loaded TP LinuxTargetPlatform
[2017.11.27-02.55.30:762][  0]LogTargetPlatformManager: Display: Building Assets For Windows
[2017.11.27-02.55.31:148][  0]LogDerivedDataCache: Display: Max Cache Size: 512 MB
[2017.11.27-02.55.31:223][  0]LogDerivedDataCache: Loaded boot cache 0.08s 78MB C:/Users/Justi/AppData/Local/UnrealEngine/4.18/DerivedDataCache/Boot.ddc.
[2017.11.27-02.55.31:223][  0]LogDerivedDataCache: Display: Loaded Boot cache: C:/Users/Justi/AppData/Local/UnrealEngine/4.18/DerivedDataCache/Boot.ddc
[2017.11.27-02.55.31:223][  0]LogDerivedDataCache: FDerivedDataBackendGraph:  Pak pak cache file ../../../../../../Users/Justi/Desktop/unreal_projects/EndlessClicker/artProject_TheoryOfComputation/myArtProject/DerivedDataCache/DDC.ddp not found, will not use a pak cache.
[2017.11.27-02.55.31:223][  0]LogDerivedDataCache: Unable to find inner node Pak for hierarchical cache Hierarchy.
[2017.11.27-02.55.31:223][  0]LogDerivedDataCache: FDerivedDataBackendGraph:  CompressedPak pak cache file ../../../../../../Users/Justi/Desktop/unreal_projects/EndlessClicker/artProject_TheoryOfComputation/myArtProject/DerivedDataCache/Compressed.ddp not found, will not use a pak cache.
[2017.11.27-02.55.31:223][  0]LogDerivedDataCache: Unable to find inner node CompressedPak for hierarchical cache Hierarchy.
[2017.11.27-02.55.31:239][  0]LogDerivedDataCache: Display: Pak cache opened for reading ../../../Engine/DerivedDataCache/Compressed.ddp.
[2017.11.27-02.55.31:251][  0]LogDerivedDataCache: Using Local data cache path C:/Users/Justi/AppData/Local/UnrealEngine/Common/DerivedDataCache: Writable
[2017.11.27-02.55.31:261][  0]LogMaterial: Verifying Global Shaders for PCD3D_SM5
[2017.11.27-02.55.31:261][  0]LogSlate: Using Freetype 2.6.0
[2017.11.27-02.55.31:261][  0]LogSlate: SlateFontCache - WITH_FREETYPE: 1, WITH_HARFBUZZ: 1
[2017.11.27-02.55.31:261][  0]LogSlate: SlateFontCache - WITH_FREETYPE: 1, WITH_HARFBUZZ: 1
[2017.11.27-02.55.31:609][  0]LogInit: Selected Device Profile: [Windows]
[2017.11.27-02.55.31:900][  0]LogSimplygon: Simplygon DLL not present - disabling.
[2017.11.27-02.55.31:933][  0]LogMeshReduction: Using SimplygonSwarm for distributed automatic mesh merging
[2017.11.27-02.55.31:933][  0]LogMeshReduction: Using QuadricMeshReduction for automatic static mesh reduction
[2017.11.27-02.55.31:933][  0]LogMeshReduction: No automatic skeletal mesh reduction module available
[2017.11.27-02.55.31:933][  0]LogMeshReduction: No automatic mesh merging module available
[2017.11.27-02.55.31:933][  0]LogMeshMerging: No automatic mesh merging module available
[2017.11.27-02.55.31:959][  0]LogNetVersion: myArtProject , NetCL: 3709383, EngineNetVer: 2, GameNetVer: 0 (Checksum: 1610086920)
[2017.11.27-02.55.32:107][  0]LogAssetRegistry: FAssetRegistry took 0.0265 seconds to start up
[2017.11.27-02.55.32:577][  0]LogPackageLocalizationCache: Processed 7 localized package path(s) for 2 prioritized culture(s) in 0.061982 seconds
[2017.11.27-02.55.32:582][  0]LogUObjectArray: 35900 objects as part of root set at end of initial load.
[2017.11.27-02.55.32:583][  0]LogUObjectAllocator: 7372024 out of 0 bytes used by permanent object pool.
[2017.11.27-02.55.32:583][  0]LogUObjectArray: CloseDisregardForGC: 0/0 objects in disregard for GC pool
[2017.11.27-02.55.32:627][  0]LogInit: WinSock: version 1.1 (2.2), MaxSocks=32767, MaxUdp=65467
[2017.11.27-02.55.35:011][  0]LogTcpMessaging: Initializing TcpMessaging bridge
[2017.11.27-02.55.35:049][  0]LogUdpMessaging: Initializing bridge on interface 0.0.0.0:0 to multicast group 230.0.0.1:6666.
[2017.11.27-02.55.35:631][  0]LogMaterial: Uniform references updated for custom material expression Custom.
[2017.11.27-02.55.36:017][  0]SourceControl: Source control is disabled
[2017.11.27-02.55.36:969][  0]LogAndroidPermission: UAndroidPermissionCallbackProxy::GetInstance
[2017.11.27-02.55.37:202][  0]LogOcInput: OculusInput pre-init called
[2017.11.27-02.55.37:452][  0]LogEngine: Initializing Engine...
[2017.11.27-02.55.37:454][  0]LogHMD: Failed to initialize OpenVR with code 110
[2017.11.27-02.55.37:684][  0]LogStats: UGameplayTagsManager::ConstructGameplayTagTree: Construct from data asset -  0.000 s
[2017.11.27-02.55.37:684][  0]LogStats: UGameplayTagsManager::ConstructGameplayTagTree: GameplayTagTreeChangedEvent.Broadcast -  0.000 s
[2017.11.27-02.55.37:790][  0]LogAIModule: Creating AISystem for world Untitled
[2017.11.27-02.55.37:800][  0]LogInit: XAudio2 using 'Headset Earphone (HyperX 7.1 Audio)' : 2 channels at 44.1 kHz using 16 bits per sample (channel mask 0x3)
[2017.11.27-02.55.37:816][  0]LogInit: FAudioDevice initialized.
[2017.11.27-02.55.37:899][  0]LogDerivedDataCache: Saved boot cache 0.08s 78MB C:/Users/Justi/AppData/Local/UnrealEngine/4.18/DerivedDataCache/Boot.ddc.
[2017.11.27-02.55.37:913][  0]LogInit: Texture streaming: Enabled
[2017.11.27-02.55.37:998][  0]LogEngineSessionManager: EngineSessionManager initialized
[2017.11.27-02.55.37:998][  0]LogEngineSessionManager: EngineSessionManager sent abnormal shutdown report. Type=Crashed, SessionId={B69C76B1-464B-D685-6CB6-028E408D2E58}
[2017.11.27-02.55.37:998][  0]LogEngineSessionManager: EngineSessionManager sent abnormal shutdown report. Type=AbnormalShutdown, SessionId={ACD772A1-43DA-22D2-AA7B-6BADC9228166}
[2017.11.27-02.55.38:110][  0]LogInit: Transaction tracking system initialized
[2017.11.27-02.55.38:374][  0]BlueprintLog: New page: Editor Load
[2017.11.27-02.55.39:117][  0]LocalizationService: Localization service is disabled
[2017.11.27-02.55.39:896][  0]LogConsoleResponse: Display: 
[2017.11.27-02.55.40:056][  0]LogCook: Display: Max memory allowance for cook 16384mb min free memory 0mb
[2017.11.27-02.55.40:056][  0]LogCook: Display: Mobile HDR setting 1
[2017.11.27-02.55.40:056][  0]LogGameplayTags: Display: UGameplayTagsManager::DoneAddingNativeTags. DelegateIsBound: 0
[2017.11.27-02.55.41:024][  0]LogFileCache: Scanning file cache for directory 'C:/Users/Justi/Desktop/unreal_projects/EndlessClicker/artProject_TheoryOfComputation/myArtProject/Content/' took 0.01s
[2017.11.27-02.55.41:138][  0]LogSlate: Took 0.000232 seconds to synchronously load lazily loaded font '../../../Engine/Content/Slate/Fonts/Roboto-Regular.ttf' (155K)
[2017.11.27-02.55.47:309][  0]LogWindowsTextInputMethodSystem: Display: IME system now deactivated.
[2017.11.27-02.55.47:319][  0]LogWindowsTextInputMethodSystem: Display: IME system now deactivated.
[2017.11.27-02.55.47:371][  0]LogWindowsTextInputMethodSystem: Display: IME system now deactivated.
[2017.11.27-02.55.47:386][  0]LogWindowsTextInputMethodSystem: Display: IME system now deactivated.
[2017.11.27-02.55.47:389][  0]Cmd: MAP LOAD FILE="../../../../../../Users/Justi/Desktop/unreal_projects/EndlessClicker/artProject_TheoryOfComputation/myArtProject/Content/Levels/GameLevel.umap" TEMPLATE=0 SHOWPROGRESS=1 FEATURELEVEL=3
[2017.11.27-02.55.47:389][  0]LightingResults: New page: Lighting Build
[2017.11.27-02.55.47:428][  0]MapCheck: New page: Map Check
[2017.11.27-02.55.47:428][  0]LightingResults: New page: Lighting Build
[2017.11.27-02.55.47:463][  0]LogBlueprint: Warning: [Compiler Enemy] Input Axis Event references unknown Axis 'moveDown' for  InputAxis moveDown
[2017.11.27-02.55.47:465][  0]LogBlueprint: Warning: [Compiler Enemy] [0021.70] Compile of Enemy successful, but with 1 Warning(s) [in 3 ms] (/Game/Blueprints/Enemy.Enemy)
[2017.11.27-02.55.47:524][  0]LogAIModule: Creating AISystem for world GameLevel
[2017.11.27-02.55.47:535][  0]LogEditorServer: Finished looking for orphan Actors (0.000 secs)
[2017.11.27-02.55.47:548][  0]Cmd: MAP CHECKDEP NOCLEARLOG
[2017.11.27-02.55.47:596][  0]MapCheck: Map check complete: 0 Error(s), 0 Warning(s), took 46.653ms to complete.
[2017.11.27-02.55.47:596][  0]LogFileHelpers: Loading map 'GameLevel' took 0.207
[2017.11.27-02.55.47:628][  0]LogStats: Warning: MetaData mismatch. Did you assign a stat to two groups? New //STATGROUP_Threads//SplashScreenThread///Thread_15e4_0///####STATCAT_Advanced#### old //STATGROUP_Threads//SplashScreenThread///Thread_42c_0///####STATCAT_Advanced####
[2017.11.27-02.55.47:628][  0]LogCollectionManager: Loaded 0 collections in 0.001398 seconds
[2017.11.27-02.55.47:698][  0]LogFileCache: Scanning file cache for directory 'C:/Users/Justi/Desktop/unreal_projects/EndlessClicker/artProject_TheoryOfComputation/myArtProject/Saved/Collections/' took 0.01s
[2017.11.27-02.55.47:698][  0]LogFileCache: Scanning file cache for directory 'C:/Users/Justi/Desktop/unreal_projects/EndlessClicker/artProject_TheoryOfComputation/myArtProject/Content/Developers/Justi/Collections/' took 0.01s
[2017.11.27-02.55.47:699][  0]LogFileCache: Scanning file cache for directory 'C:/Users/Justi/Desktop/unreal_projects/EndlessClicker/artProject_TheoryOfComputation/myArtProject/Content/Collections/' took 0.01s
[2017.11.27-02.55.47:699][  0]LogCollectionManager: Rebuilt the GUID cache for 0 collections in 0.000000 seconds
[2017.11.27-02.55.47:707][  0]LogContentBrowser: Native class hierarchy populated in 0.0080 seconds. Added 2363 classes and 519 folders.
[2017.11.27-02.55.47:762][  0]LogContentBrowser: Native class hierarchy updated for 'WidgetCarousel' in 0.0002 seconds. Added 0 classes and 0 folders.
[2017.11.27-02.55.47:794][  0]LogContentBrowser: Native class hierarchy updated for 'AddContentDialog' in 0.0002 seconds. Added 0 classes and 0 folders.
[2017.11.27-02.55.47:876][  0]LogContentBrowser: Native class hierarchy updated for 'SceneOutliner' in 0.0002 seconds. Added 1 classes and 2 folders.
[2017.11.27-02.55.47:929][  0]LogSlate: Took 0.000234 seconds to synchronously load lazily loaded font '../../../Engine/Content/Slate/Fonts/Roboto-Bold.ttf' (160K)
[2017.11.27-02.55.47:930][  0]LogSlate: Took 0.000149 seconds to synchronously load lazily loaded font '../../../Engine/Content/Editor/Slate/Fonts/FontAwesome.ttf' (139K)
[2017.11.27-02.55.48:040][  0]LogRenderer: Reallocating scene render targets to support 1104x924 Format 10 NumSamples 1 (Frame:1).
[2017.11.27-02.55.48:182][  0]LogContentBrowser: Native class hierarchy updated for 'HierarchicalLODOutliner' in 0.0002 seconds. Added 1 classes and 2 folders.
[2017.11.27-02.55.48:182][  0]LogLoad: (Engine Initialization) Total time: 22.42 seconds
[2017.11.27-02.55.48:182][  0]LogLoad: (Engine Initialization) Total Blueprint compile time: 0.00 seconds
[2017.11.27-02.55.48:182][  0]LogExternalProfiler: Found external profiler: VSPerf
[2017.11.27-02.55.48:182][  0]LogExternalProfiler: Using external profiler: VSPerf
[2017.11.27-02.55.48:765][  0]LogAssetRegistry: Asset discovery search completed in 16.6808 seconds
[2017.11.27-02.55.48:767][  0]LogCollectionManager: Rebuilt the object cache for 0 collections in 0.000000 seconds (found 0 objects)
[2017.11.27-02.55.48:767][  0]LogCollectionManager: Fixed up redirectors for 0 collections in 0.000068 seconds (updated 0 objects)
[2017.11.27-02.55.48:774][  0]SourceControl: On branch master
[2017.11.27-02.55.48:774][  0]SourceControl: Your branch is up-to-date with 'origin/master'.
[2017.11.27-02.55.48:774][  0]SourceControl: Changes not staged for commit:
[2017.11.27-02.55.48:774][  0]SourceControl:   (use "git add <file>..." to update what will be committed)
[2017.11.27-02.55.48:774][  0]SourceControl:   (use "git checkout -- <file>..." to discard changes in working directory)
[2017.11.27-02.55.48:774][  0]SourceControl: 	modified:   myArtProject/Content/Levels/GameLevel.umap
[2017.11.27-02.55.48:774][  0]SourceControl: 	modified:   myArtProject/Intermediate/CachedAssetRegistry.bin
[2017.11.27-02.55.48:774][  0]SourceControl: 	modified:   myArtProject/Saved/Autosaves/PackageRestoreData.json
[2017.11.27-02.55.48:774][  0]SourceControl: 	modified:   myArtProject/Saved/Config/Windows/Editor.ini
[2017.11.27-02.55.48:774][  0]SourceControl: 	modified:   myArtProject/Saved/Config/Windows/Engine.ini
[2017.11.27-02.55.48:774][  0]SourceControl: 	modified:   myArtProject/Saved/Logs/myArtProject.log
[2017.11.27-02.55.48:774][  0]SourceControl: Untracked files:
[2017.11.27-02.55.48:774][  0]SourceControl:   (use "git add <file>..." to include in what will be committed)
[2017.11.27-02.55.48:774][  0]SourceControl: 	myArtProject/Saved/Config/CrashReportClient/UE4CC-Windows-1983B14743D543BC2C0804AA7D5E96AF/
[2017.11.27-02.55.48:774][  0]SourceControl: 	myArtProject/Saved/Logs/myArtProject-backup-2017.11.26-18.55.26.log
[2017.11.27-02.55.48:774][  0]SourceControl: no changes added to commit (use "git add" and/or "git commit -a")
[2017.11.27-02.55.48:774][  0]LogContentStreaming: Texture pool size now 1000 MB
[2017.11.27-02.55.48:785][  0]LogSlate: Took 0.000224 seconds to synchronously load lazily loaded font '../../../Engine/Content/Slate/Fonts/Roboto-Light.ttf' (159K)
[2017.11.27-02.55.49:219][ 47]LogSlate: Took 0.000199 seconds to synchronously load lazily loaded font '../../../Engine/Content/Slate/Fonts/Roboto-Light.ttf' (159K)
[2017.11.27-02.55.50:955][132]LogSlate: Took 0.000139 seconds to synchronously load lazily loaded font '../../../Engine/Content/Slate/Fonts/Roboto-Light.ttf' (159K)
[2017.11.27-02.55.51:370][132]LogContentBrowser: Native class hierarchy updated for 'BlueprintGraph' in 0.0006 seconds. Added 116 classes and 0 folders.
[2017.11.27-02.55.53:036][132]LogSlate: Took 0.000164 seconds to synchronously load lazily loaded font '../../../Engine/Content/Editor/Slate/Fonts/Roboto-BoldCondensed.ttf' (158K)
[2017.11.27-02.56.09:251][656]LogSlate: Took 0.000189 seconds to synchronously load lazily loaded font '../../../Engine/Content/Editor/Slate/Fonts/Roboto-Italic.ttf' (157K)
[2017.11.27-02.56.56:246][640]BlueprintLog: New page: Compile Enemy2
[2017.11.27-02.56.56:774][654]LogSavePackage: Save=26.34ms
[2017.11.27-02.56.56:774][654]LogSavePackage: Moving '../../../../../../Users/Justi/Desktop/unreal_projects/EndlessClicker/artProject_TheoryOfComputation/myArtProject/Saved/Enemy2687A96EA41D84B686CAAF79FBB9E5060.tmp' to '../../../../../../Users/Justi/Desktop/unreal_projects/EndlessClicker/artProject_TheoryOfComputation/myArtProject/Content/Blueprints/Enemy2.uasset'
[2017.11.27-02.56.56:776][654]LogSavePackage: Display: Finished SavePackage ../../../../../../Users/Justi/Desktop/unreal_projects/EndlessClicker/artProject_TheoryOfComputation/myArtProject/Content/Blueprints/Enemy2.uasset
[2017.11.27-02.56.58:090][791]LogTemp: Repeating last play command: Selected Viewport
[2017.11.27-02.56.58:127][791]LogBlueprintUserMessages: Early PlayInEditor Detection: Level '/Game/Levels/GameLevel.GameLevel:PersistentLevel' has LevelScriptBlueprint '/Game/Levels/GameLevel.GameLevel:PersistentLevel.GameLevel' with GeneratedClass '/Game/Levels/GameLevel.GameLevel_C' with ClassGeneratedBy '/Game/Levels/GameLevel.GameLevel:PersistentLevel.GameLevel'
[2017.11.27-02.56.58:127][791]LogPlayLevel: PlayLevel: No blueprints needed recompiling
[2017.11.27-02.56.58:127][791]PIE: New page: PIE session: GameLevel (Nov 26, 2017, 10:56:58 AM)
[2017.11.27-02.56.58:127][791]LogPlayLevel: Creating play world package: /Game/Levels/UEDPIE_0_GameLevel
[2017.11.27-02.56.58:129][791]LogPlayLevel: PIE: StaticDuplicateObject took: (0.001129s)
[2017.11.27-02.56.58:129][791]LogAIModule: Creating AISystem for world GameLevel
[2017.11.27-02.56.58:129][791]LogPlayLevel: PIE: World Init took: (0.000530s)
[2017.11.27-02.56.58:129][791]LogPlayLevel: PIE: Created PIE world by copying editor world from /Game/Levels/GameLevel.GameLevel to /Game/Levels/UEDPIE_0_GameLevel.GameLevel (0.001870s)
[2017.11.27-02.56.58:156][791]LogInit: XAudio2 using 'Headset Earphone (HyperX 7.1 Audio)' : 2 channels at 44.1 kHz using 16 bits per sample (channel mask 0x3)
[2017.11.27-02.56.58:163][791]LogInit: FAudioDevice initialized.
[2017.11.27-02.56.58:206][791]LogLoad: Game class is 'MyGameMode_C'
[2017.11.27-02.56.58:207][791]LogWorld: Bringing World /Game/Levels/UEDPIE_0_GameLevel.GameLevel up for play (max tick rate 0) at 2017.11.26-18.56.58
[2017.11.27-02.56.58:208][791]LogWorld: Bringing up level for play took: 0.000738
[2017.11.27-02.56.58:248][791]LogContentBrowser: Native class hierarchy updated for 'MovieSceneCapture' in 0.0003 seconds. Added 11 classes and 0 folders.
[2017.11.27-02.56.58:248][791]LogGameMode: Display: Match State Changed from EnteringMap to WaitingToStart
[2017.11.27-02.56.58:248][791]LogGameState: Match State Changed from EnteringMap to WaitingToStart
[2017.11.27-02.56.58:248][791]LogGameMode: Display: Match State Changed from WaitingToStart to InProgress
[2017.11.27-02.56.58:249][791]LogGameState: Match State Changed from WaitingToStart to InProgress
[2017.11.27-02.56.58:249][791]PIE: Play in editor start time for /Game/Levels/UEDPIE_0_GameLevel 0.053
[2017.11.27-02.56.58:249][791]LogBlueprintUserMessages: Late PlayInEditor Detection: Level '/Game/Levels/GameLevel.GameLevel:PersistentLevel' has LevelScriptBlueprint '/Game/Levels/GameLevel.GameLevel:PersistentLevel.GameLevel' with GeneratedClass '/Game/Levels/GameLevel.GameLevel_C' with ClassGeneratedBy '/Game/Levels/GameLevel.GameLevel:PersistentLevel.GameLevel'
[2017.11.27-02.57.04:504][538]LogBlueprintUserMessages: Early EndPlayMap Detection: Level '/Game/Levels/GameLevel.GameLevel:PersistentLevel' has LevelScriptBlueprint '/Game/Levels/GameLevel.GameLevel:PersistentLevel.GameLevel' with GeneratedClass '/Game/Levels/GameLevel.GameLevel_C' with ClassGeneratedBy '/Game/Levels/GameLevel.GameLevel:PersistentLevel.GameLevel'
[2017.11.27-02.57.04:536][538]LogBlueprintUserMessages: Late EndPlayMap Detection: Level '/Game/Levels/GameLevel.GameLevel:PersistentLevel' has LevelScriptBlueprint '/Game/Levels/GameLevel.GameLevel:PersistentLevel.GameLevel' with GeneratedClass '/Game/Levels/GameLevel.GameLevel_C' with ClassGeneratedBy '/Game/Levels/GameLevel.GameLevel:PersistentLevel.GameLevel'
[2017.11.27-02.57.04:730][555]Cmd: SELECT NONE
[2017.11.27-03.05.55:473][569]LogSavePackage: Save=115.26ms
[2017.11.27-03.05.55:473][569]LogSavePackage: Moving '../../../../../../Users/Justi/Desktop/unreal_projects/EndlessClicker/artProject_TheoryOfComputation/myArtProject/Saved/GameLevel_Auto156D6393A4F6345B28D0D1EB3E0038075.tmp' to '../../../../../../Users/Justi/Desktop/unreal_projects/EndlessClicker/artProject_TheoryOfComputation/myArtProject/Saved/Autosaves/Game/Levels/GameLevel_Auto1.umap'
[2017.11.27-03.05.55:476][569]LogSavePackage: Display: Finished SavePackage ../../../../../../Users/Justi/Desktop/unreal_projects/EndlessClicker/artProject_TheoryOfComputation/myArtProject/Saved/Autosaves/Game/Levels/GameLevel_Auto1.umap
[2017.11.27-03.05.55:481][569]LogFileHelpers: Editor autosave (incl. sublevels) for '/Game/Levels/GameLevel' took 0.168
[2017.11.27-03.05.55:482][569]LogFileHelpers: Editor autosave (incl. sublevels) for all levels took 0.168
[2017.11.27-03.16.53:948][686]BlueprintLog: New page: Compile Enemy2
[2017.11.27-03.16.54:951][753]LogSavePackage: Save=28.21ms
[2017.11.27-03.16.54:951][753]LogSavePackage: Moving '../../../../../../Users/Justi/Desktop/unreal_projects/EndlessClicker/artProject_TheoryOfComputation/myArtProject/Saved/Enemy2AF1A3D26495B695D7766FFA6AE3BB149.tmp' to '../../../../../../Users/Justi/Desktop/unreal_projects/EndlessClicker/artProject_TheoryOfComputation/myArtProject/Content/Blueprints/Enemy2.uasset'
[2017.11.27-03.16.54:955][753]LogSavePackage: Display: Finished SavePackage ../../../../../../Users/Justi/Desktop/unreal_projects/EndlessClicker/artProject_TheoryOfComputation/myArtProject/Content/Blueprints/Enemy2.uasset
[2017.11.27-03.16.58:583][122]LogTemp: Repeating last play command: Selected Viewport
[2017.11.27-03.16.58:604][122]LogBlueprintUserMessages: Early PlayInEditor Detection: Level '/Game/Levels/GameLevel.GameLevel:PersistentLevel' has LevelScriptBlueprint '/Game/Levels/GameLevel.GameLevel:PersistentLevel.GameLevel' with GeneratedClass '/Game/Levels/GameLevel.GameLevel_C' with ClassGeneratedBy '/Game/Levels/GameLevel.GameLevel:PersistentLevel.GameLevel'
[2017.11.27-03.16.58:605][122]LogPlayLevel: PlayLevel: No blueprints needed recompiling
[2017.11.27-03.16.58:605][122]PIE: New page: PIE session: GameLevel (Nov 26, 2017, 11:16:58 AM)
[2017.11.27-03.16.58:605][122]LogPlayLevel: Creating play world package: /Game/Levels/UEDPIE_0_GameLevel
[2017.11.27-03.16.58:606][122]LogPlayLevel: PIE: StaticDuplicateObject took: (0.001391s)
[2017.11.27-03.16.58:607][122]LogAIModule: Creating AISystem for world GameLevel
[2017.11.27-03.16.58:607][122]LogPlayLevel: PIE: World Init took: (0.000745s)
[2017.11.27-03.16.58:607][122]LogPlayLevel: PIE: Created PIE world by copying editor world from /Game/Levels/GameLevel.GameLevel to /Game/Levels/UEDPIE_0_GameLevel.GameLevel (0.002421s)
[2017.11.27-03.16.58:636][122]LogInit: XAudio2 using 'Headset Earphone (HyperX 7.1 Audio)' : 2 channels at 44.1 kHz using 16 bits per sample (channel mask 0x3)
[2017.11.27-03.16.58:642][122]LogInit: FAudioDevice initialized.
[2017.11.27-03.16.58:675][122]LogLoad: Game class is 'MyGameMode_C'
[2017.11.27-03.16.58:676][122]LogWorld: Bringing World /Game/Levels/UEDPIE_0_GameLevel.GameLevel up for play (max tick rate 0) at 2017.11.26-19.16.58
[2017.11.27-03.16.58:676][122]LogWorld: Bringing up level for play took: 0.000671
[2017.11.27-03.16.58:676][122]LogGameMode: Display: Match State Changed from EnteringMap to WaitingToStart
[2017.11.27-03.16.58:677][122]LogGameState: Match State Changed from EnteringMap to WaitingToStart
[2017.11.27-03.16.58:677][122]LogGameMode: Display: Match State Changed from WaitingToStart to InProgress
[2017.11.27-03.16.58:677][122]LogGameState: Match State Changed from WaitingToStart to InProgress
[2017.11.27-03.16.58:677][122]PIE: Play in editor start time for /Game/Levels/UEDPIE_0_GameLevel 0.481
[2017.11.27-03.16.58:677][122]LogBlueprintUserMessages: Late PlayInEditor Detection: Level '/Game/Levels/GameLevel.GameLevel:PersistentLevel' has LevelScriptBlueprint '/Game/Levels/GameLevel.GameLevel:PersistentLevel.GameLevel' with GeneratedClass '/Game/Levels/GameLevel.GameLevel_C' with ClassGeneratedBy '/Game/Levels/GameLevel.GameLevel:PersistentLevel.GameLevel'
[2017.11.27-03.17.22:915][ 26]LogBlueprintUserMessages: Early EndPlayMap Detection: Level '/Game/Levels/GameLevel.GameLevel:PersistentLevel' has LevelScriptBlueprint '/Game/Levels/GameLevel.GameLevel:PersistentLevel.GameLevel' with GeneratedClass '/Game/Levels/GameLevel.GameLevel_C' with ClassGeneratedBy '/Game/Levels/GameLevel.GameLevel:PersistentLevel.GameLevel'
[2017.11.27-03.17.22:949][ 26]LogBlueprintUserMessages: Late EndPlayMap Detection: Level '/Game/Levels/GameLevel.GameLevel:PersistentLevel' has LevelScriptBlueprint '/Game/Levels/GameLevel.GameLevel:PersistentLevel.GameLevel' with GeneratedClass '/Game/Levels/GameLevel.GameLevel_C' with ClassGeneratedBy '/Game/Levels/GameLevel.GameLevel:PersistentLevel.GameLevel'
[2017.11.27-03.18.18:037][153]BlueprintLog: New page: Compile Enemy2
[2017.11.27-03.18.18:746][184]LogSavePackage: Save=30.87ms
[2017.11.27-03.18.18:746][184]LogSavePackage: Moving '../../../../../../Users/Justi/Desktop/unreal_projects/EndlessClicker/artProject_TheoryOfComputation/myArtProject/Saved/Enemy2DBD1C6704905840B57B2899AA9F9E6D5.tmp' to '../../../../../../Users/Justi/Desktop/unreal_projects/EndlessClicker/artProject_TheoryOfComputation/myArtProject/Content/Blueprints/Enemy2.uasset'
[2017.11.27-03.18.18:750][184]LogSavePackage: Display: Finished SavePackage ../../../../../../Users/Justi/Desktop/unreal_projects/EndlessClicker/artProject_TheoryOfComputation/myArtProject/Content/Blueprints/Enemy2.uasset
[2017.11.27-03.18.20:549][378]LogTemp: Repeating last play command: Selected Viewport
[2017.11.27-03.18.20:571][378]LogBlueprintUserMessages: Early PlayInEditor Detection: Level '/Game/Levels/GameLevel.GameLevel:PersistentLevel' has LevelScriptBlueprint '/Game/Levels/GameLevel.GameLevel:PersistentLevel.GameLevel' with GeneratedClass '/Game/Levels/GameLevel.GameLevel_C' with ClassGeneratedBy '/Game/Levels/GameLevel.GameLevel:PersistentLevel.GameLevel'
[2017.11.27-03.18.20:571][378]LogPlayLevel: PlayLevel: No blueprints needed recompiling
[2017.11.27-03.18.20:571][378]PIE: New page: PIE session: GameLevel (Nov 26, 2017, 11:18:20 AM)
[2017.11.27-03.18.20:571][378]LogPlayLevel: Creating play world package: /Game/Levels/UEDPIE_0_GameLevel
[2017.11.27-03.18.20:572][378]LogPlayLevel: PIE: StaticDuplicateObject took: (0.001184s)
[2017.11.27-03.18.20:573][378]LogAIModule: Creating AISystem for world GameLevel
[2017.11.27-03.18.20:573][378]LogPlayLevel: PIE: World Init took: (0.000622s)
[2017.11.27-03.18.20:573][378]LogPlayLevel: PIE: Created PIE world by copying editor world from /Game/Levels/GameLevel.GameLevel to /Game/Levels/UEDPIE_0_GameLevel.GameLevel (0.002058s)
[2017.11.27-03.18.20:601][378]LogInit: XAudio2 using 'Headset Earphone (HyperX 7.1 Audio)' : 2 channels at 44.1 kHz using 16 bits per sample (channel mask 0x3)
[2017.11.27-03.18.20:607][378]LogInit: FAudioDevice initialized.
[2017.11.27-03.18.20:643][378]LogLoad: Game class is 'MyGameMode_C'
[2017.11.27-03.18.20:643][378]LogWorld: Bringing World /Game/Levels/UEDPIE_0_GameLevel.GameLevel up for play (max tick rate 0) at 2017.11.26-19.18.20
[2017.11.27-03.18.20:644][378]LogWorld: Bringing up level for play took: 0.000767
[2017.11.27-03.18.20:644][378]LogGameMode: Display: Match State Changed from EnteringMap to WaitingToStart
[2017.11.27-03.18.20:644][378]LogGameState: Match State Changed from EnteringMap to WaitingToStart
[2017.11.27-03.18.20:644][378]LogGameMode: Display: Match State Changed from WaitingToStart to InProgress
[2017.11.27-03.18.20:645][378]LogGameState: Match State Changed from WaitingToStart to InProgress
[2017.11.27-03.18.20:645][378]PIE: Play in editor start time for /Game/Levels/UEDPIE_0_GameLevel 0.449
[2017.11.27-03.18.20:645][378]LogBlueprintUserMessages: Late PlayInEditor Detection: Level '/Game/Levels/GameLevel.GameLevel:PersistentLevel' has LevelScriptBlueprint '/Game/Levels/GameLevel.GameLevel:PersistentLevel.GameLevel' with GeneratedClass '/Game/Levels/GameLevel.GameLevel_C' with ClassGeneratedBy '/Game/Levels/GameLevel.GameLevel:PersistentLevel.GameLevel'
[2017.11.27-03.18.29:125][393]LogBlueprintUserMessages: Early EndPlayMap Detection: Level '/Game/Levels/GameLevel.GameLevel:PersistentLevel' has LevelScriptBlueprint '/Game/Levels/GameLevel.GameLevel:PersistentLevel.GameLevel' with GeneratedClass '/Game/Levels/GameLevel.GameLevel_C' with ClassGeneratedBy '/Game/Levels/GameLevel.GameLevel:PersistentLevel.GameLevel'
[2017.11.27-03.18.29:163][393]LogBlueprintUserMessages: Late EndPlayMap Detection: Level '/Game/Levels/GameLevel.GameLevel:PersistentLevel' has LevelScriptBlueprint '/Game/Levels/GameLevel.GameLevel:PersistentLevel.GameLevel' with GeneratedClass '/Game/Levels/GameLevel.GameLevel_C' with ClassGeneratedBy '/Game/Levels/GameLevel.GameLevel:PersistentLevel.GameLevel'
[2017.11.27-03.18.55:014][657]LogSavePackage: Save=116.91ms
[2017.11.27-03.18.55:014][657]LogSavePackage: Moving '../../../../../../Users/Justi/Desktop/unreal_projects/EndlessClicker/artProject_TheoryOfComputation/myArtProject/Saved/GameLevel_Auto21CB912E14DE02C4BAAB4BCA353F9F6AE.tmp' to '../../../../../../Users/Justi/Desktop/unreal_projects/EndlessClicker/artProject_TheoryOfComputation/myArtProject/Saved/Autosaves/Game/Levels/GameLevel_Auto2.umap'
[2017.11.27-03.18.55:015][657]LogSavePackage: Display: Finished SavePackage ../../../../../../Users/Justi/Desktop/unreal_projects/EndlessClicker/artProject_TheoryOfComputation/myArtProject/Saved/Autosaves/Game/Levels/GameLevel_Auto2.umap
[2017.11.27-03.18.55:017][657]LogFileHelpers: Editor autosave (incl. sublevels) for '/Game/Levels/GameLevel' took 0.158
[2017.11.27-03.18.55:017][657]LogFileHelpers: Editor autosave (incl. sublevels) for all levels took 0.158
[2017.11.27-03.22.33:576][734]BlueprintLog: New page: Compile MyGameInstance
[2017.11.27-03.22.34:175][764]LogSavePackage: Save=6.01ms
[2017.11.27-03.22.34:175][764]LogSavePackage: Moving '../../../../../../Users/Justi/Desktop/unreal_projects/EndlessClicker/artProject_TheoryOfComputation/myArtProject/Saved/MyGameInstanceA6E3715544689F22EF0396A2476760BC.tmp' to '../../../../../../Users/Justi/Desktop/unreal_projects/EndlessClicker/artProject_TheoryOfComputation/myArtProject/Content/Blueprints/MyGameInstance.uasset'
[2017.11.27-03.22.34:179][764]LogSavePackage: Display: Finished SavePackage ../../../../../../Users/Justi/Desktop/unreal_projects/EndlessClicker/artProject_TheoryOfComputation/myArtProject/Content/Blueprints/MyGameInstance.uasset
[2017.11.27-03.23.37:838][ 92]LogLinker: Warning: Can't find file '/Game/Blueprints/myGameInstance'
[2017.11.27-03.23.37:839][ 92]LogLinker: Warning: Can't find file '/Game/Blueprints/myGameInstance'
[2017.11.27-03.23.37:839][ 92]LogUObjectGlobals: Warning: Failed to find object 'Object /Game/Blueprints/myGameInstance.myGameInstance'
[2017.11.27-03.24.10:922][503]LogAssetTools: Warning: Failed to import 'C:\Users\Justi\Desktop\unreal_projects\Runner\Nux_Invaders\EvilNuxers\Content\Blueprints\myGameInstance.uasset'. Unknown extension 'uasset'.
[2017.11.27-03.25.38:952][933]BlueprintLog: New page: Compile myGameInstance
[2017.11.27-03.27.45:986][220]Cmd: CLOSE_SLATE_MAINFRAME
[2017.11.27-03.27.48:033][220]LogSavePackage: Save=118.32ms
[2017.11.27-03.27.48:033][220]LogSavePackage: Moving '../../../../../../Users/Justi/Desktop/unreal_projects/EndlessClicker/artProject_TheoryOfComputation/myArtProject/Saved/GameLevel41251F694DF66600F2A0B19143D56C14.tmp' to '../../../../../../Users/Justi/Desktop/unreal_projects/EndlessClicker/artProject_TheoryOfComputation/myArtProject/Content/Levels/GameLevel.umap'
[2017.11.27-03.27.48:036][220]LogSavePackage: Display: Finished SavePackage ../../../../../../Users/Justi/Desktop/unreal_projects/EndlessClicker/artProject_TheoryOfComputation/myArtProject/Content/Levels/GameLevel.umap
[2017.11.27-03.27.48:059][220]LogFileHelpers: Saving map 'GameLevel' took 0.234
[2017.11.27-03.27.48:136][220]LogActorComponent: UnregisterComponent: (/Engine/Transient.EditorFloorComp) Not registered. Aborting.
[2017.11.27-03.27.48:187][220]LogActorComponent: UnregisterComponent: (/Engine/Transient.EditorFloorComp) Not registered. Aborting.
[2017.11.27-03.27.48:241][220]LogActorComponent: UnregisterComponent: (/Engine/Transient.EditorFloorComp) Not registered. Aborting.
[2017.11.27-03.27.48:359][220]LogWindowsTextInputMethodSystem: Display: IME system now deactivated.
[2017.11.27-03.27.48:532][221]Cmd: QUIT_EDITOR
[2017.11.27-03.27.49:552][221]LogExit: Preparing to exit.
[2017.11.27-03.27.49:681][221]LogDirectoryWatcher: A directory notification for 'C:/Users/Justi/Desktop/unreal_projects/EndlessClicker/artProject_TheoryOfComputation/myArtProject/Content/' was aborted.
[2017.11.27-03.27.49:711][221]LogExit: Editor shut down
[2017.11.27-03.27.49:718][221]LogExit: Transaction tracking system shut down
[2017.11.27-03.27.49:897][221]LogDirectoryWatcher: A directory notification for '../../../Engine/Content/' was aborted.
[2017.11.27-03.27.49:897][221]LogDirectoryWatcher: A directory notification for '../../../../../../Users/Justi/Desktop/unreal_projects/EndlessClicker/artProject_TheoryOfComputation/myArtProject/Content/' was aborted.
[2017.11.27-03.27.49:897][221]LogDirectoryWatcher: A directory notification for '../../../Engine/Plugins/2D/Paper2D/Content/' was aborted.
[2017.11.27-03.27.49:897][221]LogDirectoryWatcher: A directory notification for '../../../Engine/Plugins/Media/MediaCompositing/Content/' was aborted.
[2017.11.27-03.27.49:897][221]LogDirectoryWatcher: A directory notification for '../../../Engine/Plugins/Runtime/AppleARKit/Content/' was aborted.
[2017.11.27-03.27.49:897][221]LogDirectoryWatcher: A directory notification for '../../../Engine/Plugins/Runtime/Oculus/OculusVR/Content/' was aborted.
[2017.11.27-03.27.49:898][221]LogDirectoryWatcher: A directory notification for '../../../Engine/Plugins/Runtime/Steam/SteamVR/Content/' was aborted.
[2017.11.27-03.27.49:977][221]LogExit: Object subsystem successfully closed.
[2017.11.27-03.27.49:996][221]LogD3D11RHI: Shutdown
[2017.11.27-03.27.49:996][221]LogD3D11RHI: CleanupD3DDevice
[2017.11.27-03.27.50:000][221]LogD3D11RHI: ~FD3D11DynamicRHI
[2017.11.27-03.27.50:020][221]LogModuleManager: Shutting down and abandoning module MovieSceneCapture (554)
[2017.11.27-03.27.50:020][221]LogModuleManager: Shutting down and abandoning module SequencerWidgets (552)
[2017.11.27-03.27.50:020][221]LogModuleManager: Shutting down and abandoning module BlueprintGraph (550)
[2017.11.27-03.27.50:020][221]LogModuleManager: Shutting down and abandoning module HierarchicalLODOutliner (548)
[2017.11.27-03.27.50:020][221]LogModuleManager: Shutting down and abandoning module SceneOutliner (546)
[2017.11.27-03.27.50:020][221]LogModuleManager: Shutting down and abandoning module AddContentDialog (544)
[2017.11.27-03.27.50:020][221]LogDirectoryWatcher: A directory notification for 'C:/Program Files/Epic Games/UE_4.18/FeaturePacks/' was aborted.
[2017.11.27-03.27.50:021][221]LogModuleManager: Shutting down and abandoning module WidgetCarousel (543)
[2017.11.27-03.27.50:021][221]LogModuleManager: Shutting down and abandoning module EditorWidgets (540)
[2017.11.27-03.27.50:021][221]LogModuleManager: Shutting down and abandoning module CollectionManager (538)
[2017.11.27-03.27.50:021][221]LogDirectoryWatcher: A directory notification for 'C:/Users/Justi/Desktop/unreal_projects/EndlessClicker/artProject_TheoryOfComputation/myArtProject/Content/Collections/' was aborted.
[2017.11.27-03.27.50:021][221]LogDirectoryWatcher: A directory notification for 'C:/Users/Justi/Desktop/unreal_projects/EndlessClicker/artProject_TheoryOfComputation/myArtProject/Content/Developers/Justi/Collections/' was aborted.
[2017.11.27-03.27.50:021][221]LogDirectoryWatcher: A directory notification for 'C:/Users/Justi/Desktop/unreal_projects/EndlessClicker/artProject_TheoryOfComputation/myArtProject/Saved/Collections/' was aborted.
[2017.11.27-03.27.50:021][221]LogModuleManager: Shutting down and abandoning module StatsViewer (536)
[2017.11.27-03.27.50:021][221]LogModuleManager: Shutting down and abandoning module FoliageEdit (534)
[2017.11.27-03.27.50:021][221]LogModuleManager: Shutting down and abandoning module LandscapeEditor (532)
[2017.11.27-03.27.50:021][221]LogModuleManager: Shutting down and abandoning module MeshPaintMode (530)
[2017.11.27-03.27.50:021][221]LogModuleManager: Shutting down and abandoning module SceneDepthPickerMode (528)
[2017.11.27-03.27.50:021][221]LogModuleManager: Shutting down and abandoning module ActorPickerMode (526)
[2017.11.27-03.27.50:021][221]LogModuleManager: Shutting down and abandoning module GeometryMode (524)
[2017.11.27-03.27.50:022][221]LogModuleManager: Shutting down and abandoning module TextureAlignMode (522)
[2017.11.27-03.27.50:022][221]LogModuleManager: Shutting down and abandoning module BspMode (520)
[2017.11.27-03.27.50:022][221]LogModuleManager: Shutting down and abandoning module PIEPreviewDeviceProfileSelector (518)
[2017.11.27-03.27.50:022][221]LogModuleManager: Shutting down and abandoning module HardwareSurvey (516)
[2017.11.27-03.27.50:022][221]LogModuleManager: Shutting down and abandoning module SequenceRecorderSections (514)
[2017.11.27-03.27.50:022][221]LogModuleManager: Shutting down and abandoning module AutomationWorker (512)
[2017.11.27-03.27.50:022][221]LogModuleManager: Shutting down and abandoning module MatineeToLevelSequence (510)
[2017.11.27-03.27.50:022][221]LogModuleManager: Shutting down and abandoning module LevelSequenceEditor (508)
[2017.11.27-03.27.50:022][221]LogModuleManager: Shutting down and abandoning module PlacementMode (507)
[2017.11.27-03.27.50:022][221]LogModuleManager: Shutting down and abandoning module WmfMediaFactory (504)
[2017.11.27-03.27.50:022][221]LogModuleManager: Shutting down and abandoning module WmfMediaEditor (502)
[2017.11.27-03.27.50:022][221]LogModuleManager: Shutting down and abandoning module OpenExrWrapper (500)
[2017.11.27-03.27.50:022][221]LogModuleManager: Shutting down and abandoning module ImgMediaFactory (498)
[2017.11.27-03.27.50:022][221]LogModuleManager: Shutting down and abandoning module ImgMediaEditor (496)
[2017.11.27-03.27.50:022][221]LogModuleManager: Shutting down and abandoning module AvfMediaFactory (494)
[2017.11.27-03.27.50:022][221]LogModuleManager: Shutting down and abandoning module AvfMediaEditor (492)
[2017.11.27-03.27.50:022][221]LogModuleManager: Shutting down and abandoning module AndroidMediaFactory (490)
[2017.11.27-03.27.50:022][221]LogModuleManager: Shutting down and abandoning module AndroidMediaEditor (488)
[2017.11.27-03.27.50:022][221]LogModuleManager: Shutting down and abandoning module CharacterAI (486)
[2017.11.27-03.27.50:022][221]LogModuleManager: Shutting down and abandoning module AudioCapture (484)
[2017.11.27-03.27.50:022][221]LogModuleManager: Shutting down and abandoning module SequenceRecorder (483)
[2017.11.27-03.27.50:022][221]LogModuleManager: Shutting down and abandoning module SmartSnapping (480)
[2017.11.27-03.27.50:022][221]LogModuleManager: Shutting down and abandoning module SessionServices (478)
[2017.11.27-03.27.50:022][221]LogModuleManager: Shutting down and abandoning module ViewportSnapping (476)
[2017.11.27-03.27.50:022][221]LogModuleManager: Shutting down and abandoning module ViewportInteraction (474)
[2017.11.27-03.27.50:022][221]LogModuleManager: Shutting down and abandoning module ClothPainter (472)
[2017.11.27-03.27.50:022][221]LogModuleManager: Shutting down and abandoning module SkeletalMeshEditor (471)
[2017.11.27-03.27.50:023][221]LogModuleManager: Shutting down and abandoning module LogVisualizer (468)
[2017.11.27-03.27.50:023][221]LogModuleManager: Shutting down and abandoning module IntroTutorials (466)
[2017.11.27-03.27.50:023][221]LogModuleManager: Shutting down and abandoning module GameProjectGeneration (465)
[2017.11.27-03.27.50:024][221]LogModuleManager: Shutting down and abandoning module IOSPlatformEditor (462)
[2017.11.27-03.27.50:024][221]LogModuleManager: Shutting down and abandoning module HTML5PlatformEditor (460)
[2017.11.27-03.27.50:024][221]LogModuleManager: Shutting down and abandoning module AndroidPlatformEditor (458)
[2017.11.27-03.27.50:024][221]LogModuleManager: Shutting down and abandoning module AndroidDeviceDetection (457)
[2017.11.27-03.27.50:340][221]LogModuleManager: Shutting down and abandoning module WindowsPlatformEditor (454)
[2017.11.27-03.27.50:340][221]LogModuleManager: Shutting down and abandoning module IOSRuntimeSettings (452)
[2017.11.27-03.27.50:340][221]LogModuleManager: Shutting down and abandoning module AndroidRuntimeSettings (450)
[2017.11.27-03.27.50:340][221]LogModuleManager: Shutting down and abandoning module InputBindingEditor (448)
[2017.11.27-03.27.50:340][221]LogModuleManager: Shutting down and abandoning module MergeActors (446)
[2017.11.27-03.27.50:341][221]LogModuleManager: Shutting down and abandoning module SizeMap (444)
[2017.11.27-03.27.50:341][221]LogModuleManager: Shutting down and abandoning module TreeMap (442)
[2017.11.27-03.27.50:341][221]LogModuleManager: Shutting down and abandoning module ReferenceViewer (440)
[2017.11.27-03.27.50:341][221]LogModuleManager: Shutting down and abandoning module LocalizationDashboard (438)
[2017.11.27-03.27.50:341][221]LogModuleManager: Shutting down and abandoning module LocalizationService (437)
[2017.11.27-03.27.50:341][221]LogModuleManager: Shutting down and abandoning module HardwareTargeting (434)
[2017.11.27-03.27.50:341][221]LogModuleManager: Shutting down and abandoning module DeviceProfileEditor (432)
[2017.11.27-03.27.50:341][221]LogModuleManager: Shutting down and abandoning module UndoHistory (430)
[2017.11.27-03.27.50:341][221]LogModuleManager: Shutting down and abandoning module XmlParser (428)
[2017.11.27-03.27.50:341][221]LogModuleManager: Shutting down and abandoning module Blutility (426)
[2017.11.27-03.27.50:341][221]LogModuleManager: Shutting down and abandoning module ProjectSettingsViewer (424)
[2017.11.27-03.27.50:341][221]LogModuleManager: Shutting down and abandoning module ProjectTargetPlatformEditor (423)
[2017.11.27-03.27.50:341][221]LogModuleManager: Shutting down and abandoning module EditorSettingsViewer (420)
[2017.11.27-03.27.50:342][221]LogModuleManager: Shutting down and abandoning module SettingsEditor (418)
[2017.11.27-03.27.50:342][221]LogModuleManager: Shutting down and abandoning module ProjectLauncher (416)
[2017.11.27-03.27.50:342][221]LogModuleManager: Shutting down and abandoning module SessionFrontend (414)
[2017.11.27-03.27.50:342][221]LogModuleManager: Shutting down and abandoning module ProfilerClient (412)
[2017.11.27-03.27.50:343][221]LogModuleManager: Shutting down and abandoning module DeviceManager (410)
[2017.11.27-03.27.50:343][221]LogModuleManager: Shutting down and abandoning module TargetDeviceServices (409)
[2017.11.27-03.27.50:408][221]LogModuleManager: Shutting down and abandoning module AutomationController (406)
[2017.11.27-03.27.50:408][221]LogModuleManager: Shutting down and abandoning module AutomationWindow (404)
[2017.11.27-03.27.50:409][221]LogModuleManager: Shutting down and abandoning module Layers (402)
[2017.11.27-03.27.50:410][221]LogModuleManager: Shutting down and abandoning module ComponentVisualizers (400)
[2017.11.27-03.27.50:410][221]LogModuleManager: Shutting down and abandoning module DetailCustomizations (398)
[2017.11.27-03.27.50:410][221]LogModuleManager: Shutting down and abandoning module PackagesDialog (396)
[2017.11.27-03.27.50:410][221]LogModuleManager: Shutting down and abandoning module Persona (394)
[2017.11.27-03.27.50:410][221]LogModuleManager: Shutting down and abandoning module AdvancedPreviewScene (393)
[2017.11.27-03.27.50:410][221]LogModuleManager: Shutting down and abandoning module AnimGraph (391)
[2017.11.27-03.27.50:411][221]LogModuleManager: Shutting down and abandoning module Kismet (388)
[2017.11.27-03.27.50:416][221]LogModuleManager: Shutting down and abandoning module ClassViewer (386)
[2017.11.27-03.27.50:417][221]LogModuleManager: Shutting down and abandoning module Toolbox (384)
[2017.11.27-03.27.50:417][221]LogModuleManager: Shutting down and abandoning module ModuleUI (382)
[2017.11.27-03.27.50:418][221]LogModuleManager: Shutting down and abandoning module MovieSceneTools (380)
[2017.11.27-03.27.50:418][221]LogModuleManager: Shutting down and abandoning module OutputLog (378)
[2017.11.27-03.27.50:418][221]LogModuleManager: Shutting down and abandoning module GammaUI (376)
[2017.11.27-03.27.50:418][221]LogModuleManager: Shutting down and abandoning module Documentation (374)
[2017.11.27-03.27.50:418][221]LogModuleManager: Shutting down and abandoning module MovieSceneTracks (372)
[2017.11.27-03.27.50:418][221]LogModuleManager: Shutting down and abandoning module MovieScene (370)
[2017.11.27-03.27.50:418][221]LogModuleManager: Shutting down and abandoning module StreamingPauseRendering (368)
[2017.11.27-03.27.50:418][221]LogModuleManager: Shutting down and abandoning module LauncherPlatform (366)
[2017.11.27-03.27.50:418][221]LogModuleManager: Shutting down and abandoning module AnalyticsET (364)
[2017.11.27-03.27.50:418][221]LogModuleManager: Shutting down and abandoning module PortalServices (362)
[2017.11.27-03.27.50:418][221]LogModuleManager: Shutting down and abandoning module PortalRpc (360)
[2017.11.27-03.27.50:418][221]LogModuleManager: Shutting down and abandoning module MessagingRpc (358)
[2017.11.27-03.27.50:418][221]LogModuleManager: Shutting down and abandoning module AIModule (356)
[2017.11.27-03.27.50:418][221]LogModuleManager: Shutting down and abandoning module GameplayDebugger (355)
[2017.11.27-03.27.50:418][221]LogModuleManager: Shutting down and abandoning module AITestSuite (353)
[2017.11.27-03.27.50:418][221]LogModuleManager: Shutting down and abandoning module DesktopPlatform (350)
[2017.11.27-03.27.50:418][221]LogModuleManager: Shutting down and abandoning module ProfilerService (348)
[2017.11.27-03.27.50:580][221]LogModuleManager: Shutting down and abandoning module TaskGraph (346)
[2017.11.27-03.27.50:580][221]LogModuleManager: Shutting down and abandoning module SteamVRController (344)
[2017.11.27-03.27.50:580][221]LogModuleManager: Shutting down and abandoning module ProceduralMeshComponentEditor (342)
[2017.11.27-03.27.50:580][221]LogModuleManager: Shutting down and abandoning module ProceduralMeshComponent (340)
[2017.11.27-03.27.50:580][221]LogModuleManager: Shutting down and abandoning module OculusInput (338)
[2017.11.27-03.27.50:580][221]LogModuleManager: Shutting down and abandoning module MobilePatchingUtils (336)
[2017.11.27-03.27.50:580][221]LogModuleManager: Shutting down and abandoning module CustomMeshComponent (334)
[2017.11.27-03.27.50:580][221]LogModuleManager: Shutting down and abandoning module CableComponent (332)
[2017.11.27-03.27.50:580][221]LogModuleManager: Shutting down and abandoning module ArchVisCharacter (330)
[2017.11.27-03.27.50:580][221]LogModuleManager: Shutting down and abandoning module AndroidPermission (328)
[2017.11.27-03.27.50:580][221]LogModuleManager: Shutting down and abandoning module ActorSequence (324)
[2017.11.27-03.27.50:580][221]LogModuleManager: Shutting down and abandoning module MediaPlayerEditor (322)
[2017.11.27-03.27.50:581][221]LogModuleManager: Shutting down and abandoning module MediaCompositingEditor (320)
[2017.11.27-03.27.50:581][221]LogModuleManager: Shutting down and abandoning module MediaCompositing (318)
[2017.11.27-03.27.50:581][221]LogModuleManager: Shutting down and abandoning module HTML5Networking (316)
[2017.11.27-03.27.50:581][221]LogModuleManager: Shutting down and abandoning module AlembicImporter (314)
[2017.11.27-03.27.50:581][221]LogModuleManager: Shutting down and abandoning module AlembicLibrary (313)
[2017.11.27-03.27.50:581][221]LogModuleManager: Shutting down and abandoning module GeometryCache (312)
[2017.11.27-03.27.50:581][221]LogModuleManager: Shutting down and abandoning module GeometryCacheEd (311)
[2017.11.27-03.27.50:581][221]LogModuleManager: Shutting down and abandoning module SpeedTreeImporter (306)
[2017.11.27-03.27.50:581][221]LogModuleManager: Shutting down and abandoning module PluginBrowser (304)
[2017.11.27-03.27.50:581][221]LogModuleManager: Shutting down and abandoning module MobileLauncherProfileWizard (302)
[2017.11.27-03.27.50:582][221]LogModuleManager: Shutting down and abandoning module VisualStudioSourceCodeAccess (300)
[2017.11.27-03.27.50:582][221]LogModuleManager: Shutting down and abandoning module VisualStudioCodeSourceCodeAccess (298)
[2017.11.27-03.27.50:582][221]LogModuleManager: Shutting down and abandoning module UObjectPlugin (296)
[2017.11.27-03.27.50:582][221]LogModuleManager: Shutting down and abandoning module SubversionSourceControl (294)
[2017.11.27-03.27.50:582][221]LogModuleManager: Shutting down and abandoning module PerforceSourceControl (292)
[2017.11.27-03.27.50:582][221]LogModuleManager: Shutting down and abandoning module GitSourceControl (290)
[2017.11.27-03.27.50:582][221]LogModuleManager: Shutting down and abandoning module SourceControl (289)
[2017.11.27-03.27.50:582][221]LogModuleManager: Shutting down and abandoning module LightPropagationVolumeEditor (286)
[2017.11.27-03.27.50:582][221]LogModuleManager: Shutting down and abandoning module PaperTiledImporter (284)
[2017.11.27-03.27.50:582][221]LogModuleManager: Shutting down and abandoning module PaperSpriteSheetImporter (282)
[2017.11.27-03.27.50:582][221]LogModuleManager: Shutting down and abandoning module Paper2DEditor (280)
[2017.11.27-03.27.50:582][221]LogModuleManager: Shutting down and abandoning module MeshPaint (279)
[2017.11.27-03.27.50:582][221]LogModuleManager: Shutting down and abandoning module LevelEditor (277)
[2017.11.27-03.27.50:583][221]LogModuleManager: Shutting down and abandoning module PixelInspectorModule (276)
[2017.11.27-03.27.50:583][221]LogModuleManager: Shutting down and abandoning module MainFrame (274)
[2017.11.27-03.27.50:583][221]LogModuleManager: Shutting down and abandoning module HotReload (273)
[2017.11.27-03.27.50:583][221]LogModuleManager: Shutting down and abandoning module RuntimePhysXCooking (268)
[2017.11.27-03.27.50:583][221]LogModuleManager: Shutting down and abandoning module PhysXVehiclesEditor (266)
[2017.11.27-03.27.50:583][221]LogModuleManager: Shutting down and abandoning module PhysXVehicles (264)
[2017.11.27-03.27.50:583][221]LogModuleManager: Shutting down and abandoning module OculusEditor (262)
[2017.11.27-03.27.50:583][221]LogModuleManager: Shutting down and abandoning module LocationServicesBPLibrary (260)
[2017.11.27-03.27.50:583][221]LogModuleManager: Shutting down and abandoning module ImmediatePhysicsEditor (258)
[2017.11.27-03.27.50:583][221]LogModuleManager: Shutting down and abandoning module ImmediatePhysics (256)
[2017.11.27-03.27.50:583][221]LogModuleManager: Shutting down and abandoning module UdpMessaging (254)
[2017.11.27-03.27.50:685][221]LogModuleManager: Shutting down and abandoning module TcpMessaging (252)
[2017.11.27-03.27.50:786][221]LogModuleManager: Shutting down and abandoning module GameplayTagsEditor (250)
[2017.11.27-03.27.50:786][221]LogModuleManager: Shutting down and abandoning module FacialAnimationEditor (248)
[2017.11.27-03.27.50:786][221]LogModuleManager: Shutting down and abandoning module FacialAnimation (246)
[2017.11.27-03.27.50:786][221]LogModuleManager: Shutting down and abandoning module AssetManagerEditor (244)
[2017.11.27-03.27.50:786][221]LogModuleManager: Shutting down and abandoning module GraphEditor (243)
[2017.11.27-03.27.50:786][221]LogModuleManager: Shutting down and abandoning module ContentBrowser (241)
[2017.11.27-03.27.50:787][221]LogModuleManager: Shutting down and abandoning module LightPropagationVolumeRuntime (238)
[2017.11.27-03.27.50:787][221]LogModuleManager: Shutting down and abandoning module Paper2D (236)
[2017.11.27-03.27.50:787][221]LogModuleManager: Shutting down and abandoning module WindowsMoviePlayer (234)
[2017.11.27-03.27.50:787][221]LogModuleManager: Shutting down and abandoning module WmfMedia (232)
[2017.11.27-03.27.50:787][221]LogModuleManager: Shutting down and abandoning module ImgMedia (230)
[2017.11.27-03.27.50:787][221]LogModuleManager: Shutting down and abandoning module PacketHandler (228)
[2017.11.27-03.27.50:787][221]LogModuleManager: Shutting down and abandoning module ClothingSystemEditor (226)
[2017.11.27-03.27.50:787][221]LogModuleManager: Shutting down and abandoning module ClothingSystemRuntime (224)
[2017.11.27-03.27.50:788][221]LogModuleManager: Shutting down and abandoning module MediaAssets (222)
[2017.11.27-03.27.50:788][221]LogModuleManager: Shutting down and abandoning module Media (221)
[2017.11.27-03.27.50:794][221]LogModuleManager: Shutting down and abandoning module Overlay (218)
[2017.11.27-03.27.50:794][221]LogModuleManager: Shutting down and abandoning module OverlayEditor (217)
[2017.11.27-03.27.50:794][221]LogModuleManager: Shutting down and abandoning module VREditor (214)
[2017.11.27-03.27.50:795][221]LogModuleManager: Shutting down and abandoning module StringTableEditor (212)
[2017.11.27-03.27.50:795][221]LogModuleManager: Shutting down and abandoning module GameplayTasksEditor (210)
[2017.11.27-03.27.50:795][221]LogModuleManager: Shutting down and abandoning module BehaviorTreeEditor (208)
[2017.11.27-03.27.50:795][221]LogModuleManager: Shutting down and abandoning module FunctionalTesting (206)
[2017.11.27-03.27.50:795][221]LogModuleManager: Shutting down and abandoning module CollisionAnalyzer (204)
[2017.11.27-03.27.50:795][221]LogModuleManager: Shutting down and abandoning module WorkspaceMenuStructure (203)
[2017.11.27-03.27.50:796][221]LogModuleManager: Shutting down and abandoning module UMG (200)
[2017.11.27-03.27.50:796][221]LogModuleManager: Shutting down and abandoning module UMGEditor (199)
[2017.11.27-03.27.50:796][221]LogModuleManager: Shutting down and abandoning module Sequencer (198)
[2017.11.27-03.27.50:796][221]LogModuleManager: Shutting down and abandoning module MessageLog (195)
[2017.11.27-03.27.50:796][221]LogModuleManager: Shutting down and abandoning module SlateReflector (190)
[2017.11.27-03.27.50:796][221]LogModuleManager: Shutting down and abandoning module Slate (188)
[2017.11.27-03.27.50:796][221]LogModuleManager: Shutting down and abandoning module EditorStyle (186)
[2017.11.27-03.27.50:798][221]LogModuleManager: Shutting down and abandoning module MRMesh (184)
[2017.11.27-03.27.50:798][221]LogModuleManager: Shutting down and abandoning module SourceCodeAccess (182)
[2017.11.27-03.27.50:798][221]LogModuleManager: Shutting down and abandoning module HeadMountedDisplay (180)
[2017.11.27-03.27.50:798][221]LogModuleManager: Shutting down and abandoning module XAudio2 (178)
[2017.11.27-03.27.50:798][221]LogModuleManager: Shutting down and abandoning module Networking (176)
[2017.11.27-03.27.50:799][221]LogModuleManager: Shutting down and abandoning module Core (172)
[2017.11.27-03.27.50:799][221]LogModuleManager: Shutting down and abandoning module LevelSequence (168)
[2017.11.27-03.27.50:799][221]LogModuleManager: Shutting down and abandoning module DirectoryWatcher (166)
[2017.11.27-03.27.50:800][221]LogModuleManager: Shutting down and abandoning module KismetCompiler (164)
[2017.11.27-03.27.50:800][221]LogModuleManager: Shutting down and abandoning module MeshUtilities (162)
[2017.11.27-03.27.50:800][221]LogModuleManager: Shutting down and abandoning module MeshMergeUtilities (161)
[2017.11.27-03.27.50:800][221]LogModuleManager: Shutting down and abandoning module MeshReductionInterface (160)
[2017.11.27-03.27.50:800][221]LogModuleManager: Shutting down and abandoning module SimplygonSwarm (159)
[2017.11.27-03.27.50:800][221]LogModuleManager: Shutting down and abandoning module SimplygonMeshReduction (157)
[2017.11.27-03.27.50:800][221]LogModuleManager: Shutting down and abandoning module QuadricMeshReduction (155)
[2017.11.27-03.27.50:800][221]LogModuleManager: Shutting down and abandoning module MaterialBaking (151)
[2017.11.27-03.27.50:800][221]LogModuleManager: Shutting down and abandoning module DerivedDataCache (148)
[2017.11.27-03.27.50:881][221]LogDerivedDataCache: Shutdown
[2017.11.27-03.27.50:881][221]LogModuleManager: Shutting down and abandoning module TargetPlatform (146)
[2017.11.27-03.27.50:881][221]LogModuleManager: Shutting down and abandoning module VulkanShaderFormat (145)
[2017.11.27-03.27.50:881][221]LogModuleManager: Shutting down and abandoning module ShaderFormatVectorVM (143)
[2017.11.27-03.27.50:882][221]LogModuleManager: Shutting down and abandoning module ShaderFormatOpenGL (141)
[2017.11.27-03.27.50:882][221]LogModuleManager: Shutting down and abandoning module ShaderFormatD3D (139)
[2017.11.27-03.27.50:882][221]LogModuleManager: Shutting down and abandoning module MetalShaderFormat (137)
[2017.11.27-03.27.50:882][221]LogModuleManager: Shutting down and abandoning module TextureFormatUncompressed (135)
[2017.11.27-03.27.50:882][221]LogModuleManager: Shutting down and abandoning module TextureFormatPVR (133)
[2017.11.27-03.27.50:882][221]LogModuleManager: Shutting down and abandoning module TextureFormatDXT (131)
[2017.11.27-03.27.50:882][221]LogModuleManager: Shutting down and abandoning module TextureFormatIntelISPCTexComp (129)
[2017.11.27-03.27.50:882][221]LogModuleManager: Shutting down and abandoning module TextureFormatASTC (127)
[2017.11.27-03.27.50:882][221]LogModuleManager: Shutting down and abandoning module ImageWrapper (126)
[2017.11.27-03.27.50:882][221]LogModuleManager: Shutting down and abandoning module TextureFormatAndroid (123)
[2017.11.27-03.27.50:882][221]LogModuleManager: Shutting down and abandoning module AudioFormatOpus (121)
[2017.11.27-03.27.50:882][221]LogModuleManager: Shutting down and abandoning module AudioFormatOgg (119)
[2017.11.27-03.27.50:882][221]LogModuleManager: Shutting down and abandoning module AudioFormatADPCM (117)
[2017.11.27-03.27.50:882][221]LogModuleManager: Shutting down and abandoning module LinuxTargetPlatform (115)
[2017.11.27-03.27.50:882][221]LogModuleManager: Shutting down and abandoning module LinuxServerTargetPlatform (113)
[2017.11.27-03.27.50:882][221]LogModuleManager: Shutting down and abandoning module LinuxNoEditorTargetPlatform (111)
[2017.11.27-03.27.50:882][221]LogModuleManager: Shutting down and abandoning module LinuxClientTargetPlatform (109)
[2017.11.27-03.27.50:882][221]LogModuleManager: Shutting down and abandoning module TVOSTargetPlatform (107)
[2017.11.27-03.27.50:883][221]LogModuleManager: Shutting down and abandoning module Messaging (105)
[2017.11.27-03.27.50:883][221]LogModuleManager: Shutting down and abandoning module IOSTargetPlatform (103)
[2017.11.27-03.27.50:883][221]LogModuleManager: Shutting down and abandoning module HTML5TargetPlatform (101)
[2017.11.27-03.27.50:883][221]LogModuleManager: Shutting down and abandoning module AndroidTargetPlatform (99)
[2017.11.27-03.27.50:883][221]LogModuleManager: Shutting down and abandoning module Android_PVRTCTargetPlatform (97)
[2017.11.27-03.27.50:883][221]LogModuleManager: Shutting down and abandoning module Android_MultiTargetPlatform (95)
[2017.11.27-03.27.50:883][221]LogModuleManager: Shutting down and abandoning module Android_ETC2TargetPlatform (93)
[2017.11.27-03.27.50:883][221]LogModuleManager: Shutting down and abandoning module Android_ETC1TargetPlatform (91)
[2017.11.27-03.27.50:883][221]LogModuleManager: Shutting down and abandoning module Android_DXTTargetPlatform (89)
[2017.11.27-03.27.50:883][221]LogModuleManager: Shutting down and abandoning module Android_ATCTargetPlatform (87)
[2017.11.27-03.27.50:883][221]LogModuleManager: Shutting down and abandoning module Android_ASTCTargetPlatform (85)
[2017.11.27-03.27.50:883][221]LogModuleManager: Shutting down and abandoning module WindowsTargetPlatform (83)
[2017.11.27-03.27.50:883][221]LogModuleManager: Shutting down and abandoning module WindowsServerTargetPlatform (81)
[2017.11.27-03.27.50:883][221]LogModuleManager: Shutting down and abandoning module WindowsNoEditorTargetPlatform (79)
[2017.11.27-03.27.50:883][221]LogModuleManager: Shutting down and abandoning module WindowsClientTargetPlatform (77)
[2017.11.27-03.27.50:883][221]LogModuleManager: Shutting down and abandoning module MacTargetPlatform (75)
[2017.11.27-03.27.50:883][221]LogModuleManager: Shutting down and abandoning module MacServerTargetPlatform (73)
[2017.11.27-03.27.50:883][221]LogModuleManager: Shutting down and abandoning module MacNoEditorTargetPlatform (71)
[2017.11.27-03.27.50:883][221]LogModuleManager: Shutting down and abandoning module MacClientTargetPlatform (69)
[2017.11.27-03.27.50:883][221]LogModuleManager: Shutting down and abandoning module AllDesktopTargetPlatform (67)
[2017.11.27-03.27.50:883][221]LogModuleManager: Shutting down and abandoning module InputCore (64)
[2017.11.27-03.27.50:883][221]LogModuleManager: Shutting down and abandoning module Settings (62)
[2017.11.27-03.27.50:883][221]LogModuleManager: Shutting down and abandoning module PhysXCooking (60)
[2017.11.27-03.27.50:883][221]LogModuleManager: Shutting down and abandoning module SteamVR (58)
[2017.11.27-03.27.50:883][221]LogModuleManager: Shutting down and abandoning module OculusHMD (56)
[2017.11.27-03.27.50:883][221]LogModuleManager: Shutting down and abandoning module ExampleDeviceProfileSelector (54)
[2017.11.27-03.27.50:883][221]LogModuleManager: Shutting down and abandoning module AppleARKit (52)
[2017.11.27-03.27.50:883][221]LogModuleManager: Shutting down and abandoning module AugmentedReality (51)
[2017.11.27-03.27.50:883][221]LogModuleManager: Shutting down and abandoning module OnlineBlueprintSupport (48)
[2017.11.27-03.27.50:883][221]LogModuleManager: Shutting down and abandoning module OnlineSubsystem (44)
[2017.11.27-03.27.50:883][221]LogModuleManager: Shutting down and abandoning module XMPP (43)
[2017.11.27-03.27.50:884][221]LogModuleManager: Shutting down and abandoning module HTTP (41)
[2017.11.27-03.27.50:884][221]LogHttp: Display: Http module shutting down, but needs to wait on 2 outstanding Http requests:
[2017.11.27-03.27.50:884][221]LogHttp: Display: 	verb=[POST] url=[https://datarouter.ol.epicgames.com/datarouter/api/v1/public/data?SessionID=%7B0C08E603-4001-DF32-8E4B-70A735867D2A%7D&AppID=UEEditor.Rocket.Release&AppVersion=4.18.1-3754814%2B%2B%2BUE4%2BRelease-4.18&UserID=356698e045465eb8ce0f39a76ec7a41f%7C8a27338fff0c4d60938334fbdcce22e3%7C4efc4ff0-efab-4628-8db1-6b07e8200c4a&AppEnvironment=datacollector-binary&UploadType=eteventstream] status=Processing
[2017.11.27-03.27.50:884][221]LogHttp: Display: 	verb=[POST] url=[https://datarouter.ol.epicgames.com/datarouter/api/v1/public/data?SessionID=%7B0C08E603-4001-DF32-8E4B-70A735867D2A%7D&AppID=UEEditor.Rocket.Release&AppVersion=4.18.1-3754814%2B%2B%2BUE4%2BRelease-4.18&UserID=356698e045465eb8ce0f39a76ec7a41f%7C8a27338fff0c4d60938334fbdcce22e3%7C4efc4ff0-efab-4628-8db1-6b07e8200c4a&AppEnvironment=datacollector-binary&UploadType=eteventstream] status=Processing
[2017.11.27-03.27.50:910][221]LogModuleManager: Shutting down and abandoning module SSL (40)
[2017.11.27-03.27.50:911][221]LogModuleManager: Shutting down and abandoning module AnimationModifiers (36)
[2017.11.27-03.27.50:911][221]LogModuleManager: Shutting down and abandoning module PropertyEditor (35)
[2017.11.27-03.27.50:911][221]LogModuleManager: Shutting down and abandoning module AudioEditor (32)
[2017.11.27-03.27.50:911][221]LogModuleManager: Shutting down and abandoning module TextureCompressor (30)
[2017.11.27-03.27.50:911][221]LogModuleManager: Shutting down and abandoning module ShaderCore (28)
[2017.11.27-03.27.50:912][221]LogModuleManager: Shutting down and abandoning module Landscape (26)
[2017.11.27-03.27.50:912][221]LogModuleManager: Shutting down and abandoning module SlateRHIRenderer (24)
[2017.11.27-03.27.50:913][221]LogModuleManager: Shutting down and abandoning module OpenGLDrv (22)
[2017.11.27-03.27.50:913][221]LogModuleManager: Shutting down and abandoning module D3D11RHI (20)
[2017.11.27-03.27.50:913][221]LogModuleManager: Shutting down and abandoning module AnimGraphRuntime (18)
[2017.11.27-03.27.50:913][221]LogModuleManager: Shutting down and abandoning module Renderer (16)
[2017.11.27-03.27.50:913][221]LogModuleManager: Shutting down and abandoning module Engine (14)
[2017.11.27-03.27.50:913][221]LogModuleManager: Shutting down and abandoning module CoreUObject (12)
[2017.11.27-03.27.50:913][221]LogModuleManager: Shutting down and abandoning module NetworkFile (10)
[2017.11.27-03.27.50:913][221]LogModuleManager: Shutting down and abandoning module CookedIterativeFile (8)
[2017.11.27-03.27.50:913][221]LogModuleManager: Shutting down and abandoning module StreamingFile (6)
[2017.11.27-03.27.50:913][221]LogModuleManager: Shutting down and abandoning module SandboxFile (4)
[2017.11.27-03.27.50:913][221]LogModuleManager: Shutting down and abandoning module PakFile (2)
[2017.11.27-03.27.50:916][221]LogExit: Exiting.
[2017.11.27-03.27.50:930][221]Log file closed, 11/26/17 19:27:50
