Log file open, 11/28/17 21:48:47
LogWindows: Failed to load 'aqProf.dll' (GetLastError=126)
LogWindows: File 'aqProf.dll' does not exist
LogWindows: Failed to load 'VtuneApi.dll' (GetLastError=126)
LogWindows: File 'VtuneApi.dll' does not exist
LogWindows: Failed to load 'VtuneApi32e.dll' (GetLastError=126)
LogWindows: File 'VtuneApi32e.dll' does not exist
LogInit: Display: Running engine for game: myArtProject
LogPlatformFile: Not using cached read wrapper
LogInit: Display: RandInit(-1269984136) SRandInit(-1269984136).
LogInit: Read version file with build ID '3709383'
LogInit: Overriding engine version to CL 3754814, compatible CL 3709383
LogInit: Registered custom module enumerator with build ID '3709383'
LogTaskGraph: Started task graph with 5 named threads and 14 total threads with 3 sets of task threads.
LogStats: Stats thread started at 0.169590
LogD3D11RHI: Aftermath initialized
LogModuleManager: Display: Found up-to-date module file ../../../Engine/Plugins/2D/Paper2D/Binaries/Win64/UE4Editor-Paper2D.dll (API version 3709383).
LogModuleManager: Display: Found up-to-date module file ../../../Engine/Plugins/2D/Paper2D/Binaries/Win64/UE4Editor-Paper2DEditor.dll (API version 3709383).
LogModuleManager: Display: Found up-to-date module file ../../../Engine/Plugins/2D/Paper2D/Binaries/Win64/UE4Editor-PaperSpriteSheetImporter.dll (API version 3709383).
LogModuleManager: Display: Found up-to-date module file ../../../Engine/Plugins/2D/Paper2D/Binaries/Win64/UE4Editor-PaperTiledImporter.dll (API version 3709383).
LogModuleManager: Display: Found up-to-date module file ../../../Engine/Plugins/2D/Paper2D/Binaries/Win64/UE4Editor-SmartSnapping.dll (API version 3709383).
LogModuleManager: Display: Found up-to-date module file ../../../Engine/Plugins/Blendables/LightPropagationVolume/Binaries/Win64/UE4Editor-LightPropagationVolumeRuntime.dll (API version 3709383).
LogModuleManager: Display: Found up-to-date module file ../../../Engine/Plugins/Blendables/LightPropagationVolume/Binaries/Win64/UE4Editor-LightPropagationVolumeEditor.dll (API version 3709383).
LogModuleManager: Display: Found up-to-date module file ../../../Engine/Plugins/Developer/GitSourceControl/Binaries/Win64/UE4Editor-GitSourceControl.dll (API version 3709383).
LogModuleManager: Display: Found up-to-date module file ../../../Engine/Plugins/Developer/PerforceSourceControl/Binaries/Win64/UE4Editor-PerforceSourceControl.dll (API version 3709383).
LogModuleManager: Display: Found up-to-date module file ../../../Engine/Plugins/Developer/SubversionSourceControl/Binaries/Win64/UE4Editor-SubversionSourceControl.dll (API version 3709383).
LogModuleManager: Display: Found up-to-date module file ../../../Engine/Plugins/Developer/UObjectPlugin/Binaries/Win64/UE4Editor-UObjectPlugin.dll (API version 3709383).
LogModuleManager: Display: Found up-to-date module file ../../../Engine/Plugins/Developer/VisualStudioCodeSourceCodeAccess/Binaries/Win64/UE4Editor-VisualStudioCodeSourceCodeAccess.dll (API version 3709383).
LogModuleManager: Display: Found up-to-date module file ../../../Engine/Plugins/Developer/VisualStudioSourceCodeAccess/Binaries/Win64/UE4Editor-VisualStudioSourceCodeAccess.dll (API version 3709383).
LogModuleManager: Display: Found up-to-date module file ../../../Engine/Plugins/Editor/AssetManagerEditor/Binaries/Win64/UE4Editor-AssetManagerEditor.dll (API version 3709383).
LogModuleManager: Display: Found up-to-date module file ../../../Engine/Plugins/Editor/AudioCapture/Binaries/Win64/UE4Editor-AudioCapture.dll (API version 3709383).
LogModuleManager: Display: Found up-to-date module file ../../../Engine/Plugins/Editor/FacialAnimation/Binaries/Win64/UE4Editor-FacialAnimation.dll (API version 3709383).
LogModuleManager: Display: Found up-to-date module file ../../../Engine/Plugins/Editor/FacialAnimation/Binaries/Win64/UE4Editor-FacialAnimationEditor.dll (API version 3709383).
LogModuleManager: Display: Found up-to-date module file ../../../Engine/Plugins/Editor/GameplayTagsEditor/Binaries/Win64/UE4Editor-GameplayTagsEditor.dll (API version 3709383).
LogModuleManager: Display: Found up-to-date module file ../../../Engine/Plugins/Editor/MobileLauncherProfileWizard/Binaries/Win64/UE4Editor-MobileLauncherProfileWizard.dll (API version 3709383).
LogModuleManager: Display: Found up-to-date module file ../../../Engine/Plugins/Editor/PluginBrowser/Binaries/Win64/UE4Editor-PluginBrowser.dll (API version 3709383).
LogModuleManager: Display: Found up-to-date module file ../../../Engine/Plugins/Editor/SpeedTreeImporter/Binaries/Win64/UE4Editor-SpeedTreeImporter.dll (API version 3709383).
LogModuleManager: Display: Found up-to-date module file ../../../Engine/Plugins/Experimental/AlembicImporter/Binaries/Win64/UE4Editor-AlembicImporter.dll (API version 3709383).
LogModuleManager: Display: Found up-to-date module file ../../../Engine/Plugins/Experimental/AlembicImporter/Binaries/Win64/UE4Editor-AlembicLibrary.dll (API version 3709383).
LogModuleManager: Display: Found up-to-date module file ../../../Engine/Plugins/Experimental/CharacterAI/Binaries/Win64/UE4Editor-CharacterAI.dll (API version 3709383).
LogModuleManager: Display: Found up-to-date module file ../../../Engine/Plugins/Experimental/HTML5Networking/Binaries/Win64/UE4Editor-HTML5Networking.dll (API version 3709383).
LogModuleManager: Display: Found up-to-date module file ../../../Engine/Plugins/Media/AndroidMedia/Binaries/Win64/UE4Editor-AndroidMediaEditor.dll (API version 3709383).
LogModuleManager: Display: Found up-to-date module file ../../../Engine/Plugins/Media/AndroidMedia/Binaries/Win64/UE4Editor-AndroidMediaFactory.dll (API version 3709383).
LogModuleManager: Display: Found up-to-date module file ../../../Engine/Plugins/Media/AvfMedia/Binaries/Win64/UE4Editor-AvfMediaEditor.dll (API version 3709383).
LogModuleManager: Display: Found up-to-date module file ../../../Engine/Plugins/Media/AvfMedia/Binaries/Win64/UE4Editor-AvfMediaFactory.dll (API version 3709383).
LogModuleManager: Display: Found up-to-date module file ../../../Engine/Plugins/Media/AvfMedia/Binaries/Win64/UE4Editor-AvfMediaFactory.dll (API version 3709383).
LogModuleManager: Display: Found up-to-date module file ../../../Engine/Plugins/Media/ImgMedia/Binaries/Win64/UE4Editor-ImgMedia.dll (API version 3709383).
LogModuleManager: Display: Found up-to-date module file ../../../Engine/Plugins/Media/ImgMedia/Binaries/Win64/UE4Editor-ImgMediaEditor.dll (API version 3709383).
LogModuleManager: Display: Found up-to-date module file ../../../Engine/Plugins/Media/ImgMedia/Binaries/Win64/UE4Editor-ImgMediaFactory.dll (API version 3709383).
LogModuleManager: Display: Found up-to-date module file ../../../Engine/Plugins/Media/ImgMedia/Binaries/Win64/UE4Editor-ImgMediaFactory.dll (API version 3709383).
LogModuleManager: Display: Found up-to-date module file ../../../Engine/Plugins/Media/ImgMedia/Binaries/Win64/UE4Editor-OpenExrWrapper.dll (API version 3709383).
LogModuleManager: Display: Found up-to-date module file ../../../Engine/Plugins/Media/MediaCompositing/Binaries/Win64/UE4Editor-MediaCompositing.dll (API version 3709383).
LogModuleManager: Display: Found up-to-date module file ../../../Engine/Plugins/Media/MediaCompositing/Binaries/Win64/UE4Editor-MediaCompositingEditor.dll (API version 3709383).
LogModuleManager: Display: Found up-to-date module file ../../../Engine/Plugins/Media/MediaPlayerEditor/Binaries/Win64/UE4Editor-MediaPlayerEditor.dll (API version 3709383).
LogModuleManager: Display: Found up-to-date module file ../../../Engine/Plugins/Media/WmfMedia/Binaries/Win64/UE4Editor-WmfMedia.dll (API version 3709383).
LogModuleManager: Display: Found up-to-date module file ../../../Engine/Plugins/Media/WmfMedia/Binaries/Win64/UE4Editor-WmfMediaEditor.dll (API version 3709383).
LogModuleManager: Display: Found up-to-date module file ../../../Engine/Plugins/Media/WmfMedia/Binaries/Win64/UE4Editor-WmfMediaFactory.dll (API version 3709383).
LogModuleManager: Display: Found up-to-date module file ../../../Engine/Plugins/Media/WmfMedia/Binaries/Win64/UE4Editor-WmfMediaFactory.dll (API version 3709383).
LogModuleManager: Display: Found up-to-date module file ../../../Engine/Plugins/Messaging/TcpMessaging/Binaries/Win64/UE4Editor-TcpMessaging.dll (API version 3709383).
LogModuleManager: Display: Found up-to-date module file ../../../Engine/Plugins/Messaging/UdpMessaging/Binaries/Win64/UE4Editor-UdpMessaging.dll (API version 3709383).
LogModuleManager: Display: Found up-to-date module file ../../../Engine/Plugins/MovieScene/ActorSequence/Binaries/Win64/UE4Editor-ActorSequence.dll (API version 3709383).
LogModuleManager: Display: Found up-to-date module file ../../../Engine/Plugins/MovieScene/LevelSequenceEditor/Binaries/Win64/UE4Editor-LevelSequenceEditor.dll (API version 3709383).
LogModuleManager: Display: Found up-to-date module file ../../../Engine/Plugins/MovieScene/MatineeToLevelSequence/Binaries/Win64/UE4Editor-MatineeToLevelSequence.dll (API version 3709383).
LogModuleManager: Display: Found up-to-date module file ../../../Engine/Plugins/Online/OnlineSubsystem/Binaries/Win64/UE4Editor-OnlineSubsystem.dll (API version 3709383).
LogModuleManager: Display: Found up-to-date module file ../../../Engine/Plugins/Runtime/AndroidPermission/Binaries/Win64/UE4Editor-AndroidPermission.dll (API version 3709383).
LogModuleManager: Display: Found up-to-date module file ../../../Engine/Plugins/Online/OnlineSubsystemNull/Binaries/Win64/UE4Editor-OnlineSubsystemNull.dll (API version 3709383).
LogModuleManager: Display: Found up-to-date module file ../../../Engine/Plugins/Online/OnlineSubsystemUtils/Binaries/Win64/UE4Editor-OnlineSubsystemUtils.dll (API version 3709383).
LogModuleManager: Display: Found up-to-date module file ../../../Engine/Plugins/Online/OnlineSubsystemUtils/Binaries/Win64/UE4Editor-OnlineBlueprintSupport.dll (API version 3709383).
LogModuleManager: Display: Found up-to-date module file ../../../Engine/Plugins/Runtime/AndroidDeviceProfileSelector/Binaries/Win64/UE4Editor-AndroidDeviceProfileSelector.dll (API version 3709383).
LogModuleManager: Display: Found up-to-date module file ../../../Engine/Plugins/Runtime/AppleARKit/Binaries/Win64/UE4Editor-AppleARKit.dll (API version 3709383).
LogModuleManager: Display: Found up-to-date module file ../../../Engine/Plugins/Runtime/ArchVisCharacter/Binaries/Win64/UE4Editor-ArchVisCharacter.dll (API version 3709383).
LogModuleManager: Display: Found up-to-date module file ../../../Engine/Plugins/Runtime/CableComponent/Binaries/Win64/UE4Editor-CableComponent.dll (API version 3709383).
LogModuleManager: Display: Found up-to-date module file ../../../Engine/Plugins/Runtime/CustomMeshComponent/Binaries/Win64/UE4Editor-CustomMeshComponent.dll (API version 3709383).
LogModuleManager: Display: Found up-to-date module file ../../../Engine/Plugins/Runtime/ExampleDeviceProfileSelector/Binaries/Win64/UE4Editor-ExampleDeviceProfileSelector.dll (API version 3709383).
LogModuleManager: Display: Found up-to-date module file ../../../Engine/Plugins/Runtime/ImmediatePhysics/Binaries/Win64/UE4Editor-ImmediatePhysics.dll (API version 3709383).
LogModuleManager: Display: Found up-to-date module file ../../../Engine/Plugins/Runtime/ImmediatePhysics/Binaries/Win64/UE4Editor-ImmediatePhysicsEditor.dll (API version 3709383).
LogModuleManager: Display: Found up-to-date module file ../../../Engine/Plugins/Runtime/LocationServicesBPLibrary/Binaries/Win64/UE4Editor-LocationServicesBPLibrary.dll (API version 3709383).
LogModuleManager: Display: Found up-to-date module file ../../../Engine/Plugins/Runtime/MobilePatchingUtils/Binaries/Win64/UE4Editor-MobilePatchingUtils.dll (API version 3709383).
LogModuleManager: Display: Found up-to-date module file ../../../Engine/Plugins/Runtime/Oculus/OculusVR/Binaries/Win64/UE4Editor-OculusHMD.dll (API version 3709383).
LogModuleManager: Display: Found up-to-date module file ../../../Engine/Plugins/Runtime/Oculus/OculusVR/Binaries/Win64/UE4Editor-OculusInput.dll (API version 3709383).
LogModuleManager: Display: Found up-to-date module file ../../../Engine/Plugins/Runtime/Oculus/OculusVR/Binaries/Win64/UE4Editor-OculusEditor.dll (API version 3709383).
LogModuleManager: Display: Found up-to-date module file ../../../Engine/Plugins/Runtime/PhysXVehicles/Binaries/Win64/UE4Editor-PhysXVehicles.dll (API version 3709383).
LogModuleManager: Display: Found up-to-date module file ../../../Engine/Plugins/Runtime/PhysXVehicles/Binaries/Win64/UE4Editor-PhysXVehiclesEditor.dll (API version 3709383).
LogModuleManager: Display: Found up-to-date module file ../../../Engine/Plugins/Runtime/ProceduralMeshComponent/Binaries/Win64/UE4Editor-ProceduralMeshComponent.dll (API version 3709383).
LogModuleManager: Display: Found up-to-date module file ../../../Engine/Plugins/Runtime/ProceduralMeshComponent/Binaries/Win64/UE4Editor-ProceduralMeshComponentEditor.dll (API version 3709383).
LogModuleManager: Display: Found up-to-date module file ../../../Engine/Plugins/Runtime/RuntimePhysXCooking/Binaries/Win64/UE4Editor-RuntimePhysXCooking.dll (API version 3709383).
LogModuleManager: Display: Found up-to-date module file ../../../Engine/Plugins/Runtime/Steam/SteamVR/Binaries/Win64/UE4Editor-SteamVR.dll (API version 3709383).
LogModuleManager: Display: Found up-to-date module file ../../../Engine/Plugins/Runtime/Steam/SteamVR/Binaries/Win64/UE4Editor-SteamVRController.dll (API version 3709383).
LogModuleManager: Display: Found up-to-date module file ../../../Engine/Plugins/Runtime/WindowsMoviePlayer/Binaries/Win64/UE4Editor-WindowsMoviePlayer.dll (API version 3709383).
LogPluginManager: Mounting plugin Paper2D
LogPluginManager: Mounting plugin LightPropagationVolume
LogPluginManager: Mounting plugin CodeLiteSourceCodeAccess
LogPluginManager: Mounting plugin GitSourceControl
LogPluginManager: Mounting plugin KDevelopSourceCodeAccess
LogPluginManager: Mounting plugin NullSourceCodeAccess
LogPluginManager: Mounting plugin PerforceSourceControl
LogPluginManager: Mounting plugin SubversionSourceControl
LogPluginManager: Mounting plugin UObjectPlugin
LogPluginManager: Mounting plugin VisualStudioCodeSourceCodeAccess
LogPluginManager: Mounting plugin VisualStudioSourceCodeAccess
LogPluginManager: Mounting plugin XCodeSourceCodeAccess
LogPluginManager: Mounting plugin AssetManagerEditor
LogPluginManager: Mounting plugin AudioCapture
LogPluginManager: Mounting plugin FacialAnimation
LogPluginManager: Mounting plugin GameplayTagsEditor
LogPluginManager: Mounting plugin MobileLauncherProfileWizard
LogPluginManager: Mounting plugin PluginBrowser
LogPluginManager: Mounting plugin SpeedTreeImporter
LogPluginManager: Mounting plugin AlembicImporter
LogPluginManager: Mounting plugin CharacterAI
LogPluginManager: Mounting plugin HTML5Networking
LogPluginManager: Mounting plugin AndroidMedia
LogPluginManager: Mounting plugin AvfMedia
LogPluginManager: Mounting plugin ImgMedia
LogPluginManager: Mounting plugin MediaCompositing
LogPluginManager: Mounting plugin MediaPlayerEditor
LogPluginManager: Mounting plugin WmfMedia
LogPluginManager: Mounting plugin TcpMessaging
LogPluginManager: Mounting plugin UdpMessaging
LogPluginManager: Mounting plugin ActorSequence
LogPluginManager: Mounting plugin LevelSequenceEditor
LogPluginManager: Mounting plugin MatineeToLevelSequence
LogPluginManager: Mounting plugin OnlineSubsystemGooglePlay
LogPluginManager: Mounting plugin OnlineSubsystemIOS
LogPluginManager: Mounting plugin OnlineSubsystem
LogPluginManager: Mounting plugin OnlineSubsystemNull
LogPluginManager: Mounting plugin OnlineSubsystemUtils
LogPluginManager: Mounting plugin AndroidDeviceProfileSelector
LogPluginManager: Mounting plugin AndroidMoviePlayer
LogPluginManager: Mounting plugin AndroidPermission
LogPluginManager: Mounting plugin AppleARKit
LogPluginManager: Mounting plugin AppleMoviePlayer
LogPluginManager: Mounting plugin ArchVisCharacter
LogPluginManager: Mounting plugin CableComponent
LogPluginManager: Mounting plugin CustomMeshComponent
LogPluginManager: Mounting plugin ExampleDeviceProfileSelector
LogPluginManager: Mounting plugin GoogleCloudMessaging
LogPluginManager: Mounting plugin ImmediatePhysics
LogPluginManager: Mounting plugin IOSDeviceProfileSelector
LogPluginManager: Mounting plugin LinuxDeviceProfileSelector
LogPluginManager: Mounting plugin LocationServicesBPLibrary
LogPluginManager: Mounting plugin MobilePatchingUtils
LogPluginManager: Mounting plugin OculusVR
LogPluginManager: Plugin shader directory ../../../Engine/Plugins/Runtime/Oculus/OculusVR/Shaders found
LogPluginManager: Mapping shader source directory ../../../Engine/Plugins/Runtime/Oculus/OculusVR/Shaders to virtual directory /Plugin/OculusVR
LogPluginManager: Mounting plugin PhysXVehicles
LogPluginManager: Mounting plugin ProceduralMeshComponent
LogPluginManager: Mounting plugin RuntimePhysXCooking
LogPluginManager: Mounting plugin SteamVR
LogPluginManager: Mounting plugin WindowsMoviePlayer
LogInit: Using libcurl 7.47.1
LogInit:  - built for x86_64-pc-win32
LogInit:  - supports SSL with OpenSSL/1.0.2g
LogInit:  - supports HTTP deflate (compression) using libz 1.2.8
LogInit:  - other features:
LogInit:      CURL_VERSION_SSL
LogInit:      CURL_VERSION_LIBZ
LogInit:      CURL_VERSION_IPV6
LogInit:      CURL_VERSION_ASYNCHDNS
LogInit:      CURL_VERSION_LARGEFILE
LogInit:      CURL_VERSION_IDN
LogInit:  CurlRequestOptions (configurable via config and command line):
LogInit:  - bVerifyPeer = false  - Libcurl will NOT verify peer certificate
LogInit:  - bUseHttpProxy = false  - Libcurl will NOT use HTTP proxy
LogInit:  - bDontReuseConnections = false  - Libcurl will reuse connections
LogInit:  - CertBundlePath = nullptr  - Libcurl will use whatever was configured at build time.
LogInit: Build: ++UE4+Release-4.18-CL-3754814
LogInit: Engine Version: 4.18.1-3754814+++UE4+Release-4.18
LogInit: Compatible Engine Version: 4.18.0-3709383+++UE4+Release-4.18
LogInit: Net CL: 3709383
LogDevObjectVersion: Number of dev versions registered: 16
LogDevObjectVersion:   Dev-Blueprints (B0D832E4-1F89-4F0D-ACCF-7EB736FD4AA2): 10
LogDevObjectVersion:   Dev-Build (E1C64328-A22C-4D53-A36C-8E866417BD8C): 0
LogDevObjectVersion:   Dev-Core (375EC13C-06E4-48FB-B500-84F0262A717E): 2
LogDevObjectVersion:   Dev-Editor (E4B068ED-F494-42E9-A231-DA0B2E46BB41): 20
LogDevObjectVersion:   Dev-Framework (CFFC743F-43B0-4480-9391-14DF171D2073): 30
LogDevObjectVersion:   Dev-Mobile (B02B49B5-BB20-44E9-A304-32B752E40360): 0
LogDevObjectVersion:   Dev-Networking (A4E4105C-59A1-49B5-A7C5-40C4547EDFEE): 0
LogDevObjectVersion:   Dev-Online (39C831C9-5AE6-47DC-9A44-9C173E1C8E7C): 0
LogDevObjectVersion:   Dev-Physics (78F01B33-EBEA-4F98-B9B4-84EACCB95AA2): 0
LogDevObjectVersion:   Dev-Platform (6631380F-2D4D-43E0-8009-CF276956A95A): 0
LogDevObjectVersion:   Dev-Rendering (12F88B9F-8875-4AFC-A67C-D90C383ABD29): 20
LogDevObjectVersion:   Dev-Sequencer (7B5AE74C-D270-4C10-A958-57980B212A5A): 4
LogDevObjectVersion:   Dev-VR (D7296918-1DD6-4BDD-9DE2-64A83CC13884): 0
LogDevObjectVersion:   Dev-LoadTimes (C2A15278-BFE7-4AFE-6C17-90FF531DF755): 1
LogDevObjectVersion:   Private-Geometry (6EACA3D4-40EC-4CC1-B786-8BED09428FC5): 1
LogDevObjectVersion:   Dev-AnimPhys (29E575DD-E0A3-4627-9D10-D276232CDCEA): 12
LogInit: Compiled (64-bit): Nov 14 2017 02:05:55
LogInit: Compiled with Visual C++: 19.00.24215.01
LogInit: Build Configuration: Development
LogInit: Branch Name: ++UE4+Release-4.18
LogInit: Command line:  
LogInit: Base directory: C:/Program Files/Epic Games/UE_4.18/Engine/Binaries/Win64/
LogInit: Installed Engine Build: 1
LogInit: Presizing for max 8388607 objects, including 0 objects not considered by GC, pre-allocating 0 bytes for permanent pool.
LogInit: Object subsystem initialized
[2017.11.29-05.48.48:919][  0]LogInit: Selected Device Profile: [Windows]
[2017.11.29-05.48.48:919][  0]LogInit: Applying CVar settings loaded from the selected device profile: [Windows]
[2017.11.29-05.48.48:936][  0]LogInit: Computer: DESKTOP-A54SF20
[2017.11.29-05.48.48:936][  0]LogInit: User: Justi
[2017.11.29-05.48.48:936][  0]LogInit: CPU Page size=4096, Cores=4
[2017.11.29-05.48.48:936][  0]LogInit: High frequency timer resolution =3.318390 MHz
[2017.11.29-05.48.48:936][  0]LogMemory: Memory total: Physical=15.9GB (16GB approx)
[2017.11.29-05.48.48:936][  0]LogMemory: Platform Memory Stats for Windows
[2017.11.29-05.48.48:936][  0]LogMemory: Process Physical Memory: 272.91 MB used, 272.91 MB peak
[2017.11.29-05.48.48:936][  0]LogMemory: Process Virtual Memory: 271.57 MB used, 271.57 MB peak
[2017.11.29-05.48.48:936][  0]LogMemory: Physical Memory: 5063.46 MB used,  11257.95 MB free, 16321.41 MB total
[2017.11.29-05.48.48:936][  0]LogMemory: Virtual Memory: 645.46 MB used,  11257.95 MB free, 134217728.00 MB total
[2017.11.29-05.48.49:084][  0]LogInit: Using OS detected language (en-US).
[2017.11.29-05.48.49:084][  0]LogInit: Using OS detected locale (en-US).
[2017.11.29-05.48.49:087][  0]LogTextLocalizationManager: No specific localization for 'en-US' exists, so the 'en' localization will be used.
[2017.11.29-05.48.49:487][  0]LogInit: Setting process to per monitor DPI aware
[2017.11.29-05.48.51:549][  0]LogD3D11RHI: D3D11 adapters:
[2017.11.29-05.48.51:585][  0]LogD3D11RHI:    0. 'NVIDIA GeForce GTX 780' (Feature Level 11_0)
[2017.11.29-05.48.51:585][  0]LogD3D11RHI:       3039/0/8160 MB DedicatedVideo/DedicatedSystem/SharedSystem, Outputs:1, VendorId:0x10de
[2017.11.29-05.48.51:586][  0]LogD3D11RHI:    1. 'Microsoft Basic Render Driver' (Feature Level 11_0)
[2017.11.29-05.48.51:586][  0]LogD3D11RHI:       0/0/8160 MB DedicatedVideo/DedicatedSystem/SharedSystem, Outputs:0, VendorId:0x1414
[2017.11.29-05.48.51:586][  0]LogD3D11RHI: Chosen D3D11 Adapter: 0
[2017.11.29-05.48.51:591][  0]LogD3D11RHI: Creating new Direct3DDevice
[2017.11.29-05.48.51:591][  0]LogD3D11RHI:     GPU DeviceId: 0x1004 (for the marketing name, search the web for "GPU Device Id")
[2017.11.29-05.48.51:591][  0]LogWindows: EnumDisplayDevices:
[2017.11.29-05.48.51:591][  0]LogWindows:    0. 'NVIDIA GeForce GTX 780' (P:1 D:1)
[2017.11.29-05.48.51:591][  0]LogWindows:    1. 'NVIDIA GeForce GTX 780' (P:0 D:0)
[2017.11.29-05.48.51:591][  0]LogWindows:    2. 'NVIDIA GeForce GTX 780' (P:0 D:0)
[2017.11.29-05.48.51:591][  0]LogWindows:    3. 'NVIDIA GeForce GTX 780' (P:0 D:0)
[2017.11.29-05.48.51:591][  0]LogWindows: DebugString: FoundDriverCount:4 
[2017.11.29-05.48.51:591][  0]LogD3D11RHI:     Adapter Name: NVIDIA GeForce GTX 780
[2017.11.29-05.48.51:591][  0]LogD3D11RHI:   Driver Version: 388.31 (internal:23.21.13.8831, unified:388.31)
[2017.11.29-05.48.51:591][  0]LogD3D11RHI:      Driver Date: 11-14-2017
[2017.11.29-05.48.51:591][  0]LogRHI: Texture pool is 2127 MB (70% of 3039 MB)
[2017.11.29-05.48.51:613][  0]LogD3D11RHI: Async texture creation enabled
[2017.11.29-05.48.51:680][  0]LogD3D11RHI: GPU Timing Frequency: 1000.000000 (Debug: 2 1)
[2017.11.29-05.48.51:729][  0]LogShaderCompilers: Guid format shader working directory is -66 characters bigger than the processId version (../../../../../../Users/Justi/Desktop/unreal_projects/EndlessClicker/artProject_TheoryOfComputation/myArtProject/Intermediate/Shaders/WorkingDirectory/8116/).
[2017.11.29-05.48.51:730][  0]LogShaderCompilers: Cleaned the shader compiler working directory 'C:/Users/Justi/AppData/Local/Temp/UnrealShaderWorkingDir/23D4772C4BC05FAD0389998A8D3BF1A3/'.
[2017.11.29-05.48.51:730][  0]LogShaderCompilers: Display: Using Local Shader Compiler.
[2017.11.29-05.48.52:558][  0]LogTemp: Display: Loaded TP AllDesktopTargetPlatform
[2017.11.29-05.48.52:603][  0]LogTemp: Display: Loaded TP MacClientTargetPlatform
[2017.11.29-05.48.52:647][  0]LogTemp: Display: Loaded TP MacNoEditorTargetPlatform
[2017.11.29-05.48.52:693][  0]LogTemp: Display: Loaded TP MacServerTargetPlatform
[2017.11.29-05.48.52:741][  0]LogTemp: Display: Loaded TP MacTargetPlatform
[2017.11.29-05.48.52:787][  0]LogTemp: Display: Loaded TP WindowsClientTargetPlatform
[2017.11.29-05.48.52:833][  0]LogTemp: Display: Loaded TP WindowsNoEditorTargetPlatform
[2017.11.29-05.48.52:878][  0]LogTemp: Display: Loaded TP WindowsServerTargetPlatform
[2017.11.29-05.48.52:916][  0]LogTemp: Display: Loaded TP WindowsTargetPlatform
[2017.11.29-05.48.52:959][  0]LogTemp: Display: Loaded TP Android_ASTCTargetPlatform
[2017.11.29-05.48.53:004][  0]LogTemp: Display: Loaded TP Android_ATCTargetPlatform
[2017.11.29-05.48.53:048][  0]LogTemp: Display: Loaded TP Android_DXTTargetPlatform
[2017.11.29-05.48.53:092][  0]LogTemp: Display: Loaded TP Android_ETC1TargetPlatform
[2017.11.29-05.48.53:135][  0]LogTemp: Display: Loaded TP Android_ETC2TargetPlatform
[2017.11.29-05.48.53:223][  0]LogTemp: Display: Loaded TP Android_MultiTargetPlatform
[2017.11.29-05.48.53:223][  0]LogTemp: Display: Loaded TP Android_PVRTCTargetPlatform
[2017.11.29-05.48.53:270][  0]LogTemp: Display: Loaded TP AndroidTargetPlatform
[2017.11.29-05.48.53:304][  0]LogTemp: Display: Loaded TP HTML5TargetPlatform
[2017.11.29-05.48.53:389][  0]LogTemp: Display: Loaded TP IOSTargetPlatform
[2017.11.29-05.48.53:413][  0]LogTemp: Display: Loaded TP TVOSTargetPlatform
[2017.11.29-05.48.53:456][  0]LogTemp: Display: Loaded TP LinuxClientTargetPlatform
[2017.11.29-05.48.53:501][  0]LogTemp: Display: Loaded TP LinuxNoEditorTargetPlatform
[2017.11.29-05.48.53:545][  0]LogTemp: Display: Loaded TP LinuxServerTargetPlatform
[2017.11.29-05.48.53:592][  0]LogTemp: Display: Loaded TP LinuxTargetPlatform
[2017.11.29-05.48.53:592][  0]LogTargetPlatformManager: Display: Building Assets For Windows
[2017.11.29-05.48.53:977][  0]LogDerivedDataCache: Display: Max Cache Size: 512 MB
[2017.11.29-05.48.54:052][  0]LogDerivedDataCache: Loaded boot cache 0.07s 78MB C:/Users/Justi/AppData/Local/UnrealEngine/4.18/DerivedDataCache/Boot.ddc.
[2017.11.29-05.48.54:052][  0]LogDerivedDataCache: Display: Loaded Boot cache: C:/Users/Justi/AppData/Local/UnrealEngine/4.18/DerivedDataCache/Boot.ddc
[2017.11.29-05.48.54:052][  0]LogDerivedDataCache: FDerivedDataBackendGraph:  Pak pak cache file ../../../../../../Users/Justi/Desktop/unreal_projects/EndlessClicker/artProject_TheoryOfComputation/myArtProject/DerivedDataCache/DDC.ddp not found, will not use a pak cache.
[2017.11.29-05.48.54:052][  0]LogDerivedDataCache: Unable to find inner node Pak for hierarchical cache Hierarchy.
[2017.11.29-05.48.54:052][  0]LogDerivedDataCache: FDerivedDataBackendGraph:  CompressedPak pak cache file ../../../../../../Users/Justi/Desktop/unreal_projects/EndlessClicker/artProject_TheoryOfComputation/myArtProject/DerivedDataCache/Compressed.ddp not found, will not use a pak cache.
[2017.11.29-05.48.54:052][  0]LogDerivedDataCache: Unable to find inner node CompressedPak for hierarchical cache Hierarchy.
[2017.11.29-05.48.54:067][  0]LogDerivedDataCache: Display: Pak cache opened for reading ../../../Engine/DerivedDataCache/Compressed.ddp.
[2017.11.29-05.48.54:080][  0]LogDerivedDataCache: Using Local data cache path C:/Users/Justi/AppData/Local/UnrealEngine/Common/DerivedDataCache: Writable
[2017.11.29-05.48.54:090][  0]LogMaterial: Verifying Global Shaders for PCD3D_SM5
[2017.11.29-05.48.54:090][  0]LogSlate: Using Freetype 2.6.0
[2017.11.29-05.48.54:091][  0]LogSlate: SlateFontCache - WITH_FREETYPE: 1, WITH_HARFBUZZ: 1
[2017.11.29-05.48.54:091][  0]LogSlate: SlateFontCache - WITH_FREETYPE: 1, WITH_HARFBUZZ: 1
[2017.11.29-05.48.54:422][  0]LogInit: Selected Device Profile: [Windows]
[2017.11.29-05.48.54:712][  0]LogSimplygon: Simplygon DLL not present - disabling.
[2017.11.29-05.48.54:745][  0]LogMeshReduction: Using SimplygonSwarm for distributed automatic mesh merging
[2017.11.29-05.48.54:746][  0]LogMeshReduction: Using QuadricMeshReduction for automatic static mesh reduction
[2017.11.29-05.48.54:746][  0]LogMeshReduction: No automatic skeletal mesh reduction module available
[2017.11.29-05.48.54:746][  0]LogMeshReduction: No automatic mesh merging module available
[2017.11.29-05.48.54:746][  0]LogMeshMerging: No automatic mesh merging module available
[2017.11.29-05.48.54:771][  0]LogNetVersion: myArtProject , NetCL: 3709383, EngineNetVer: 2, GameNetVer: 0 (Checksum: 1610086920)
[2017.11.29-05.48.54:918][  0]LogAssetRegistry: FAssetRegistry took 0.0257 seconds to start up
[2017.11.29-05.48.55:385][  0]LogPackageLocalizationCache: Processed 7 localized package path(s) for 2 prioritized culture(s) in 0.064727 seconds
[2017.11.29-05.48.55:390][  0]LogUObjectArray: 35900 objects as part of root set at end of initial load.
[2017.11.29-05.48.55:390][  0]LogUObjectAllocator: 7372016 out of 0 bytes used by permanent object pool.
[2017.11.29-05.48.55:390][  0]LogUObjectArray: CloseDisregardForGC: 0/0 objects in disregard for GC pool
[2017.11.29-05.48.55:435][  0]LogInit: WinSock: version 1.1 (2.2), MaxSocks=32767, MaxUdp=65467
[2017.11.29-05.48.59:006][  0]LogTcpMessaging: Initializing TcpMessaging bridge
[2017.11.29-05.48.59:043][  0]LogUdpMessaging: Initializing bridge on interface 0.0.0.0:0 to multicast group 230.0.0.1:6666.
[2017.11.29-05.48.59:644][  0]LogMaterial: Uniform references updated for custom material expression Custom.
[2017.11.29-05.49.00:012][  0]SourceControl: Source control is disabled
[2017.11.29-05.49.01:064][  0]LogAndroidPermission: UAndroidPermissionCallbackProxy::GetInstance
[2017.11.29-05.49.01:304][  0]LogOcInput: OculusInput pre-init called
[2017.11.29-05.49.01:584][  0]LogEngine: Initializing Engine...
[2017.11.29-05.49.01:586][  0]LogHMD: Failed to initialize OpenVR with code 110
[2017.11.29-05.49.01:824][  0]LogStats: UGameplayTagsManager::ConstructGameplayTagTree: Construct from data asset -  0.000 s
[2017.11.29-05.49.01:824][  0]LogStats: UGameplayTagsManager::ConstructGameplayTagTree: GameplayTagTreeChangedEvent.Broadcast -  0.000 s
[2017.11.29-05.49.01:930][  0]LogAIModule: Creating AISystem for world Untitled
[2017.11.29-05.49.01:940][  0]LogInit: XAudio2 using 'Headset Earphone (HyperX 7.1 Audio)' : 2 channels at 44.1 kHz using 16 bits per sample (channel mask 0x3)
[2017.11.29-05.49.01:956][  0]LogInit: FAudioDevice initialized.
[2017.11.29-05.49.02:054][  0]LogDerivedDataCache: Saved boot cache 0.10s 78MB C:/Users/Justi/AppData/Local/UnrealEngine/4.18/DerivedDataCache/Boot.ddc.
[2017.11.29-05.49.02:067][  0]LogInit: Texture streaming: Enabled
[2017.11.29-05.49.02:153][  0]LogEngineSessionManager: EngineSessionManager initialized
[2017.11.29-05.49.02:261][  0]LogInit: Transaction tracking system initialized
[2017.11.29-05.49.02:524][  0]BlueprintLog: New page: Editor Load
[2017.11.29-05.49.03:304][  0]LocalizationService: Localization service is disabled
[2017.11.29-05.49.04:086][  0]LogConsoleResponse: Display: 
[2017.11.29-05.49.04:380][  0]LogCook: Display: Max memory allowance for cook 16384mb min free memory 0mb
[2017.11.29-05.49.04:380][  0]LogCook: Display: Mobile HDR setting 1
[2017.11.29-05.49.04:380][  0]LogGameplayTags: Display: UGameplayTagsManager::DoneAddingNativeTags. DelegateIsBound: 0
[2017.11.29-05.49.05:364][  0]LogFileCache: Scanning file cache for directory 'C:/Users/Justi/Desktop/unreal_projects/EndlessClicker/artProject_TheoryOfComputation/myArtProject/Content/' took 0.01s
[2017.11.29-05.49.05:403][  0]Cmd: MAP LOAD FILE="../../../../../../Users/Justi/Desktop/unreal_projects/EndlessClicker/artProject_TheoryOfComputation/myArtProject/Content/Levels/MainMenu.umap" TEMPLATE=0 SHOWPROGRESS=1 FEATURELEVEL=3
[2017.11.29-05.49.05:404][  0]LightingResults: New page: Lighting Build
[2017.11.29-05.49.05:439][  0]MapCheck: New page: Map Check
[2017.11.29-05.49.05:439][  0]LightingResults: New page: Lighting Build
[2017.11.29-05.49.05:478][  0]LogAIModule: Creating AISystem for world MainMenu
[2017.11.29-05.49.05:479][  0]LogEditorServer: Finished looking for orphan Actors (0.000 secs)
[2017.11.29-05.49.05:489][  0]Cmd: MAP CHECKDEP NOCLEARLOG
[2017.11.29-05.49.05:533][  0]MapCheck: Map check complete: 0 Error(s), 0 Warning(s), took 44.361ms to complete.
[2017.11.29-05.49.05:533][  0]LogFileHelpers: Loading map 'MainMenu' took 0.130
[2017.11.29-05.49.05:689][  0]LogCollectionManager: Loaded 0 collections in 0.001317 seconds
[2017.11.29-05.49.05:760][  0]LogFileCache: Scanning file cache for directory 'C:/Users/Justi/Desktop/unreal_projects/EndlessClicker/artProject_TheoryOfComputation/myArtProject/Saved/Collections/' took 0.01s
[2017.11.29-05.49.05:760][  0]LogFileCache: Scanning file cache for directory 'C:/Users/Justi/Desktop/unreal_projects/EndlessClicker/artProject_TheoryOfComputation/myArtProject/Content/Developers/Justi/Collections/' took 0.01s
[2017.11.29-05.49.05:760][  0]LogFileCache: Scanning file cache for directory 'C:/Users/Justi/Desktop/unreal_projects/EndlessClicker/artProject_TheoryOfComputation/myArtProject/Content/Collections/' took 0.01s
[2017.11.29-05.49.05:760][  0]LogCollectionManager: Rebuilt the GUID cache for 0 collections in 0.000000 seconds
[2017.11.29-05.49.05:768][  0]LogContentBrowser: Native class hierarchy populated in 0.0081 seconds. Added 2363 classes and 519 folders.
[2017.11.29-05.49.05:822][  0]LogContentBrowser: Native class hierarchy updated for 'WidgetCarousel' in 0.0002 seconds. Added 0 classes and 0 folders.
[2017.11.29-05.49.06:102][  0]LogContentBrowser: Native class hierarchy updated for 'AddContentDialog' in 0.0002 seconds. Added 0 classes and 0 folders.
[2017.11.29-05.49.06:138][  0]LogContentBrowser: Native class hierarchy updated for 'SceneOutliner' in 0.0003 seconds. Added 1 classes and 2 folders.
[2017.11.29-05.49.06:154][  0]LogSlate: Took 0.000263 seconds to synchronously load lazily loaded font '../../../Engine/Content/Slate/Fonts/Roboto-Regular.ttf' (155K)
[2017.11.29-05.49.06:161][  0]LogSlate: Took 0.005624 seconds to synchronously load lazily loaded font '../../../Engine/Content/Slate/Fonts/Roboto-Bold.ttf' (160K)
[2017.11.29-05.49.06:173][  0]LogSlate: Took 0.005658 seconds to synchronously load lazily loaded font '../../../Engine/Content/Editor/Slate/Fonts/FontAwesome.ttf' (139K)
[2017.11.29-05.49.06:272][  0]LogRenderer: Reallocating scene render targets to support 1208x680 Format 10 NumSamples 1 (Frame:1).
[2017.11.29-05.49.06:452][  0]LogContentBrowser: Native class hierarchy updated for 'HierarchicalLODOutliner' in 0.0002 seconds. Added 1 classes and 2 folders.
[2017.11.29-05.49.06:452][  0]LogLoad: (Engine Initialization) Total time: 19.61 seconds
[2017.11.29-05.49.06:452][  0]LogLoad: (Engine Initialization) Total Blueprint compile time: 0.00 seconds
[2017.11.29-05.49.06:452][  0]LogExternalProfiler: Found external profiler: VSPerf
[2017.11.29-05.49.06:452][  0]LogExternalProfiler: Using external profiler: VSPerf
[2017.11.29-05.49.06:462][  0]LogWindowsTextInputMethodSystem: Display: IME system now deactivated.
[2017.11.29-05.49.06:478][  0]LogAssetRegistry: Asset discovery search completed in 11.5825 seconds
[2017.11.29-05.49.06:480][  0]LogCollectionManager: Rebuilt the object cache for 0 collections in 0.000001 seconds (found 0 objects)
[2017.11.29-05.49.06:481][  0]LogCollectionManager: Fixed up redirectors for 0 collections in 0.000159 seconds (updated 0 objects)
[2017.11.29-05.49.06:483][  0]SourceControl: On branch master
[2017.11.29-05.49.06:483][  0]SourceControl: Your branch is up-to-date with 'origin/master'.
[2017.11.29-05.49.06:483][  0]SourceControl: Changes not staged for commit:
[2017.11.29-05.49.06:483][  0]SourceControl:   (use "git add <file>..." to update what will be committed)
[2017.11.29-05.49.06:483][  0]SourceControl:   (use "git checkout -- <file>..." to discard changes in working directory)
[2017.11.29-05.49.06:483][  0]SourceControl: 	modified:   myArtProject/Intermediate/CachedAssetRegistry.bin
[2017.11.29-05.49.06:483][  0]SourceControl: 	modified:   myArtProject/Saved/Config/Windows/Editor.ini
[2017.11.29-05.49.06:483][  0]SourceControl: 	modified:   myArtProject/Saved/Config/Windows/EditorPerProjectUserSettings.ini
[2017.11.29-05.49.06:483][  0]SourceControl: 	modified:   myArtProject/Saved/Config/Windows/Engine.ini
[2017.11.29-05.49.06:483][  0]SourceControl: 	modified:   myArtProject/Saved/Logs/myArtProject.log
[2017.11.29-05.49.06:483][  0]SourceControl: Untracked files:
[2017.11.29-05.49.06:483][  0]SourceControl:   (use "git add <file>..." to include in what will be committed)
[2017.11.29-05.49.06:483][  0]SourceControl: 	myArtProject/Saved/Config/CrashReportClient/UE4CC-Windows-F6EFF4A8461CF07A042FB387F71E2B85/
[2017.11.29-05.49.06:483][  0]SourceControl: 	myArtProject/Saved/Logs/myArtProject-backup-2017.11.28-21.48.47.log
[2017.11.29-05.49.06:483][  0]SourceControl: no changes added to commit (use "git add" and/or "git commit -a")
[2017.11.29-05.49.06:484][  0]LogContentStreaming: Texture pool size now 1000 MB
[2017.11.29-05.49.06:530][  0]LogSlate: Took 0.003717 seconds to synchronously load lazily loaded font '../../../Engine/Content/Slate/Fonts/Roboto-Light.ttf' (159K)
[2017.11.29-05.49.08:477][199]LogTemp: Repeating last play command: Selected Viewport
[2017.11.29-05.49.08:521][199]LogBlueprintUserMessages: Early PlayInEditor Detection: Level '/Game/Levels/MainMenu.MainMenu:PersistentLevel' has LevelScriptBlueprint '/Game/Levels/MainMenu.MainMenu:PersistentLevel.MainMenu' with GeneratedClass '/Game/Levels/MainMenu.MainMenu_C' with ClassGeneratedBy '/Game/Levels/MainMenu.MainMenu:PersistentLevel.MainMenu'
[2017.11.29-05.49.08:521][199]LogPlayLevel: PlayLevel: No blueprints needed recompiling
[2017.11.29-05.49.08:522][199]PIE: New page: PIE session: MainMenu (Nov 28, 2017, 1:49:08 PM)
[2017.11.29-05.49.08:522][199]LogLinker: Warning: Can't find file '/Game/Blueprints/myGameInstance'
[2017.11.29-05.49.08:522][199]LogLinker: Warning: Can't find file '/Game/Blueprints/myGameInstance'
[2017.11.29-05.49.08:522][199]LogUObjectGlobals: Warning: Failed to find object 'Class /Game/Blueprints/myGameInstance.myGameInstance_C'
[2017.11.29-05.49.08:522][199]LogPlayLevel: Creating play world package: /Game/Levels/UEDPIE_0_MainMenu
[2017.11.29-05.49.08:523][199]LogPlayLevel: PIE: StaticDuplicateObject took: (0.000773s)
[2017.11.29-05.49.08:523][199]LogAIModule: Creating AISystem for world MainMenu
[2017.11.29-05.49.08:524][199]LogPlayLevel: PIE: World Init took: (0.000598s)
[2017.11.29-05.49.08:524][199]LogPlayLevel: PIE: Created PIE world by copying editor world from /Game/Levels/MainMenu.MainMenu to /Game/Levels/UEDPIE_0_MainMenu.MainMenu (0.001599s)
[2017.11.29-05.49.08:542][199]LogInit: XAudio2 using 'Headset Earphone (HyperX 7.1 Audio)' : 2 channels at 44.1 kHz using 16 bits per sample (channel mask 0x3)
[2017.11.29-05.49.08:548][199]LogInit: FAudioDevice initialized.
[2017.11.29-05.49.08:762][199]LogLoad: Game class is 'MyGameMode_C'
[2017.11.29-05.49.08:763][199]LogWorld: Bringing World /Game/Levels/UEDPIE_0_MainMenu.MainMenu up for play (max tick rate 0) at 2017.11.28-21.49.08
[2017.11.29-05.49.08:764][199]LogWorld: Bringing up level for play took: 0.000608
[2017.11.29-05.49.08:801][199]LogContentBrowser: Native class hierarchy updated for 'MovieSceneCapture' in 0.0003 seconds. Added 11 classes and 0 folders.
[2017.11.29-05.49.08:801][199]LogGameMode: Display: Match State Changed from EnteringMap to WaitingToStart
[2017.11.29-05.49.08:801][199]LogGameState: Match State Changed from EnteringMap to WaitingToStart
[2017.11.29-05.49.08:801][199]LogGameMode: Display: Match State Changed from WaitingToStart to InProgress
[2017.11.29-05.49.08:802][199]LogScriptCore: Warning: Script Msg: Attempted to access index 0 from array 'CallFunc_GetAllActorsOfClass_OutActors' of length 0 in '/Game/Blueprints/MyGameMode.MyGameMode_C:ExecuteUbergraph_MyGameMode'!
[2017.11.29-05.49.08:802][199]LogBlueprintUserMessages: Warning: SetTimer passed a bad function (SpawnEnemy) or object (None)
[2017.11.29-05.49.08:803][199]LogGameState: Match State Changed from WaitingToStart to InProgress
[2017.11.29-05.49.08:803][199]PIE: Play in editor start time for /Game/Levels/UEDPIE_0_MainMenu 0.526
[2017.11.29-05.49.08:803][199]LogBlueprintUserMessages: Late PlayInEditor Detection: Level '/Game/Levels/MainMenu.MainMenu:PersistentLevel' has LevelScriptBlueprint '/Game/Levels/MainMenu.MainMenu:PersistentLevel.MainMenu' with GeneratedClass '/Game/Levels/MainMenu.MainMenu_C' with ClassGeneratedBy '/Game/Levels/MainMenu.MainMenu:PersistentLevel.MainMenu'
[2017.11.29-05.49.10:879][325]LogGameMode: Display: Match State Changed from InProgress to LeavingMap
[2017.11.29-05.49.10:879][325]LogGameState: Match State Changed from InProgress to LeavingMap
[2017.11.29-05.49.10:879][325]LogNet: Browse: /Game/Levels/GameLevel
[2017.11.29-05.49.10:879][325]LogLoad: LoadMap: /Game/Levels/GameLevel
[2017.11.29-05.49.11:185][325]LogAIModule: Creating AISystem for world GameLevel
[2017.11.29-05.49.11:185][325]LogLoad: Game class is 'MyGameMode_C'
[2017.11.29-05.49.11:187][325]LogWorld: Bringing World /Game/Levels/UEDPIE_0_GameLevel.GameLevel up for play (max tick rate 0) at 2017.11.28-21.49.11
[2017.11.29-05.49.11:187][325]LogWorld: Bringing up level for play took: 0.001223
[2017.11.29-05.49.11:187][325]LogGameMode: FindPlayerStart: PATHS NOT DEFINED or NO PLAYERSTART with positive rating
[2017.11.29-05.49.11:188][325]LogGameMode: Display: Match State Changed from EnteringMap to WaitingToStart
[2017.11.29-05.49.11:188][325]LogGameState: Match State Changed from EnteringMap to WaitingToStart
[2017.11.29-05.49.11:188][325]LogGameMode: Display: Match State Changed from WaitingToStart to InProgress
[2017.11.29-05.49.11:190][325]LogGameState: Match State Changed from WaitingToStart to InProgress
[2017.11.29-05.49.11:190][325]LogLoad: Took 0.310335 seconds to LoadMap(/Game/Levels/GameLevel)
[2017.11.29-05.49.20:625][452]LogSynthBenchmark: Display: FSynthBenchmark (V0.95):  requested WorkScale=5.00
[2017.11.29-05.49.20:625][452]LogSynthBenchmark: Display: ===============
[2017.11.29-05.49.20:625][452]LogSynthBenchmark: Display: Main Processor:
[2017.11.29-05.49.20:817][452]LogSynthBenchmark: Display:          ... 0.019386 s/Run 'RayIntersect'
[2017.11.29-05.49.20:817][452]LogSynthBenchmark: Display:          ... 0.018960 s/Run 'Fractal'
[2017.11.29-05.49.20:817][452]LogSynthBenchmark: Display: 
[2017.11.29-05.49.20:817][452]LogSynthBenchmark: Display:   CompiledTarget_x_Bits: 64
[2017.11.29-05.49.20:817][452]LogSynthBenchmark: Display:   UE_BUILD_SHIPPING: 0
[2017.11.29-05.49.20:817][452]LogSynthBenchmark: Display:   UE_BUILD_TEST: 0
[2017.11.29-05.49.20:817][452]LogSynthBenchmark: Display:   UE_BUILD_DEBUG: 0
[2017.11.29-05.49.20:817][452]LogSynthBenchmark: Display:   TotalPhysicalGBRam: 16
[2017.11.29-05.49.20:817][452]LogSynthBenchmark: Display:   NumberOfCores (physical): 4
[2017.11.29-05.49.20:817][452]LogSynthBenchmark: Display:   NumberOfCores (logical): 4
[2017.11.29-05.49.20:817][452]LogSynthBenchmark: Display:   CPU Perf Index 0: 132.1 (weight 1.00)
[2017.11.29-05.49.20:817][452]LogSynthBenchmark: Display:   CPU Perf Index 1: 150.8 (weight 1.50)
[2017.11.29-05.49.20:817][452]LogSynthBenchmark: Display:  
[2017.11.29-05.49.20:817][452]LogSynthBenchmark: Display: Graphics:
[2017.11.29-05.49.20:817][452]LogSynthBenchmark: Display:   Adapter Name: 'NVIDIA GeForce GTX 780'
[2017.11.29-05.49.20:817][452]LogSynthBenchmark: Display:   (On Optimus the name might be wrong, memory should be ok)
[2017.11.29-05.49.20:817][452]LogSynthBenchmark: Display:   Vendor Id: 0x10DE
[2017.11.29-05.49.20:817][452]LogSynthBenchmark: Display:   Device Id: 0x1004
[2017.11.29-05.49.20:817][452]LogSynthBenchmark: Display:   Device Revision: 0xA1
[2017.11.29-05.49.20:817][452]LogSynthBenchmark: Display:   GPU Memory: 3040/0/8161 MB
[2017.11.29-05.49.20:889][452]LogSynthBenchmark: Display:   GPU first test: 0.01s
[2017.11.29-05.49.20:889][452]LogSynthBenchmark: Display:          ... 4.581 s/GigaPix, Confidence=100% 'ALUHeavyNoise' (likely to be very inaccurate)
[2017.11.29-05.49.20:889][452]LogSynthBenchmark: Display:          ... 6.726 s/GigaPix, Confidence=100% 'TexHeavy' (likely to be very inaccurate)
[2017.11.29-05.49.20:889][452]LogSynthBenchmark: Display:          ... 3.892 s/GigaPix, Confidence=100% 'DepTexHeavy' (likely to be very inaccurate)
[2017.11.29-05.49.20:889][452]LogSynthBenchmark: Display:          ... 11.646 s/GigaPix, Confidence=100% 'FillOnly' (likely to be very inaccurate)
[2017.11.29-05.49.20:889][452]LogSynthBenchmark: Display:          ... 0.803 s/GigaPix, Confidence=100% 'Bandwidth' (likely to be very inaccurate)
[2017.11.29-05.49.20:889][452]LogSynthBenchmark: Display:          ... 3.763 s/GigaVert, Confidence=100% 'VertThroughPut1' (likely to be very inaccurate)
[2017.11.29-05.49.20:889][452]LogSynthBenchmark: Display:          ... 4.451 s/GigaVert, Confidence=100% 'VertThroughPut2' (likely to be very inaccurate)
[2017.11.29-05.49.21:059][452]LogSynthBenchmark: Display:   GPU second test: 0.12s
[2017.11.29-05.49.21:059][452]LogSynthBenchmark: Display:          ... 6.283 s/GigaPix, Confidence=89% 'ALUHeavyNoise' (likely to be inaccurate)
[2017.11.29-05.49.21:060][452]LogSynthBenchmark: Display:          ... 10.455 s/GigaPix, Confidence=89% 'TexHeavy' (likely to be inaccurate)
[2017.11.29-05.49.21:060][452]LogSynthBenchmark: Display:          ... 5.506 s/GigaPix, Confidence=89% 'DepTexHeavy' (likely to be inaccurate)
[2017.11.29-05.49.21:060][452]LogSynthBenchmark: Display:          ... 26.604 s/GigaPix, Confidence=89% 'FillOnly' (likely to be inaccurate)
[2017.11.29-05.49.21:060][452]LogSynthBenchmark: Display:          ... 0.980 s/GigaPix, Confidence=100% 'Bandwidth' (likely to be inaccurate)
[2017.11.29-05.49.21:060][452]LogSynthBenchmark: Display:          ... 2.616 s/GigaVert, Confidence=100% 'VertThroughPut1' (likely to be inaccurate)
[2017.11.29-05.49.21:060][452]LogSynthBenchmark: Display:          ... 3.919 s/GigaVert, Confidence=100% 'VertThroughPut2' (likely to be inaccurate)
[2017.11.29-05.49.21:060][452]LogSynthBenchmark: Display:   GPU Final Results:
[2017.11.29-05.49.21:060][452]LogSynthBenchmark: Display:          ... 6.283 s/GigaPix, Confidence=89% 'ALUHeavyNoise'
[2017.11.29-05.49.21:060][452]LogSynthBenchmark: Display:          ... 10.455 s/GigaPix, Confidence=89% 'TexHeavy'
[2017.11.29-05.49.21:060][452]LogSynthBenchmark: Display:          ... 5.506 s/GigaPix, Confidence=89% 'DepTexHeavy'
[2017.11.29-05.49.21:060][452]LogSynthBenchmark: Display:          ... 26.604 s/GigaPix, Confidence=89% 'FillOnly'
[2017.11.29-05.49.21:060][452]LogSynthBenchmark: Display:          ... 0.980 s/GigaPix, Confidence=100% 'Bandwidth'
[2017.11.29-05.49.21:060][452]LogSynthBenchmark: Display:          ... 2.616 s/GigaVert, Confidence=100% 'VertThroughPut1'
[2017.11.29-05.49.21:060][452]LogSynthBenchmark: Display:          ... 3.919 s/GigaVert, Confidence=100% 'VertThroughPut2'
[2017.11.29-05.49.21:060][452]LogSynthBenchmark: Display: 
[2017.11.29-05.49.21:060][452]LogSynthBenchmark: Display:   GPU Perf Index 0: 136.5 (weight 1.00)
[2017.11.29-05.49.21:060][452]LogSynthBenchmark: Display:   GPU Perf Index 1: 140.4 (weight 0.10)
[2017.11.29-05.49.21:060][452]LogSynthBenchmark: Display:   GPU Perf Index 2: 143.1 (weight 0.10)
[2017.11.29-05.49.21:060][452]LogSynthBenchmark: Display:   GPU Perf Index 3: 104.5 (weight 3.00)
[2017.11.29-05.49.21:060][452]LogSynthBenchmark: Display:   GPU Perf Index 4: 91.4 (weight 1.00)
[2017.11.29-05.49.21:060][452]LogSynthBenchmark: Display:   GPU Perf Index 5: 170.2 (weight 0.00)
[2017.11.29-05.49.21:060][452]LogSynthBenchmark: Display:   GPU Perf Index 6: 221.8 (weight 0.00)
[2017.11.29-05.49.21:060][452]LogSynthBenchmark: Display:   CPUIndex: 143.3
[2017.11.29-05.49.21:060][452]LogSynthBenchmark: Display:   GPUIndex: 109.6
[2017.11.29-05.49.21:060][452]LogSynthBenchmark: Display: 
[2017.11.29-05.49.21:060][452]LogSynthBenchmark: Display:          ... Total Time: 0.434977 sec
[2017.11.29-05.49.25:920][ 33]LogBlueprintUserMessages: Early EndPlayMap Detection: Level '/Game/Levels/MainMenu.MainMenu:PersistentLevel' has LevelScriptBlueprint '/Game/Levels/MainMenu.MainMenu:PersistentLevel.MainMenu' with GeneratedClass '/Game/Levels/MainMenu.MainMenu_C' with ClassGeneratedBy '/Game/Levels/MainMenu.MainMenu:PersistentLevel.MainMenu'
[2017.11.29-05.49.25:950][ 33]LogBlueprintUserMessages: Late EndPlayMap Detection: Level '/Game/Levels/MainMenu.MainMenu:PersistentLevel' has LevelScriptBlueprint '/Game/Levels/MainMenu.MainMenu:PersistentLevel.MainMenu' with GeneratedClass '/Game/Levels/MainMenu.MainMenu_C' with ClassGeneratedBy '/Game/Levels/MainMenu.MainMenu:PersistentLevel.MainMenu'
[2017.11.29-05.49.38:817][457]LogSlate: Took 0.000120 seconds to synchronously load lazily loaded font '../../../Engine/Content/Slate/Fonts/Roboto-Light.ttf' (159K)
[2017.11.29-05.49.38:877][457]LogSlate: Took 0.000212 seconds to synchronously load lazily loaded font '../../../Engine/Content/Editor/Slate/Fonts/Roboto-BoldCondensed.ttf' (158K)
[2017.11.29-05.49.38:956][457]LogRenderer: Reallocating scene render targets to support 1528x920 Format 10 NumSamples 1 (Frame:1).
[2017.11.29-05.50.18:380][855]Cmd: TRANSACTION UNDO
[2017.11.29-05.50.18:380][855]LogEditorTransaction: Undo Edit X
[2017.11.29-05.50.18:402][855]LogSlate: Took 0.000180 seconds to synchronously load lazily loaded font '../../../Engine/Content/Slate/Fonts/Roboto-Light.ttf' (159K)
[2017.11.29-05.50.56:428][144]LogSavePackage: Save=11.26ms
[2017.11.29-05.50.56:428][144]LogSavePackage: Moving '../../../../../../Users/Justi/Desktop/unreal_projects/EndlessClicker/artProject_TheoryOfComputation/myArtProject/Saved/F_SpriteCC2891CA49858D13D0FFF491F0F52B8F.tmp' to '../../../../../../Users/Justi/Desktop/unreal_projects/EndlessClicker/artProject_TheoryOfComputation/myArtProject/Content/Sprites/F_Sprite.uasset'
[2017.11.29-05.50.56:430][144]LogSavePackage: Display: Finished SavePackage ../../../../../../Users/Justi/Desktop/unreal_projects/EndlessClicker/artProject_TheoryOfComputation/myArtProject/Content/Sprites/F_Sprite.uasset
[2017.11.29-05.50.59:348][438]LogTemp: Repeating last play command: Selected Viewport
[2017.11.29-05.50.59:370][438]LogBlueprintUserMessages: Early PlayInEditor Detection: Level '/Game/Levels/MainMenu.MainMenu:PersistentLevel' has LevelScriptBlueprint '/Game/Levels/MainMenu.MainMenu:PersistentLevel.MainMenu' with GeneratedClass '/Game/Levels/MainMenu.MainMenu_C' with ClassGeneratedBy '/Game/Levels/MainMenu.MainMenu:PersistentLevel.MainMenu'
[2017.11.29-05.50.59:370][438]LogPlayLevel: PlayLevel: No blueprints needed recompiling
[2017.11.29-05.50.59:370][438]PIE: New page: PIE session: MainMenu (Nov 28, 2017, 1:50:59 PM)
[2017.11.29-05.50.59:371][438]LogPlayLevel: Creating play world package: /Game/Levels/UEDPIE_0_MainMenu
[2017.11.29-05.50.59:371][438]LogPlayLevel: PIE: StaticDuplicateObject took: (0.000689s)
[2017.11.29-05.50.59:372][438]LogAIModule: Creating AISystem for world MainMenu
[2017.11.29-05.50.59:372][438]LogPlayLevel: PIE: World Init took: (0.000531s)
[2017.11.29-05.50.59:372][438]LogPlayLevel: PIE: Created PIE world by copying editor world from /Game/Levels/MainMenu.MainMenu to /Game/Levels/UEDPIE_0_MainMenu.MainMenu (0.001494s)
[2017.11.29-05.50.59:387][438]LogInit: XAudio2 using 'Headset Earphone (HyperX 7.1 Audio)' : 2 channels at 44.1 kHz using 16 bits per sample (channel mask 0x3)
[2017.11.29-05.50.59:393][438]LogInit: FAudioDevice initialized.
[2017.11.29-05.50.59:423][438]LogLoad: Game class is 'MyGameMode_C'
[2017.11.29-05.50.59:424][438]LogWorld: Bringing World /Game/Levels/UEDPIE_0_MainMenu.MainMenu up for play (max tick rate 0) at 2017.11.28-21.50.59
[2017.11.29-05.50.59:424][438]LogWorld: Bringing up level for play took: 0.000353
[2017.11.29-05.50.59:425][438]LogGameMode: Display: Match State Changed from EnteringMap to WaitingToStart
[2017.11.29-05.50.59:425][438]LogGameState: Match State Changed from EnteringMap to WaitingToStart
[2017.11.29-05.50.59:425][438]LogGameMode: Display: Match State Changed from WaitingToStart to InProgress
[2017.11.29-05.50.59:425][438]LogScriptCore: Warning: Script Msg: Attempted to access index 0 from array 'CallFunc_GetAllActorsOfClass_OutActors' of length 0 in '/Game/Blueprints/MyGameMode.MyGameMode_C:ExecuteUbergraph_MyGameMode'!
[2017.11.29-05.50.59:425][438]LogBlueprintUserMessages: Warning: SetTimer passed a bad function (SpawnEnemy) or object (None)
[2017.11.29-05.50.59:426][438]LogGameState: Match State Changed from WaitingToStart to InProgress
[2017.11.29-05.50.59:426][438]PIE: Play in editor start time for /Game/Levels/UEDPIE_0_MainMenu -0.852
[2017.11.29-05.50.59:426][438]LogBlueprintUserMessages: Late PlayInEditor Detection: Level '/Game/Levels/MainMenu.MainMenu:PersistentLevel' has LevelScriptBlueprint '/Game/Levels/MainMenu.MainMenu:PersistentLevel.MainMenu' with GeneratedClass '/Game/Levels/MainMenu.MainMenu_C' with ClassGeneratedBy '/Game/Levels/MainMenu.MainMenu:PersistentLevel.MainMenu'
[2017.11.29-05.51.00:991][625]LogGameMode: Display: Match State Changed from InProgress to LeavingMap
[2017.11.29-05.51.00:991][625]LogGameState: Match State Changed from InProgress to LeavingMap
[2017.11.29-05.51.00:991][625]LogNet: Browse: /Game/Levels/GameLevel
[2017.11.29-05.51.00:991][625]LogLoad: LoadMap: /Game/Levels/GameLevel
[2017.11.29-05.51.01:062][625]LogAIModule: Creating AISystem for world GameLevel
[2017.11.29-05.51.01:062][625]LogLoad: Game class is 'MyGameMode_C'
[2017.11.29-05.51.01:064][625]LogWorld: Bringing World /Game/Levels/UEDPIE_0_GameLevel.GameLevel up for play (max tick rate 0) at 2017.11.28-21.51.01
[2017.11.29-05.51.01:064][625]LogWorld: Bringing up level for play took: 0.001476
[2017.11.29-05.51.01:065][625]LogGameMode: FindPlayerStart: PATHS NOT DEFINED or NO PLAYERSTART with positive rating
[2017.11.29-05.51.01:065][625]LogGameMode: Display: Match State Changed from EnteringMap to WaitingToStart
[2017.11.29-05.51.01:065][625]LogGameState: Match State Changed from EnteringMap to WaitingToStart
[2017.11.29-05.51.01:065][625]LogGameMode: Display: Match State Changed from WaitingToStart to InProgress
[2017.11.29-05.51.01:067][625]LogGameState: Match State Changed from WaitingToStart to InProgress
[2017.11.29-05.51.01:067][625]LogLoad: Took 0.076062 seconds to LoadMap(/Game/Levels/GameLevel)
[2017.11.29-05.51.17:885][642]LogBlueprintUserMessages: Early EndPlayMap Detection: Level '/Game/Levels/MainMenu.MainMenu:PersistentLevel' has LevelScriptBlueprint '/Game/Levels/MainMenu.MainMenu:PersistentLevel.MainMenu' with GeneratedClass '/Game/Levels/MainMenu.MainMenu_C' with ClassGeneratedBy '/Game/Levels/MainMenu.MainMenu:PersistentLevel.MainMenu'
[2017.11.29-05.51.17:920][642]LogBlueprintUserMessages: Late EndPlayMap Detection: Level '/Game/Levels/MainMenu.MainMenu:PersistentLevel' has LevelScriptBlueprint '/Game/Levels/MainMenu.MainMenu:PersistentLevel.MainMenu' with GeneratedClass '/Game/Levels/MainMenu.MainMenu_C' with ClassGeneratedBy '/Game/Levels/MainMenu.MainMenu:PersistentLevel.MainMenu'
[2017.11.29-05.51.29:089][388]LogContentBrowser: Native class hierarchy updated for 'BlueprintGraph' in 0.0005 seconds. Added 116 classes and 0 folders.
[2017.11.29-05.51.29:663][388]LogSlate: Took 0.000152 seconds to synchronously load lazily loaded font '../../../Engine/Content/Slate/Fonts/Roboto-Regular.ttf' (155K)
[2017.11.29-05.51.29:948][389]LogSlate: Took 0.000166 seconds to synchronously load lazily loaded font '../../../Engine/Content/Editor/Slate/Fonts/Roboto-Italic.ttf' (157K)
[2017.11.29-05.52.00:118][646]LogTemp: Repeating last play command: Selected Viewport
[2017.11.29-05.52.00:145][646]LogBlueprintUserMessages: Early PlayInEditor Detection: Level '/Game/Levels/MainMenu.MainMenu:PersistentLevel' has LevelScriptBlueprint '/Game/Levels/MainMenu.MainMenu:PersistentLevel.MainMenu' with GeneratedClass '/Game/Levels/MainMenu.MainMenu_C' with ClassGeneratedBy '/Game/Levels/MainMenu.MainMenu:PersistentLevel.MainMenu'
[2017.11.29-05.52.00:145][646]LogPlayLevel: PlayLevel: No blueprints needed recompiling
[2017.11.29-05.52.00:146][646]PIE: New page: PIE session: MainMenu (Nov 28, 2017, 1:52:00 PM)
[2017.11.29-05.52.00:146][646]LogPlayLevel: Creating play world package: /Game/Levels/UEDPIE_0_MainMenu
[2017.11.29-05.52.00:147][646]LogPlayLevel: PIE: StaticDuplicateObject took: (0.000833s)
[2017.11.29-05.52.00:147][646]LogAIModule: Creating AISystem for world MainMenu
[2017.11.29-05.52.00:147][646]LogPlayLevel: PIE: World Init took: (0.000661s)
[2017.11.29-05.52.00:148][646]LogPlayLevel: PIE: Created PIE world by copying editor world from /Game/Levels/MainMenu.MainMenu to /Game/Levels/UEDPIE_0_MainMenu.MainMenu (0.001730s)
[2017.11.29-05.52.00:174][646]LogInit: XAudio2 using 'Headset Earphone (HyperX 7.1 Audio)' : 2 channels at 44.1 kHz using 16 bits per sample (channel mask 0x3)
[2017.11.29-05.52.00:180][646]LogInit: FAudioDevice initialized.
[2017.11.29-05.52.00:214][646]LogLoad: Game class is 'MyGameMode_C'
[2017.11.29-05.52.00:214][646]LogWorld: Bringing World /Game/Levels/UEDPIE_0_MainMenu.MainMenu up for play (max tick rate 0) at 2017.11.28-21.52.00
[2017.11.29-05.52.00:215][646]LogWorld: Bringing up level for play took: 0.000404
[2017.11.29-05.52.00:215][646]LogGameMode: Display: Match State Changed from EnteringMap to WaitingToStart
[2017.11.29-05.52.00:215][646]LogGameState: Match State Changed from EnteringMap to WaitingToStart
[2017.11.29-05.52.00:215][646]LogGameMode: Display: Match State Changed from WaitingToStart to InProgress
[2017.11.29-05.52.00:216][646]LogScriptCore: Warning: Script Msg: Attempted to access index 0 from array 'CallFunc_GetAllActorsOfClass_OutActors' of length 0 in '/Game/Blueprints/MyGameMode.MyGameMode_C:ExecuteUbergraph_MyGameMode'!
[2017.11.29-05.52.00:216][646]LogBlueprintUserMessages: Warning: SetTimer passed a bad function (SpawnEnemy) or object (None)
[2017.11.29-05.52.00:217][646]LogGameState: Match State Changed from WaitingToStart to InProgress
[2017.11.29-05.52.00:217][646]PIE: Play in editor start time for /Game/Levels/UEDPIE_0_MainMenu -0.061
[2017.11.29-05.52.00:217][646]LogBlueprintUserMessages: Late PlayInEditor Detection: Level '/Game/Levels/MainMenu.MainMenu:PersistentLevel' has LevelScriptBlueprint '/Game/Levels/MainMenu.MainMenu:PersistentLevel.MainMenu' with GeneratedClass '/Game/Levels/MainMenu.MainMenu_C' with ClassGeneratedBy '/Game/Levels/MainMenu.MainMenu:PersistentLevel.MainMenu'
[2017.11.29-05.52.08:025][582]LogBlueprintUserMessages: Early EndPlayMap Detection: Level '/Game/Levels/MainMenu.MainMenu:PersistentLevel' has LevelScriptBlueprint '/Game/Levels/MainMenu.MainMenu:PersistentLevel.MainMenu' with GeneratedClass '/Game/Levels/MainMenu.MainMenu_C' with ClassGeneratedBy '/Game/Levels/MainMenu.MainMenu:PersistentLevel.MainMenu'
[2017.11.29-05.52.08:060][582]LogBlueprintUserMessages: Late EndPlayMap Detection: Level '/Game/Levels/MainMenu.MainMenu:PersistentLevel' has LevelScriptBlueprint '/Game/Levels/MainMenu.MainMenu:PersistentLevel.MainMenu' with GeneratedClass '/Game/Levels/MainMenu.MainMenu_C' with ClassGeneratedBy '/Game/Levels/MainMenu.MainMenu:PersistentLevel.MainMenu'
[2017.11.29-05.52.47:557][991]BlueprintLog: New page: Compile MyGameMode
[2017.11.29-05.52.48:160][  4]LogSavePackage: Save=104.10ms
[2017.11.29-05.52.48:160][  4]LogSavePackage: Moving '../../../../../../Users/Justi/Desktop/unreal_projects/EndlessClicker/artProject_TheoryOfComputation/myArtProject/Saved/MyGameMode54E38A004C9B0A0136A191A23AAE59BE.tmp' to '../../../../../../Users/Justi/Desktop/unreal_projects/EndlessClicker/artProject_TheoryOfComputation/myArtProject/Content/Blueprints/MyGameMode.uasset'
[2017.11.29-05.52.48:164][  4]LogSavePackage: Display: Finished SavePackage ../../../../../../Users/Justi/Desktop/unreal_projects/EndlessClicker/artProject_TheoryOfComputation/myArtProject/Content/Blueprints/MyGameMode.uasset
