Log file open, 11/29/17 00:09:58
LogWindows: Failed to load 'aqProf.dll' (GetLastError=126)
LogWindows: File 'aqProf.dll' does not exist
LogWindows: Failed to load 'VtuneApi.dll' (GetLastError=126)
LogWindows: File 'VtuneApi.dll' does not exist
LogWindows: Failed to load 'VtuneApi32e.dll' (GetLastError=126)
LogWindows: File 'VtuneApi32e.dll' does not exist
LogInit: Display: Running engine for game: myArtProject
LogPlatformFile: Not using cached read wrapper
LogInit: Display: RandInit(1069526811) SRandInit(1069526811).
LogInit: Read version file with build ID '3709383'
LogInit: Overriding engine version to CL 3754814, compatible CL 3709383
LogInit: Registered custom module enumerator with build ID '3709383'
LogTaskGraph: Started task graph with 5 named threads and 14 total threads with 3 sets of task threads.
LogStats: Stats thread started at 0.162475
LogD3D11RHI: Aftermath initialized
LogModuleManager: Display: Found up-to-date module file ../../../Engine/Plugins/2D/Paper2D/Binaries/Win64/UE4Editor-Paper2D.dll (API version 3709383).
LogModuleManager: Display: Found up-to-date module file ../../../Engine/Plugins/2D/Paper2D/Binaries/Win64/UE4Editor-Paper2DEditor.dll (API version 3709383).
LogModuleManager: Display: Found up-to-date module file ../../../Engine/Plugins/2D/Paper2D/Binaries/Win64/UE4Editor-PaperSpriteSheetImporter.dll (API version 3709383).
LogModuleManager: Display: Found up-to-date module file ../../../Engine/Plugins/2D/Paper2D/Binaries/Win64/UE4Editor-PaperTiledImporter.dll (API version 3709383).
LogModuleManager: Display: Found up-to-date module file ../../../Engine/Plugins/2D/Paper2D/Binaries/Win64/UE4Editor-SmartSnapping.dll (API version 3709383).
LogModuleManager: Display: Found up-to-date module file ../../../Engine/Plugins/Blendables/LightPropagationVolume/Binaries/Win64/UE4Editor-LightPropagationVolumeRuntime.dll (API version 3709383).
LogModuleManager: Display: Found up-to-date module file ../../../Engine/Plugins/Blendables/LightPropagationVolume/Binaries/Win64/UE4Editor-LightPropagationVolumeEditor.dll (API version 3709383).
LogModuleManager: Display: Found up-to-date module file ../../../Engine/Plugins/Developer/GitSourceControl/Binaries/Win64/UE4Editor-GitSourceControl.dll (API version 3709383).
LogModuleManager: Display: Found up-to-date module file ../../../Engine/Plugins/Developer/PerforceSourceControl/Binaries/Win64/UE4Editor-PerforceSourceControl.dll (API version 3709383).
LogModuleManager: Display: Found up-to-date module file ../../../Engine/Plugins/Developer/SubversionSourceControl/Binaries/Win64/UE4Editor-SubversionSourceControl.dll (API version 3709383).
LogModuleManager: Display: Found up-to-date module file ../../../Engine/Plugins/Developer/UObjectPlugin/Binaries/Win64/UE4Editor-UObjectPlugin.dll (API version 3709383).
LogModuleManager: Display: Found up-to-date module file ../../../Engine/Plugins/Developer/VisualStudioCodeSourceCodeAccess/Binaries/Win64/UE4Editor-VisualStudioCodeSourceCodeAccess.dll (API version 3709383).
LogModuleManager: Display: Found up-to-date module file ../../../Engine/Plugins/Developer/VisualStudioSourceCodeAccess/Binaries/Win64/UE4Editor-VisualStudioSourceCodeAccess.dll (API version 3709383).
LogModuleManager: Display: Found up-to-date module file ../../../Engine/Plugins/Editor/AssetManagerEditor/Binaries/Win64/UE4Editor-AssetManagerEditor.dll (API version 3709383).
LogModuleManager: Display: Found up-to-date module file ../../../Engine/Plugins/Editor/AudioCapture/Binaries/Win64/UE4Editor-AudioCapture.dll (API version 3709383).
LogModuleManager: Display: Found up-to-date module file ../../../Engine/Plugins/Editor/FacialAnimation/Binaries/Win64/UE4Editor-FacialAnimation.dll (API version 3709383).
LogModuleManager: Display: Found up-to-date module file ../../../Engine/Plugins/Editor/FacialAnimation/Binaries/Win64/UE4Editor-FacialAnimationEditor.dll (API version 3709383).
LogModuleManager: Display: Found up-to-date module file ../../../Engine/Plugins/Editor/GameplayTagsEditor/Binaries/Win64/UE4Editor-GameplayTagsEditor.dll (API version 3709383).
LogModuleManager: Display: Found up-to-date module file ../../../Engine/Plugins/Editor/MobileLauncherProfileWizard/Binaries/Win64/UE4Editor-MobileLauncherProfileWizard.dll (API version 3709383).
LogModuleManager: Display: Found up-to-date module file ../../../Engine/Plugins/Editor/PluginBrowser/Binaries/Win64/UE4Editor-PluginBrowser.dll (API version 3709383).
LogModuleManager: Display: Found up-to-date module file ../../../Engine/Plugins/Editor/SpeedTreeImporter/Binaries/Win64/UE4Editor-SpeedTreeImporter.dll (API version 3709383).
LogModuleManager: Display: Found up-to-date module file ../../../Engine/Plugins/Experimental/AlembicImporter/Binaries/Win64/UE4Editor-AlembicImporter.dll (API version 3709383).
LogModuleManager: Display: Found up-to-date module file ../../../Engine/Plugins/Experimental/AlembicImporter/Binaries/Win64/UE4Editor-AlembicLibrary.dll (API version 3709383).
LogModuleManager: Display: Found up-to-date module file ../../../Engine/Plugins/Experimental/CharacterAI/Binaries/Win64/UE4Editor-CharacterAI.dll (API version 3709383).
LogModuleManager: Display: Found up-to-date module file ../../../Engine/Plugins/Experimental/HTML5Networking/Binaries/Win64/UE4Editor-HTML5Networking.dll (API version 3709383).
LogModuleManager: Display: Found up-to-date module file ../../../Engine/Plugins/Media/AndroidMedia/Binaries/Win64/UE4Editor-AndroidMediaEditor.dll (API version 3709383).
LogModuleManager: Display: Found up-to-date module file ../../../Engine/Plugins/Media/AndroidMedia/Binaries/Win64/UE4Editor-AndroidMediaFactory.dll (API version 3709383).
LogModuleManager: Display: Found up-to-date module file ../../../Engine/Plugins/Media/AvfMedia/Binaries/Win64/UE4Editor-AvfMediaEditor.dll (API version 3709383).
LogModuleManager: Display: Found up-to-date module file ../../../Engine/Plugins/Media/AvfMedia/Binaries/Win64/UE4Editor-AvfMediaFactory.dll (API version 3709383).
LogModuleManager: Display: Found up-to-date module file ../../../Engine/Plugins/Media/AvfMedia/Binaries/Win64/UE4Editor-AvfMediaFactory.dll (API version 3709383).
LogModuleManager: Display: Found up-to-date module file ../../../Engine/Plugins/Media/ImgMedia/Binaries/Win64/UE4Editor-ImgMedia.dll (API version 3709383).
LogModuleManager: Display: Found up-to-date module file ../../../Engine/Plugins/Media/ImgMedia/Binaries/Win64/UE4Editor-ImgMediaEditor.dll (API version 3709383).
LogModuleManager: Display: Found up-to-date module file ../../../Engine/Plugins/Media/ImgMedia/Binaries/Win64/UE4Editor-ImgMediaFactory.dll (API version 3709383).
LogModuleManager: Display: Found up-to-date module file ../../../Engine/Plugins/Media/ImgMedia/Binaries/Win64/UE4Editor-ImgMediaFactory.dll (API version 3709383).
LogModuleManager: Display: Found up-to-date module file ../../../Engine/Plugins/Media/ImgMedia/Binaries/Win64/UE4Editor-OpenExrWrapper.dll (API version 3709383).
LogModuleManager: Display: Found up-to-date module file ../../../Engine/Plugins/Media/MediaCompositing/Binaries/Win64/UE4Editor-MediaCompositing.dll (API version 3709383).
LogModuleManager: Display: Found up-to-date module file ../../../Engine/Plugins/Media/MediaCompositing/Binaries/Win64/UE4Editor-MediaCompositingEditor.dll (API version 3709383).
LogModuleManager: Display: Found up-to-date module file ../../../Engine/Plugins/Media/MediaPlayerEditor/Binaries/Win64/UE4Editor-MediaPlayerEditor.dll (API version 3709383).
LogModuleManager: Display: Found up-to-date module file ../../../Engine/Plugins/Media/WmfMedia/Binaries/Win64/UE4Editor-WmfMedia.dll (API version 3709383).
LogModuleManager: Display: Found up-to-date module file ../../../Engine/Plugins/Media/WmfMedia/Binaries/Win64/UE4Editor-WmfMediaEditor.dll (API version 3709383).
LogModuleManager: Display: Found up-to-date module file ../../../Engine/Plugins/Media/WmfMedia/Binaries/Win64/UE4Editor-WmfMediaFactory.dll (API version 3709383).
LogModuleManager: Display: Found up-to-date module file ../../../Engine/Plugins/Media/WmfMedia/Binaries/Win64/UE4Editor-WmfMediaFactory.dll (API version 3709383).
LogModuleManager: Display: Found up-to-date module file ../../../Engine/Plugins/Messaging/TcpMessaging/Binaries/Win64/UE4Editor-TcpMessaging.dll (API version 3709383).
LogModuleManager: Display: Found up-to-date module file ../../../Engine/Plugins/Messaging/UdpMessaging/Binaries/Win64/UE4Editor-UdpMessaging.dll (API version 3709383).
LogModuleManager: Display: Found up-to-date module file ../../../Engine/Plugins/MovieScene/ActorSequence/Binaries/Win64/UE4Editor-ActorSequence.dll (API version 3709383).
LogModuleManager: Display: Found up-to-date module file ../../../Engine/Plugins/MovieScene/LevelSequenceEditor/Binaries/Win64/UE4Editor-LevelSequenceEditor.dll (API version 3709383).
LogModuleManager: Display: Found up-to-date module file ../../../Engine/Plugins/MovieScene/MatineeToLevelSequence/Binaries/Win64/UE4Editor-MatineeToLevelSequence.dll (API version 3709383).
LogModuleManager: Display: Found up-to-date module file ../../../Engine/Plugins/Online/OnlineSubsystem/Binaries/Win64/UE4Editor-OnlineSubsystem.dll (API version 3709383).
LogModuleManager: Display: Found up-to-date module file ../../../Engine/Plugins/Runtime/AndroidPermission/Binaries/Win64/UE4Editor-AndroidPermission.dll (API version 3709383).
LogModuleManager: Display: Found up-to-date module file ../../../Engine/Plugins/Online/OnlineSubsystemNull/Binaries/Win64/UE4Editor-OnlineSubsystemNull.dll (API version 3709383).
LogModuleManager: Display: Found up-to-date module file ../../../Engine/Plugins/Online/OnlineSubsystemUtils/Binaries/Win64/UE4Editor-OnlineSubsystemUtils.dll (API version 3709383).
LogModuleManager: Display: Found up-to-date module file ../../../Engine/Plugins/Online/OnlineSubsystemUtils/Binaries/Win64/UE4Editor-OnlineBlueprintSupport.dll (API version 3709383).
LogModuleManager: Display: Found up-to-date module file ../../../Engine/Plugins/Runtime/AndroidDeviceProfileSelector/Binaries/Win64/UE4Editor-AndroidDeviceProfileSelector.dll (API version 3709383).
LogModuleManager: Display: Found up-to-date module file ../../../Engine/Plugins/Runtime/AppleARKit/Binaries/Win64/UE4Editor-AppleARKit.dll (API version 3709383).
LogModuleManager: Display: Found up-to-date module file ../../../Engine/Plugins/Runtime/ArchVisCharacter/Binaries/Win64/UE4Editor-ArchVisCharacter.dll (API version 3709383).
LogModuleManager: Display: Found up-to-date module file ../../../Engine/Plugins/Runtime/CableComponent/Binaries/Win64/UE4Editor-CableComponent.dll (API version 3709383).
LogModuleManager: Display: Found up-to-date module file ../../../Engine/Plugins/Runtime/CustomMeshComponent/Binaries/Win64/UE4Editor-CustomMeshComponent.dll (API version 3709383).
LogModuleManager: Display: Found up-to-date module file ../../../Engine/Plugins/Runtime/ExampleDeviceProfileSelector/Binaries/Win64/UE4Editor-ExampleDeviceProfileSelector.dll (API version 3709383).
LogModuleManager: Display: Found up-to-date module file ../../../Engine/Plugins/Runtime/ImmediatePhysics/Binaries/Win64/UE4Editor-ImmediatePhysics.dll (API version 3709383).
LogModuleManager: Display: Found up-to-date module file ../../../Engine/Plugins/Runtime/ImmediatePhysics/Binaries/Win64/UE4Editor-ImmediatePhysicsEditor.dll (API version 3709383).
LogModuleManager: Display: Found up-to-date module file ../../../Engine/Plugins/Runtime/LocationServicesBPLibrary/Binaries/Win64/UE4Editor-LocationServicesBPLibrary.dll (API version 3709383).
LogModuleManager: Display: Found up-to-date module file ../../../Engine/Plugins/Runtime/MobilePatchingUtils/Binaries/Win64/UE4Editor-MobilePatchingUtils.dll (API version 3709383).
LogModuleManager: Display: Found up-to-date module file ../../../Engine/Plugins/Runtime/Oculus/OculusVR/Binaries/Win64/UE4Editor-OculusHMD.dll (API version 3709383).
LogModuleManager: Display: Found up-to-date module file ../../../Engine/Plugins/Runtime/Oculus/OculusVR/Binaries/Win64/UE4Editor-OculusInput.dll (API version 3709383).
LogModuleManager: Display: Found up-to-date module file ../../../Engine/Plugins/Runtime/Oculus/OculusVR/Binaries/Win64/UE4Editor-OculusEditor.dll (API version 3709383).
LogModuleManager: Display: Found up-to-date module file ../../../Engine/Plugins/Runtime/PhysXVehicles/Binaries/Win64/UE4Editor-PhysXVehicles.dll (API version 3709383).
LogModuleManager: Display: Found up-to-date module file ../../../Engine/Plugins/Runtime/PhysXVehicles/Binaries/Win64/UE4Editor-PhysXVehiclesEditor.dll (API version 3709383).
LogModuleManager: Display: Found up-to-date module file ../../../Engine/Plugins/Runtime/ProceduralMeshComponent/Binaries/Win64/UE4Editor-ProceduralMeshComponent.dll (API version 3709383).
LogModuleManager: Display: Found up-to-date module file ../../../Engine/Plugins/Runtime/ProceduralMeshComponent/Binaries/Win64/UE4Editor-ProceduralMeshComponentEditor.dll (API version 3709383).
LogModuleManager: Display: Found up-to-date module file ../../../Engine/Plugins/Runtime/RuntimePhysXCooking/Binaries/Win64/UE4Editor-RuntimePhysXCooking.dll (API version 3709383).
LogModuleManager: Display: Found up-to-date module file ../../../Engine/Plugins/Runtime/Steam/SteamVR/Binaries/Win64/UE4Editor-SteamVR.dll (API version 3709383).
LogModuleManager: Display: Found up-to-date module file ../../../Engine/Plugins/Runtime/Steam/SteamVR/Binaries/Win64/UE4Editor-SteamVRController.dll (API version 3709383).
LogModuleManager: Display: Found up-to-date module file ../../../Engine/Plugins/Runtime/WindowsMoviePlayer/Binaries/Win64/UE4Editor-WindowsMoviePlayer.dll (API version 3709383).
LogPluginManager: Mounting plugin Paper2D
LogPluginManager: Mounting plugin LightPropagationVolume
LogPluginManager: Mounting plugin CodeLiteSourceCodeAccess
LogPluginManager: Mounting plugin GitSourceControl
LogPluginManager: Mounting plugin KDevelopSourceCodeAccess
LogPluginManager: Mounting plugin NullSourceCodeAccess
LogPluginManager: Mounting plugin PerforceSourceControl
LogPluginManager: Mounting plugin SubversionSourceControl
LogPluginManager: Mounting plugin UObjectPlugin
LogPluginManager: Mounting plugin VisualStudioCodeSourceCodeAccess
LogPluginManager: Mounting plugin VisualStudioSourceCodeAccess
LogPluginManager: Mounting plugin XCodeSourceCodeAccess
LogPluginManager: Mounting plugin AssetManagerEditor
LogPluginManager: Mounting plugin AudioCapture
LogPluginManager: Mounting plugin FacialAnimation
LogPluginManager: Mounting plugin GameplayTagsEditor
LogPluginManager: Mounting plugin MobileLauncherProfileWizard
LogPluginManager: Mounting plugin PluginBrowser
LogPluginManager: Mounting plugin SpeedTreeImporter
LogPluginManager: Mounting plugin AlembicImporter
LogPluginManager: Mounting plugin CharacterAI
LogPluginManager: Mounting plugin HTML5Networking
LogPluginManager: Mounting plugin AndroidMedia
LogPluginManager: Mounting plugin AvfMedia
LogPluginManager: Mounting plugin ImgMedia
LogPluginManager: Mounting plugin MediaCompositing
LogPluginManager: Mounting plugin MediaPlayerEditor
LogPluginManager: Mounting plugin WmfMedia
LogPluginManager: Mounting plugin TcpMessaging
LogPluginManager: Mounting plugin UdpMessaging
LogPluginManager: Mounting plugin ActorSequence
LogPluginManager: Mounting plugin LevelSequenceEditor
LogPluginManager: Mounting plugin MatineeToLevelSequence
LogPluginManager: Mounting plugin OnlineSubsystemGooglePlay
LogPluginManager: Mounting plugin OnlineSubsystemIOS
LogPluginManager: Mounting plugin OnlineSubsystem
LogPluginManager: Mounting plugin OnlineSubsystemNull
LogPluginManager: Mounting plugin OnlineSubsystemUtils
LogPluginManager: Mounting plugin AndroidDeviceProfileSelector
LogPluginManager: Mounting plugin AndroidMoviePlayer
LogPluginManager: Mounting plugin AndroidPermission
LogPluginManager: Mounting plugin AppleARKit
LogPluginManager: Mounting plugin AppleMoviePlayer
LogPluginManager: Mounting plugin ArchVisCharacter
LogPluginManager: Mounting plugin CableComponent
LogPluginManager: Mounting plugin CustomMeshComponent
LogPluginManager: Mounting plugin ExampleDeviceProfileSelector
LogPluginManager: Mounting plugin GoogleCloudMessaging
LogPluginManager: Mounting plugin ImmediatePhysics
LogPluginManager: Mounting plugin IOSDeviceProfileSelector
LogPluginManager: Mounting plugin LinuxDeviceProfileSelector
LogPluginManager: Mounting plugin LocationServicesBPLibrary
LogPluginManager: Mounting plugin MobilePatchingUtils
LogPluginManager: Mounting plugin OculusVR
LogPluginManager: Plugin shader directory ../../../Engine/Plugins/Runtime/Oculus/OculusVR/Shaders found
LogPluginManager: Mapping shader source directory ../../../Engine/Plugins/Runtime/Oculus/OculusVR/Shaders to virtual directory /Plugin/OculusVR
LogPluginManager: Mounting plugin PhysXVehicles
LogPluginManager: Mounting plugin ProceduralMeshComponent
LogPluginManager: Mounting plugin RuntimePhysXCooking
LogPluginManager: Mounting plugin SteamVR
LogPluginManager: Mounting plugin WindowsMoviePlayer
LogInit: Using libcurl 7.47.1
LogInit:  - built for x86_64-pc-win32
LogInit:  - supports SSL with OpenSSL/1.0.2g
LogInit:  - supports HTTP deflate (compression) using libz 1.2.8
LogInit:  - other features:
LogInit:      CURL_VERSION_SSL
LogInit:      CURL_VERSION_LIBZ
LogInit:      CURL_VERSION_IPV6
LogInit:      CURL_VERSION_ASYNCHDNS
LogInit:      CURL_VERSION_LARGEFILE
LogInit:      CURL_VERSION_IDN
LogInit:  CurlRequestOptions (configurable via config and command line):
LogInit:  - bVerifyPeer = false  - Libcurl will NOT verify peer certificate
LogInit:  - bUseHttpProxy = false  - Libcurl will NOT use HTTP proxy
LogInit:  - bDontReuseConnections = false  - Libcurl will reuse connections
LogInit:  - CertBundlePath = nullptr  - Libcurl will use whatever was configured at build time.
LogInit: Build: ++UE4+Release-4.18-CL-3754814
LogInit: Engine Version: 4.18.1-3754814+++UE4+Release-4.18
LogInit: Compatible Engine Version: 4.18.0-3709383+++UE4+Release-4.18
LogInit: Net CL: 3709383
LogDevObjectVersion: Number of dev versions registered: 16
LogDevObjectVersion:   Dev-Blueprints (B0D832E4-1F89-4F0D-ACCF-7EB736FD4AA2): 10
LogDevObjectVersion:   Dev-Build (E1C64328-A22C-4D53-A36C-8E866417BD8C): 0
LogDevObjectVersion:   Dev-Core (375EC13C-06E4-48FB-B500-84F0262A717E): 2
LogDevObjectVersion:   Dev-Editor (E4B068ED-F494-42E9-A231-DA0B2E46BB41): 20
LogDevObjectVersion:   Dev-Framework (CFFC743F-43B0-4480-9391-14DF171D2073): 30
LogDevObjectVersion:   Dev-Mobile (B02B49B5-BB20-44E9-A304-32B752E40360): 0
LogDevObjectVersion:   Dev-Networking (A4E4105C-59A1-49B5-A7C5-40C4547EDFEE): 0
LogDevObjectVersion:   Dev-Online (39C831C9-5AE6-47DC-9A44-9C173E1C8E7C): 0
LogDevObjectVersion:   Dev-Physics (78F01B33-EBEA-4F98-B9B4-84EACCB95AA2): 0
LogDevObjectVersion:   Dev-Platform (6631380F-2D4D-43E0-8009-CF276956A95A): 0
LogDevObjectVersion:   Dev-Rendering (12F88B9F-8875-4AFC-A67C-D90C383ABD29): 20
LogDevObjectVersion:   Dev-Sequencer (7B5AE74C-D270-4C10-A958-57980B212A5A): 4
LogDevObjectVersion:   Dev-VR (D7296918-1DD6-4BDD-9DE2-64A83CC13884): 0
LogDevObjectVersion:   Dev-LoadTimes (C2A15278-BFE7-4AFE-6C17-90FF531DF755): 1
LogDevObjectVersion:   Private-Geometry (6EACA3D4-40EC-4CC1-B786-8BED09428FC5): 1
LogDevObjectVersion:   Dev-AnimPhys (29E575DD-E0A3-4627-9D10-D276232CDCEA): 12
LogInit: Compiled (64-bit): Nov 14 2017 02:05:55
LogInit: Compiled with Visual C++: 19.00.24215.01
LogInit: Build Configuration: Development
LogInit: Branch Name: ++UE4+Release-4.18
LogInit: Command line:  
LogInit: Base directory: C:/Program Files/Epic Games/UE_4.18/Engine/Binaries/Win64/
LogInit: Installed Engine Build: 1
LogInit: Presizing for max 8388607 objects, including 0 objects not considered by GC, pre-allocating 0 bytes for permanent pool.
LogInit: Object subsystem initialized
[2017.11.29-08.09.59:538][  0]LogInit: Selected Device Profile: [Windows]
[2017.11.29-08.09.59:538][  0]LogInit: Applying CVar settings loaded from the selected device profile: [Windows]
[2017.11.29-08.09.59:550][  0]LogInit: Computer: DESKTOP-A54SF20
[2017.11.29-08.09.59:550][  0]LogInit: User: Justi
[2017.11.29-08.09.59:550][  0]LogInit: CPU Page size=4096, Cores=4
[2017.11.29-08.09.59:550][  0]LogInit: High frequency timer resolution =3.318390 MHz
[2017.11.29-08.09.59:550][  0]LogMemory: Memory total: Physical=15.9GB (16GB approx)
[2017.11.29-08.09.59:550][  0]LogMemory: Platform Memory Stats for Windows
[2017.11.29-08.09.59:550][  0]LogMemory: Process Physical Memory: 273.35 MB used, 273.35 MB peak
[2017.11.29-08.09.59:550][  0]LogMemory: Process Virtual Memory: 271.60 MB used, 271.60 MB peak
[2017.11.29-08.09.59:550][  0]LogMemory: Physical Memory: 6233.39 MB used,  10088.01 MB free, 16321.41 MB total
[2017.11.29-08.09.59:550][  0]LogMemory: Virtual Memory: 645.46 MB used,  10088.01 MB free, 134217728.00 MB total
[2017.11.29-08.09.59:669][  0]LogInit: Using OS detected language (en-US).
[2017.11.29-08.09.59:669][  0]LogInit: Using OS detected locale (en-US).
[2017.11.29-08.09.59:672][  0]LogTextLocalizationManager: No specific localization for 'en-US' exists, so the 'en' localization will be used.
[2017.11.29-08.10.00:055][  0]LogInit: Setting process to per monitor DPI aware
[2017.11.29-08.10.00:270][  0]LogD3D11RHI: D3D11 adapters:
[2017.11.29-08.10.00:305][  0]LogD3D11RHI:    0. 'NVIDIA GeForce GTX 780' (Feature Level 11_0)
[2017.11.29-08.10.00:305][  0]LogD3D11RHI:       3039/0/8160 MB DedicatedVideo/DedicatedSystem/SharedSystem, Outputs:1, VendorId:0x10de
[2017.11.29-08.10.00:306][  0]LogD3D11RHI:    1. 'Microsoft Basic Render Driver' (Feature Level 11_0)
[2017.11.29-08.10.00:306][  0]LogD3D11RHI:       0/0/8160 MB DedicatedVideo/DedicatedSystem/SharedSystem, Outputs:0, VendorId:0x1414
[2017.11.29-08.10.00:306][  0]LogD3D11RHI: Chosen D3D11 Adapter: 0
[2017.11.29-08.10.00:311][  0]LogD3D11RHI: Creating new Direct3DDevice
[2017.11.29-08.10.00:311][  0]LogD3D11RHI:     GPU DeviceId: 0x1004 (for the marketing name, search the web for "GPU Device Id")
[2017.11.29-08.10.00:311][  0]LogWindows: EnumDisplayDevices:
[2017.11.29-08.10.00:311][  0]LogWindows:    0. 'NVIDIA GeForce GTX 780' (P:1 D:1)
[2017.11.29-08.10.00:311][  0]LogWindows:    1. 'NVIDIA GeForce GTX 780' (P:0 D:0)
[2017.11.29-08.10.00:312][  0]LogWindows:    2. 'NVIDIA GeForce GTX 780' (P:0 D:0)
[2017.11.29-08.10.00:312][  0]LogWindows:    3. 'NVIDIA GeForce GTX 780' (P:0 D:0)
[2017.11.29-08.10.00:312][  0]LogWindows: DebugString: FoundDriverCount:4 
[2017.11.29-08.10.00:312][  0]LogD3D11RHI:     Adapter Name: NVIDIA GeForce GTX 780
[2017.11.29-08.10.00:312][  0]LogD3D11RHI:   Driver Version: 388.31 (internal:23.21.13.8831, unified:388.31)
[2017.11.29-08.10.00:312][  0]LogD3D11RHI:      Driver Date: 11-14-2017
[2017.11.29-08.10.00:312][  0]LogRHI: Texture pool is 2127 MB (70% of 3039 MB)
[2017.11.29-08.10.00:332][  0]LogD3D11RHI: Async texture creation enabled
[2017.11.29-08.10.00:382][  0]LogD3D11RHI: GPU Timing Frequency: 1000.000000 (Debug: 2 1)
[2017.11.29-08.10.00:430][  0]LogShaderCompilers: Guid format shader working directory is -66 characters bigger than the processId version (../../../../../../Users/Justi/Desktop/unreal_projects/EndlessClicker/artProject_TheoryOfComputation/myArtProject/Intermediate/Shaders/WorkingDirectory/4072/).
[2017.11.29-08.10.00:430][  0]LogShaderCompilers: Cleaned the shader compiler working directory 'C:/Users/Justi/AppData/Local/Temp/UnrealShaderWorkingDir/B240182D434408FCED51EC987C5A6AA7/'.
[2017.11.29-08.10.00:430][  0]LogShaderCompilers: Display: Using Local Shader Compiler.
[2017.11.29-08.10.01:271][  0]LogTemp: Display: Loaded TP AllDesktopTargetPlatform
[2017.11.29-08.10.01:317][  0]LogTemp: Display: Loaded TP MacClientTargetPlatform
[2017.11.29-08.10.01:363][  0]LogTemp: Display: Loaded TP MacNoEditorTargetPlatform
[2017.11.29-08.10.01:409][  0]LogTemp: Display: Loaded TP MacServerTargetPlatform
[2017.11.29-08.10.01:455][  0]LogTemp: Display: Loaded TP MacTargetPlatform
[2017.11.29-08.10.01:500][  0]LogTemp: Display: Loaded TP WindowsClientTargetPlatform
[2017.11.29-08.10.01:546][  0]LogTemp: Display: Loaded TP WindowsNoEditorTargetPlatform
[2017.11.29-08.10.01:591][  0]LogTemp: Display: Loaded TP WindowsServerTargetPlatform
[2017.11.29-08.10.01:629][  0]LogTemp: Display: Loaded TP WindowsTargetPlatform
[2017.11.29-08.10.01:673][  0]LogTemp: Display: Loaded TP Android_ASTCTargetPlatform
[2017.11.29-08.10.01:716][  0]LogTemp: Display: Loaded TP Android_ATCTargetPlatform
[2017.11.29-08.10.01:761][  0]LogTemp: Display: Loaded TP Android_DXTTargetPlatform
[2017.11.29-08.10.01:805][  0]LogTemp: Display: Loaded TP Android_ETC1TargetPlatform
[2017.11.29-08.10.01:848][  0]LogTemp: Display: Loaded TP Android_ETC2TargetPlatform
[2017.11.29-08.10.01:936][  0]LogTemp: Display: Loaded TP Android_MultiTargetPlatform
[2017.11.29-08.10.01:936][  0]LogTemp: Display: Loaded TP Android_PVRTCTargetPlatform
[2017.11.29-08.10.01:979][  0]LogTemp: Display: Loaded TP AndroidTargetPlatform
[2017.11.29-08.10.02:012][  0]LogTemp: Display: Loaded TP HTML5TargetPlatform
[2017.11.29-08.10.02:092][  0]LogTemp: Display: Loaded TP IOSTargetPlatform
[2017.11.29-08.10.02:117][  0]LogTemp: Display: Loaded TP TVOSTargetPlatform
[2017.11.29-08.10.02:160][  0]LogTemp: Display: Loaded TP LinuxClientTargetPlatform
[2017.11.29-08.10.02:204][  0]LogTemp: Display: Loaded TP LinuxNoEditorTargetPlatform
[2017.11.29-08.10.02:248][  0]LogTemp: Display: Loaded TP LinuxServerTargetPlatform
[2017.11.29-08.10.02:291][  0]LogTemp: Display: Loaded TP LinuxTargetPlatform
[2017.11.29-08.10.02:291][  0]LogTargetPlatformManager: Display: Building Assets For Windows
[2017.11.29-08.10.02:676][  0]LogDerivedDataCache: Display: Max Cache Size: 512 MB
[2017.11.29-08.10.02:754][  0]LogDerivedDataCache: Loaded boot cache 0.08s 79MB C:/Users/Justi/AppData/Local/UnrealEngine/4.18/DerivedDataCache/Boot.ddc.
[2017.11.29-08.10.02:754][  0]LogDerivedDataCache: Display: Loaded Boot cache: C:/Users/Justi/AppData/Local/UnrealEngine/4.18/DerivedDataCache/Boot.ddc
[2017.11.29-08.10.02:754][  0]LogDerivedDataCache: FDerivedDataBackendGraph:  Pak pak cache file ../../../../../../Users/Justi/Desktop/unreal_projects/EndlessClicker/artProject_TheoryOfComputation/myArtProject/DerivedDataCache/DDC.ddp not found, will not use a pak cache.
[2017.11.29-08.10.02:754][  0]LogDerivedDataCache: Unable to find inner node Pak for hierarchical cache Hierarchy.
[2017.11.29-08.10.02:754][  0]LogDerivedDataCache: FDerivedDataBackendGraph:  CompressedPak pak cache file ../../../../../../Users/Justi/Desktop/unreal_projects/EndlessClicker/artProject_TheoryOfComputation/myArtProject/DerivedDataCache/Compressed.ddp not found, will not use a pak cache.
[2017.11.29-08.10.02:754][  0]LogDerivedDataCache: Unable to find inner node CompressedPak for hierarchical cache Hierarchy.
[2017.11.29-08.10.02:769][  0]LogDerivedDataCache: Display: Pak cache opened for reading ../../../Engine/DerivedDataCache/Compressed.ddp.
[2017.11.29-08.10.02:781][  0]LogDerivedDataCache: Using Local data cache path C:/Users/Justi/AppData/Local/UnrealEngine/Common/DerivedDataCache: Writable
[2017.11.29-08.10.02:790][  0]LogMaterial: Verifying Global Shaders for PCD3D_SM5
[2017.11.29-08.10.02:790][  0]LogSlate: Using Freetype 2.6.0
[2017.11.29-08.10.02:791][  0]LogSlate: SlateFontCache - WITH_FREETYPE: 1, WITH_HARFBUZZ: 1
[2017.11.29-08.10.02:791][  0]LogSlate: SlateFontCache - WITH_FREETYPE: 1, WITH_HARFBUZZ: 1
[2017.11.29-08.10.03:124][  0]LogInit: Selected Device Profile: [Windows]
[2017.11.29-08.10.03:407][  0]LogSimplygon: Simplygon DLL not present - disabling.
[2017.11.29-08.10.03:442][  0]LogMeshReduction: Using SimplygonSwarm for distributed automatic mesh merging
[2017.11.29-08.10.03:442][  0]LogMeshReduction: Using QuadricMeshReduction for automatic static mesh reduction
[2017.11.29-08.10.03:442][  0]LogMeshReduction: No automatic skeletal mesh reduction module available
[2017.11.29-08.10.03:442][  0]LogMeshReduction: No automatic mesh merging module available
[2017.11.29-08.10.03:442][  0]LogMeshMerging: No automatic mesh merging module available
[2017.11.29-08.10.03:466][  0]LogNetVersion: myArtProject , NetCL: 3709383, EngineNetVer: 2, GameNetVer: 0 (Checksum: 1610086920)
[2017.11.29-08.10.03:615][  0]LogAssetRegistry: FAssetRegistry took 0.0254 seconds to start up
[2017.11.29-08.10.04:073][  0]LogPackageLocalizationCache: Processed 7 localized package path(s) for 2 prioritized culture(s) in 0.060771 seconds
[2017.11.29-08.10.04:079][  0]LogUObjectArray: 35900 objects as part of root set at end of initial load.
[2017.11.29-08.10.04:079][  0]LogUObjectAllocator: 7372016 out of 0 bytes used by permanent object pool.
[2017.11.29-08.10.04:079][  0]LogUObjectArray: CloseDisregardForGC: 0/0 objects in disregard for GC pool
[2017.11.29-08.10.04:124][  0]LogInit: WinSock: version 1.1 (2.2), MaxSocks=32767, MaxUdp=65467
[2017.11.29-08.10.06:483][  0]LogTcpMessaging: Initializing TcpMessaging bridge
[2017.11.29-08.10.06:520][  0]LogUdpMessaging: Initializing bridge on interface 0.0.0.0:0 to multicast group 230.0.0.1:6666.
[2017.11.29-08.10.07:089][  0]LogMaterial: Uniform references updated for custom material expression Custom.
[2017.11.29-08.10.07:453][  0]SourceControl: Source control is disabled
[2017.11.29-08.10.08:428][  0]LogAndroidPermission: UAndroidPermissionCallbackProxy::GetInstance
[2017.11.29-08.10.08:654][  0]LogOcInput: OculusInput pre-init called
[2017.11.29-08.10.08:901][  0]LogEngine: Initializing Engine...
[2017.11.29-08.10.08:903][  0]LogHMD: Failed to initialize OpenVR with code 110
[2017.11.29-08.10.09:101][  0]LogStats: UGameplayTagsManager::ConstructGameplayTagTree: Construct from data asset -  0.000 s
[2017.11.29-08.10.09:101][  0]LogStats: UGameplayTagsManager::ConstructGameplayTagTree: GameplayTagTreeChangedEvent.Broadcast -  0.000 s
[2017.11.29-08.10.09:210][  0]LogAIModule: Creating AISystem for world Untitled
[2017.11.29-08.10.09:220][  0]LogInit: XAudio2 using 'Headset Earphone (HyperX 7.1 Audio)' : 2 channels at 44.1 kHz using 16 bits per sample (channel mask 0x3)
[2017.11.29-08.10.09:230][  0]LogInit: FAudioDevice initialized.
[2017.11.29-08.10.09:314][  0]LogDerivedDataCache: Saved boot cache 0.08s 79MB C:/Users/Justi/AppData/Local/UnrealEngine/4.18/DerivedDataCache/Boot.ddc.
[2017.11.29-08.10.09:328][  0]LogInit: Texture streaming: Enabled
[2017.11.29-08.10.09:413][  0]LogEngineSessionManager: EngineSessionManager initialized
[2017.11.29-08.10.09:519][  0]LogInit: Transaction tracking system initialized
[2017.11.29-08.10.09:779][  0]BlueprintLog: New page: Editor Load
[2017.11.29-08.10.10:518][  0]LocalizationService: Localization service is disabled
[2017.11.29-08.10.11:284][  0]LogConsoleResponse: Display: 
[2017.11.29-08.10.11:437][  0]LogCook: Display: Max memory allowance for cook 16384mb min free memory 0mb
[2017.11.29-08.10.11:437][  0]LogCook: Display: Mobile HDR setting 1
[2017.11.29-08.10.11:437][  0]LogGameplayTags: Display: UGameplayTagsManager::DoneAddingNativeTags. DelegateIsBound: 0
[2017.11.29-08.10.11:777][  0]LogFileCache: Scanning file cache for directory 'C:/Users/Justi/Desktop/unreal_projects/EndlessClicker/artProject_TheoryOfComputation/myArtProject/Content/' took 0.01s
[2017.11.29-08.10.12:427][  0]Cmd: MAP LOAD FILE="../../../../../../Users/Justi/Desktop/unreal_projects/EndlessClicker/artProject_TheoryOfComputation/myArtProject/Content/Levels/MainMenu.umap" TEMPLATE=0 SHOWPROGRESS=1 FEATURELEVEL=3
[2017.11.29-08.10.12:427][  0]LightingResults: New page: Lighting Build
[2017.11.29-08.10.12:461][  0]MapCheck: New page: Map Check
[2017.11.29-08.10.12:461][  0]LightingResults: New page: Lighting Build
[2017.11.29-08.10.12:502][  0]LogAIModule: Creating AISystem for world MainMenu
[2017.11.29-08.10.12:503][  0]LogEditorServer: Finished looking for orphan Actors (0.000 secs)
[2017.11.29-08.10.12:514][  0]Cmd: MAP CHECKDEP NOCLEARLOG
[2017.11.29-08.10.12:556][  0]MapCheck: Map check complete: 0 Error(s), 0 Warning(s), took 42.044ms to complete.
[2017.11.29-08.10.12:556][  0]LogFileHelpers: Loading map 'MainMenu' took 0.129
[2017.11.29-08.10.12:691][  0]LogCollectionManager: Loaded 0 collections in 0.001479 seconds
[2017.11.29-08.10.12:762][  0]LogFileCache: Scanning file cache for directory 'C:/Users/Justi/Desktop/unreal_projects/EndlessClicker/artProject_TheoryOfComputation/myArtProject/Saved/Collections/' took 0.01s
[2017.11.29-08.10.12:762][  0]LogFileCache: Scanning file cache for directory 'C:/Users/Justi/Desktop/unreal_projects/EndlessClicker/artProject_TheoryOfComputation/myArtProject/Content/Developers/Justi/Collections/' took 0.01s
[2017.11.29-08.10.12:762][  0]LogFileCache: Scanning file cache for directory 'C:/Users/Justi/Desktop/unreal_projects/EndlessClicker/artProject_TheoryOfComputation/myArtProject/Content/Collections/' took 0.01s
[2017.11.29-08.10.12:762][  0]LogCollectionManager: Rebuilt the GUID cache for 0 collections in 0.000000 seconds
[2017.11.29-08.10.12:769][  0]LogContentBrowser: Native class hierarchy populated in 0.0077 seconds. Added 2363 classes and 519 folders.
[2017.11.29-08.10.12:823][  0]LogContentBrowser: Native class hierarchy updated for 'WidgetCarousel' in 0.0002 seconds. Added 0 classes and 0 folders.
[2017.11.29-08.10.12:855][  0]LogContentBrowser: Native class hierarchy updated for 'AddContentDialog' in 0.0002 seconds. Added 0 classes and 0 folders.
[2017.11.29-08.10.12:891][  0]LogContentBrowser: Native class hierarchy updated for 'SceneOutliner' in 0.0003 seconds. Added 1 classes and 2 folders.
[2017.11.29-08.10.12:906][  0]LogSlate: Took 0.000207 seconds to synchronously load lazily loaded font '../../../Engine/Content/Slate/Fonts/Roboto-Regular.ttf' (155K)
[2017.11.29-08.10.12:908][  0]LogSlate: Took 0.000145 seconds to synchronously load lazily loaded font '../../../Engine/Content/Slate/Fonts/Roboto-Bold.ttf' (160K)
[2017.11.29-08.10.12:914][  0]LogSlate: Took 0.000178 seconds to synchronously load lazily loaded font '../../../Engine/Content/Editor/Slate/Fonts/FontAwesome.ttf' (139K)
[2017.11.29-08.10.13:003][  0]LogRenderer: Reallocating scene render targets to support 1208x680 Format 10 NumSamples 1 (Frame:1).
[2017.11.29-08.10.13:233][  0]LogContentBrowser: Native class hierarchy updated for 'HierarchicalLODOutliner' in 0.0002 seconds. Added 1 classes and 2 folders.
[2017.11.29-08.10.13:233][  0]LogLoad: (Engine Initialization) Total time: 15.61 seconds
[2017.11.29-08.10.13:233][  0]LogLoad: (Engine Initialization) Total Blueprint compile time: 0.00 seconds
[2017.11.29-08.10.13:233][  0]LogExternalProfiler: Found external profiler: VSPerf
[2017.11.29-08.10.13:233][  0]LogExternalProfiler: Using external profiler: VSPerf
[2017.11.29-08.10.13:243][  0]LogWindowsTextInputMethodSystem: Display: IME system now deactivated.
[2017.11.29-08.10.13:270][  0]LogAssetRegistry: Asset discovery search completed in 9.6761 seconds
[2017.11.29-08.10.13:272][  0]LogCollectionManager: Rebuilt the object cache for 0 collections in 0.000000 seconds (found 0 objects)
[2017.11.29-08.10.13:272][  0]LogCollectionManager: Fixed up redirectors for 0 collections in 0.000038 seconds (updated 0 objects)
[2017.11.29-08.10.13:275][  0]SourceControl: On branch master
[2017.11.29-08.10.13:275][  0]SourceControl: Your branch is up-to-date with 'origin/master'.
[2017.11.29-08.10.13:275][  0]SourceControl: Changes not staged for commit:
[2017.11.29-08.10.13:275][  0]SourceControl:   (use "git add/rm <file>..." to update what will be committed)
[2017.11.29-08.10.13:275][  0]SourceControl:   (use "git checkout -- <file>..." to discard changes in working directory)
[2017.11.29-08.10.13:275][  0]SourceControl: 	deleted:    myArtProject/Content/Menus/1080normal.png
[2017.11.29-08.10.13:275][  0]SourceControl: 	deleted:    myArtProject/Content/Menus/640Normal.png
[2017.11.29-08.10.13:275][  0]SourceControl: 	deleted:    myArtProject/Content/Menus/720Normal.png
[2017.11.29-08.10.13:275][  0]SourceControl: 	deleted:    myArtProject/Content/Menus/Back.png
[2017.11.29-08.10.13:275][  0]SourceControl: 	deleted:    myArtProject/Content/Menus/CFL.png
[2017.11.29-08.10.13:275][  0]SourceControl: 	deleted:    myArtProject/Content/Menus/ControlsNormal.png
[2017.11.29-08.10.13:275][  0]SourceControl: 	deleted:    myArtProject/Content/Menus/Decidable.png
[2017.11.29-08.10.13:275][  0]SourceControl: 	deleted:    myArtProject/Content/Menus/LooseScreen.png
[2017.11.29-08.10.13:275][  0]SourceControl: 	deleted:    myArtProject/Content/Menus/MainMenuButton.png
[2017.11.29-08.10.13:275][  0]SourceControl: 	deleted:    myArtProject/Content/Menus/OptionsNormal.png
[2017.11.29-08.10.13:275][  0]SourceControl: 	deleted:    myArtProject/Content/Menus/QuitGameNormal.png
[2017.11.29-08.10.13:275][  0]SourceControl: 	deleted:    myArtProject/Content/Menus/REG.png
[2017.11.29-08.10.13:275][  0]SourceControl: 	deleted:    myArtProject/Content/Menus/RestartNormal.png
[2017.11.29-08.10.13:275][  0]SourceControl: 	deleted:    myArtProject/Content/Menus/ResumeNormal.png
[2017.11.29-08.10.13:275][  0]SourceControl: 	deleted:    myArtProject/Content/Menus/RulesNormal.png
[2017.11.29-08.10.13:275][  0]SourceControl: 	deleted:    myArtProject/Content/Menus/StartGameNormal.png
[2017.11.29-08.10.13:275][  0]SourceControl: 	deleted:    myArtProject/Content/Menus/calculations.jpg
[2017.11.29-08.10.13:275][  0]SourceControl: 	deleted:    myArtProject/Content/Sprites/circle.png
[2017.11.29-08.10.13:275][  0]SourceControl: 	deleted:    myArtProject/Content/Sprites/gradeF.jpg
[2017.11.29-08.10.13:275][  0]SourceControl: 	modified:   myArtProject/Intermediate/CachedAssetRegistry.bin
[2017.11.29-08.10.13:275][  0]SourceControl: 	deleted:    myArtProject/Saved/AutoScreenshot.png
[2017.11.29-08.10.13:275][  0]SourceControl: 	modified:   myArtProject/Saved/Config/Windows/Editor.ini
[2017.11.29-08.10.13:275][  0]SourceControl: 	modified:   myArtProject/Saved/Logs/myArtProject.log
[2017.11.29-08.10.13:275][  0]SourceControl: Untracked files:
[2017.11.29-08.10.13:275][  0]SourceControl:   (use "git add <file>..." to include in what will be committed)
[2017.11.29-08.10.13:275][  0]SourceControl: 	myArtProject/Saved/Config/CrashReportClient/UE4CC-Windows-AA22480B47926117BC32BF903FA13EC4/
[2017.11.29-08.10.13:275][  0]SourceControl: 	myArtProject/Saved/Logs/myArtProject-backup-2017.11.29-00.09.58.log
[2017.11.29-08.10.13:275][  0]SourceControl: no changes added to commit (use "git add" and/or "git commit -a")
[2017.11.29-08.10.13:275][  0]LogContentStreaming: Texture pool size now 1000 MB
[2017.11.29-08.10.13:320][  0]LogSlate: Took 0.000296 seconds to synchronously load lazily loaded font '../../../Engine/Content/Slate/Fonts/Roboto-Light.ttf' (159K)
[2017.11.29-08.10.15:453][201]LogTemp: Repeating last play command: Selected Viewport
[2017.11.29-08.10.15:483][201]LogBlueprintUserMessages: Early PlayInEditor Detection: Level '/Game/Levels/MainMenu.MainMenu:PersistentLevel' has LevelScriptBlueprint '/Game/Levels/MainMenu.MainMenu:PersistentLevel.MainMenu' with GeneratedClass '/Game/Levels/MainMenu.MainMenu_C' with ClassGeneratedBy '/Game/Levels/MainMenu.MainMenu:PersistentLevel.MainMenu'
[2017.11.29-08.10.15:483][201]LogPlayLevel: PlayLevel: No blueprints needed recompiling
[2017.11.29-08.10.15:483][201]PIE: New page: PIE session: MainMenu (Nov 28, 2017, 4:10:15 PM)
[2017.11.29-08.10.15:483][201]LogLinker: Warning: Can't find file '/Game/Blueprints/myGameInstance'
[2017.11.29-08.10.15:484][201]LogLinker: Warning: Can't find file '/Game/Blueprints/myGameInstance'
[2017.11.29-08.10.15:484][201]LogUObjectGlobals: Warning: Failed to find object 'Class /Game/Blueprints/myGameInstance.myGameInstance_C'
[2017.11.29-08.10.15:484][201]LogPlayLevel: Creating play world package: /Game/Levels/UEDPIE_0_MainMenu
[2017.11.29-08.10.15:484][201]LogPlayLevel: PIE: StaticDuplicateObject took: (0.000662s)
[2017.11.29-08.10.15:485][201]LogAIModule: Creating AISystem for world MainMenu
[2017.11.29-08.10.15:485][201]LogPlayLevel: PIE: World Init took: (0.000501s)
[2017.11.29-08.10.15:485][201]LogPlayLevel: PIE: Created PIE world by copying editor world from /Game/Levels/MainMenu.MainMenu to /Game/Levels/UEDPIE_0_MainMenu.MainMenu (0.001386s)
[2017.11.29-08.10.15:503][201]LogInit: XAudio2 using 'Headset Earphone (HyperX 7.1 Audio)' : 2 channels at 44.1 kHz using 16 bits per sample (channel mask 0x3)
[2017.11.29-08.10.15:511][201]LogInit: FAudioDevice initialized.
[2017.11.29-08.10.15:834][201]LogLoad: Game class is 'MyGameMode_C'
[2017.11.29-08.10.15:836][201]LogWorld: Bringing World /Game/Levels/UEDPIE_0_MainMenu.MainMenu up for play (max tick rate 0) at 2017.11.29-00.10.15
[2017.11.29-08.10.15:836][201]LogWorld: Bringing up level for play took: 0.000461
[2017.11.29-08.10.15:874][201]LogContentBrowser: Native class hierarchy updated for 'MovieSceneCapture' in 0.0003 seconds. Added 11 classes and 0 folders.
[2017.11.29-08.10.15:874][201]LogGameMode: Display: Match State Changed from EnteringMap to WaitingToStart
[2017.11.29-08.10.15:879][201]LogGameState: Match State Changed from EnteringMap to WaitingToStart
[2017.11.29-08.10.15:879][201]LogGameMode: Display: Match State Changed from WaitingToStart to InProgress
[2017.11.29-08.10.15:886][201]LogScriptCore: Warning: Script Msg: Attempted to access index 0 from array 'CallFunc_GetAllActorsOfClass_OutActors' of length 0 in '/Game/Blueprints/MyGameMode.MyGameMode_C:ExecuteUbergraph_MyGameMode'!
[2017.11.29-08.10.15:886][201]LogBlueprintUserMessages: Warning: SetTimer passed a bad function (SpawnEnemy) or object (None)
[2017.11.29-08.10.15:887][201]LogGameState: Match State Changed from WaitingToStart to InProgress
[2017.11.29-08.10.15:888][201]PIE: Play in editor start time for /Game/Levels/UEDPIE_0_MainMenu -0.39
[2017.11.29-08.10.15:889][201]LogBlueprintUserMessages: Late PlayInEditor Detection: Level '/Game/Levels/MainMenu.MainMenu:PersistentLevel' has LevelScriptBlueprint '/Game/Levels/MainMenu.MainMenu:PersistentLevel.MainMenu' with GeneratedClass '/Game/Levels/MainMenu.MainMenu_C' with ClassGeneratedBy '/Game/Levels/MainMenu.MainMenu:PersistentLevel.MainMenu'
[2017.11.29-08.10.16:255][240]LogSlate: Took 0.000132 seconds to synchronously load lazily loaded font '../../../Engine/Content/Slate/Fonts/Roboto-Light.ttf' (159K)
[2017.11.29-08.10.17:145][298]LogGameMode: Display: Match State Changed from InProgress to LeavingMap
[2017.11.29-08.10.17:145][298]LogGameState: Match State Changed from InProgress to LeavingMap
[2017.11.29-08.10.17:145][298]LogNet: Browse: /Game/Levels/GameLevel
[2017.11.29-08.10.17:164][298]LogLoad: LoadMap: /Game/Levels/GameLevel
[2017.11.29-08.10.17:442][298]LogAIModule: Creating AISystem for world GameLevel
[2017.11.29-08.10.17:443][298]LogLoad: Game class is 'MyGameMode_C'
[2017.11.29-08.10.17:444][298]LogWorld: Bringing World /Game/Levels/UEDPIE_0_GameLevel.GameLevel up for play (max tick rate 0) at 2017.11.29-00.10.17
[2017.11.29-08.10.17:444][298]LogWorld: Bringing up level for play took: 0.001147
[2017.11.29-08.10.17:444][298]LogGameMode: FindPlayerStart: PATHS NOT DEFINED or NO PLAYERSTART with positive rating
[2017.11.29-08.10.17:445][298]LogGameMode: Display: Match State Changed from EnteringMap to WaitingToStart
[2017.11.29-08.10.17:445][298]LogGameState: Match State Changed from EnteringMap to WaitingToStart
[2017.11.29-08.10.17:445][298]LogGameMode: Display: Match State Changed from WaitingToStart to InProgress
[2017.11.29-08.10.17:447][298]LogGameState: Match State Changed from WaitingToStart to InProgress
[2017.11.29-08.10.17:447][298]LogLoad: Took 0.283057 seconds to LoadMap(/Game/Levels/GameLevel)
[2017.11.29-08.10.37:943][634]LogBlueprintUserMessages: Early EndPlayMap Detection: Level '/Game/Levels/MainMenu.MainMenu:PersistentLevel' has LevelScriptBlueprint '/Game/Levels/MainMenu.MainMenu:PersistentLevel.MainMenu' with GeneratedClass '/Game/Levels/MainMenu.MainMenu_C' with ClassGeneratedBy '/Game/Levels/MainMenu.MainMenu:PersistentLevel.MainMenu'
[2017.11.29-08.10.38:040][634]LogBlueprintUserMessages: Late EndPlayMap Detection: Level '/Game/Levels/MainMenu.MainMenu:PersistentLevel' has LevelScriptBlueprint '/Game/Levels/MainMenu.MainMenu:PersistentLevel.MainMenu' with GeneratedClass '/Game/Levels/MainMenu.MainMenu_C' with ClassGeneratedBy '/Game/Levels/MainMenu.MainMenu:PersistentLevel.MainMenu'
[2017.11.29-08.10.40:117][672]AssetReimport: New page: Detailed File System Changes from 12:10:40 AM
[2017.11.29-08.10.40:195][672]AssetReimport: 'C:/Users/Justi/Desktop/unreal_projects/EndlessClicker/artProject_TheoryOfComputation/myArtProject/Content/Sprites/circle.png' has been deleted.
[2017.11.29-08.10.40:195][672]AssetReimport: 'C:/Users/Justi/Desktop/unreal_projects/EndlessClicker/artProject_TheoryOfComputation/myArtProject/Content/Menus/Decidable.png' has been deleted.
[2017.11.29-08.10.40:195][672]AssetReimport: 'C:/Users/Justi/Desktop/unreal_projects/EndlessClicker/artProject_TheoryOfComputation/myArtProject/Content/Menus/REG.png' has been deleted.
[2017.11.29-08.10.40:195][672]AssetReimport: 'C:/Users/Justi/Desktop/unreal_projects/EndlessClicker/artProject_TheoryOfComputation/myArtProject/Content/Menus/CFL.png' has been deleted.
[2017.11.29-08.10.40:195][672]AssetReimport: 'C:/Users/Justi/Desktop/unreal_projects/EndlessClicker/artProject_TheoryOfComputation/myArtProject/Content/Menus/Back.png' has been deleted.
[2017.11.29-08.10.40:195][672]AssetReimport: 'C:/Users/Justi/Desktop/unreal_projects/EndlessClicker/artProject_TheoryOfComputation/myArtProject/Content/Menus/MainMenuButton.png' has been deleted.
[2017.11.29-08.10.40:195][672]AssetReimport: 'C:/Users/Justi/Desktop/unreal_projects/EndlessClicker/artProject_TheoryOfComputation/myArtProject/Content/Menus/OptionsNormal.png' has been deleted.
[2017.11.29-08.10.40:195][672]AssetReimport: 'C:/Users/Justi/Desktop/unreal_projects/EndlessClicker/artProject_TheoryOfComputation/myArtProject/Content/Menus/QuitGameNormal.png' has been deleted.
[2017.11.29-08.10.40:195][672]AssetReimport: 'C:/Users/Justi/Desktop/unreal_projects/EndlessClicker/artProject_TheoryOfComputation/myArtProject/Content/Menus/RestartNormal.png' has been deleted.
[2017.11.29-08.10.40:195][672]AssetReimport: 'C:/Users/Justi/Desktop/unreal_projects/EndlessClicker/artProject_TheoryOfComputation/myArtProject/Content/Menus/ResumeNormal.png' has been deleted.
[2017.11.29-08.10.40:195][672]AssetReimport: 'C:/Users/Justi/Desktop/unreal_projects/EndlessClicker/artProject_TheoryOfComputation/myArtProject/Content/Menus/RulesNormal.png' has been deleted.
[2017.11.29-08.10.40:195][672]AssetReimport: 'C:/Users/Justi/Desktop/unreal_projects/EndlessClicker/artProject_TheoryOfComputation/myArtProject/Content/Menus/StartGameNormal.png' has been deleted.
[2017.11.29-08.10.40:195][672]AssetReimport: 'C:/Users/Justi/Desktop/unreal_projects/EndlessClicker/artProject_TheoryOfComputation/myArtProject/Content/Sprites/gradeF.jpg' has been deleted.
[2017.11.29-08.10.40:195][672]AssetReimport: 'C:/Users/Justi/Desktop/unreal_projects/EndlessClicker/artProject_TheoryOfComputation/myArtProject/Content/Menus/calculations.jpg' has been deleted.
[2017.11.29-08.10.40:195][672]AssetReimport: 'C:/Users/Justi/Desktop/unreal_projects/EndlessClicker/artProject_TheoryOfComputation/myArtProject/Content/Menus/LooseScreen.png' has been deleted.
[2017.11.29-08.10.46:213][737]AssetReimport: New page: Outstanding source content changes 4:10:46 PM
[2017.11.29-08.10.59:997][793]LogTemp: Repeating last play command: Selected Viewport
[2017.11.29-08.11.00:016][793]LogBlueprintUserMessages: Early PlayInEditor Detection: Level '/Game/Levels/MainMenu.MainMenu:PersistentLevel' has LevelScriptBlueprint '/Game/Levels/MainMenu.MainMenu:PersistentLevel.MainMenu' with GeneratedClass '/Game/Levels/MainMenu.MainMenu_C' with ClassGeneratedBy '/Game/Levels/MainMenu.MainMenu:PersistentLevel.MainMenu'
[2017.11.29-08.11.00:016][793]LogPlayLevel: PlayLevel: No blueprints needed recompiling
[2017.11.29-08.11.00:016][793]PIE: New page: PIE session: MainMenu (Nov 28, 2017, 4:11:00 PM)
[2017.11.29-08.11.00:016][793]LogPlayLevel: Creating play world package: /Game/Levels/UEDPIE_0_MainMenu
[2017.11.29-08.11.00:017][793]LogPlayLevel: PIE: StaticDuplicateObject took: (0.000856s)
[2017.11.29-08.11.00:018][793]LogAIModule: Creating AISystem for world MainMenu
[2017.11.29-08.11.00:018][793]LogPlayLevel: PIE: World Init took: (0.000787s)
[2017.11.29-08.11.00:018][793]LogPlayLevel: PIE: Created PIE world by copying editor world from /Game/Levels/MainMenu.MainMenu to /Game/Levels/UEDPIE_0_MainMenu.MainMenu (0.001901s)
[2017.11.29-08.11.00:033][793]LogInit: XAudio2 using 'Headset Earphone (HyperX 7.1 Audio)' : 2 channels at 44.1 kHz using 16 bits per sample (channel mask 0x3)
[2017.11.29-08.11.00:039][793]LogInit: FAudioDevice initialized.
[2017.11.29-08.11.00:070][793]LogLoad: Game class is 'MyGameMode_C'
[2017.11.29-08.11.00:071][793]LogWorld: Bringing World /Game/Levels/UEDPIE_0_MainMenu.MainMenu up for play (max tick rate 0) at 2017.11.29-00.11.00
[2017.11.29-08.11.00:071][793]LogWorld: Bringing up level for play took: 0.000368
[2017.11.29-08.11.00:072][793]LogGameMode: Display: Match State Changed from EnteringMap to WaitingToStart
[2017.11.29-08.11.00:072][793]LogGameState: Match State Changed from EnteringMap to WaitingToStart
[2017.11.29-08.11.00:072][793]LogGameMode: Display: Match State Changed from WaitingToStart to InProgress
[2017.11.29-08.11.00:074][793]LogScriptCore: Warning: Script Msg: Attempted to access index 0 from array 'CallFunc_GetAllActorsOfClass_OutActors' of length 0 in '/Game/Blueprints/MyGameMode.MyGameMode_C:ExecuteUbergraph_MyGameMode'!
[2017.11.29-08.11.00:074][793]LogBlueprintUserMessages: Warning: SetTimer passed a bad function (SpawnEnemy) or object (None)
[2017.11.29-08.11.00:074][793]LogGameState: Match State Changed from WaitingToStart to InProgress
[2017.11.29-08.11.00:075][793]PIE: Play in editor start time for /Game/Levels/UEDPIE_0_MainMenu -0.203
[2017.11.29-08.11.00:075][793]LogBlueprintUserMessages: Late PlayInEditor Detection: Level '/Game/Levels/MainMenu.MainMenu:PersistentLevel' has LevelScriptBlueprint '/Game/Levels/MainMenu.MainMenu:PersistentLevel.MainMenu' with GeneratedClass '/Game/Levels/MainMenu.MainMenu_C' with ClassGeneratedBy '/Game/Levels/MainMenu.MainMenu:PersistentLevel.MainMenu'
[2017.11.29-08.11.00:514][802]AssetReimport: Attempting to delete circle (its source file has been removed).
[2017.11.29-08.11.00:514][802]AssetReimport: Attempting to delete Decidable (its source file has been removed).
[2017.11.29-08.11.00:514][802]AssetReimport: Attempting to delete REG (its source file has been removed).
[2017.11.29-08.11.00:514][802]AssetReimport: Attempting to delete CFL (its source file has been removed).
[2017.11.29-08.11.00:514][802]AssetReimport: Attempting to delete Back (its source file has been removed).
[2017.11.29-08.11.00:514][802]AssetReimport: Attempting to delete MainMenuButton (its source file has been removed).
[2017.11.29-08.11.00:514][802]AssetReimport: Attempting to delete OptionsNormal (its source file has been removed).
[2017.11.29-08.11.00:514][802]AssetReimport: Attempting to delete QuitGameNormal (its source file has been removed).
[2017.11.29-08.11.00:514][802]AssetReimport: Attempting to delete RestartNormal (its source file has been removed).
[2017.11.29-08.11.00:514][802]AssetReimport: Attempting to delete ResumeNormal (its source file has been removed).
[2017.11.29-08.11.00:514][802]AssetReimport: Attempting to delete RulesNormal (its source file has been removed).
[2017.11.29-08.11.00:514][802]AssetReimport: Attempting to delete StartGameNormal (its source file has been removed).
[2017.11.29-08.11.00:514][802]AssetReimport: Attempting to delete gradeF (its source file has been removed).
[2017.11.29-08.11.00:514][802]AssetReimport: Attempting to delete calculations (its source file has been removed).
[2017.11.29-08.11.00:514][802]AssetReimport: Attempting to delete LooseScreen (its source file has been removed).
[2017.11.29-08.11.01:270][813]LogGameMode: Display: Match State Changed from InProgress to LeavingMap
[2017.11.29-08.11.01:270][813]LogGameState: Match State Changed from InProgress to LeavingMap
[2017.11.29-08.11.01:271][813]LogNet: Browse: /Game/Levels/GameLevel
[2017.11.29-08.11.01:342][813]LogLoad: LoadMap: /Game/Levels/GameLevel
[2017.11.29-08.11.01:439][813]LogAIModule: Creating AISystem for world GameLevel
[2017.11.29-08.11.01:439][813]LogLoad: Game class is 'MyGameMode_C'
[2017.11.29-08.11.01:441][813]LogWorld: Bringing World /Game/Levels/UEDPIE_0_GameLevel.GameLevel up for play (max tick rate 0) at 2017.11.29-00.11.01
[2017.11.29-08.11.01:441][813]LogWorld: Bringing up level for play took: 0.001426
[2017.11.29-08.11.01:442][813]LogGameMode: FindPlayerStart: PATHS NOT DEFINED or NO PLAYERSTART with positive rating
[2017.11.29-08.11.01:442][813]LogGameMode: Display: Match State Changed from EnteringMap to WaitingToStart
[2017.11.29-08.11.01:442][813]LogGameState: Match State Changed from EnteringMap to WaitingToStart
[2017.11.29-08.11.01:442][813]LogGameMode: Display: Match State Changed from WaitingToStart to InProgress
[2017.11.29-08.11.01:444][813]LogGameState: Match State Changed from WaitingToStart to InProgress
[2017.11.29-08.11.01:444][813]LogLoad: Took 0.102024 seconds to LoadMap(/Game/Levels/GameLevel)
[2017.11.29-08.11.06:627][304]LogBlueprintUserMessages: Early EndPlayMap Detection: Level '/Game/Levels/MainMenu.MainMenu:PersistentLevel' has LevelScriptBlueprint '/Game/Levels/MainMenu.MainMenu:PersistentLevel.MainMenu' with GeneratedClass '/Game/Levels/MainMenu.MainMenu_C' with ClassGeneratedBy '/Game/Levels/MainMenu.MainMenu:PersistentLevel.MainMenu'
[2017.11.29-08.11.06:663][304]LogBlueprintUserMessages: Late EndPlayMap Detection: Level '/Game/Levels/MainMenu.MainMenu:PersistentLevel' has LevelScriptBlueprint '/Game/Levels/MainMenu.MainMenu:PersistentLevel.MainMenu' with GeneratedClass '/Game/Levels/MainMenu.MainMenu_C' with ClassGeneratedBy '/Game/Levels/MainMenu.MainMenu:PersistentLevel.MainMenu'
