Log file open, 11/25/17 20:27:56
LogWindows: Failed to load 'aqProf.dll' (GetLastError=126)
LogWindows: File 'aqProf.dll' does not exist
LogWindows: Failed to load 'VtuneApi.dll' (GetLastError=126)
LogWindows: File 'VtuneApi.dll' does not exist
LogWindows: Failed to load 'VtuneApi32e.dll' (GetLastError=126)
LogWindows: File 'VtuneApi32e.dll' does not exist
LogInit: Display: Running engine for game: myArtProject
LogPlatformFile: Not using cached read wrapper
LogInit: Display: RandInit(-424036310) SRandInit(-424036310).
LogInit: Read version file with build ID '3709383'
LogInit: Overriding engine version to CL 3754814, compatible CL 3709383
LogInit: Registered custom module enumerator with build ID '3709383'
LogTaskGraph: Started task graph with 5 named threads and 14 total threads with 3 sets of task threads.
LogStats: Stats thread started at 0.167060
LogD3D11RHI: Aftermath initialized
LogModuleManager: Display: Found up-to-date module file ../../../Engine/Plugins/2D/Paper2D/Binaries/Win64/UE4Editor-Paper2D.dll (API version 3709383).
LogModuleManager: Display: Found up-to-date module file ../../../Engine/Plugins/2D/Paper2D/Binaries/Win64/UE4Editor-Paper2DEditor.dll (API version 3709383).
LogModuleManager: Display: Found up-to-date module file ../../../Engine/Plugins/2D/Paper2D/Binaries/Win64/UE4Editor-PaperSpriteSheetImporter.dll (API version 3709383).
LogModuleManager: Display: Found up-to-date module file ../../../Engine/Plugins/2D/Paper2D/Binaries/Win64/UE4Editor-PaperTiledImporter.dll (API version 3709383).
LogModuleManager: Display: Found up-to-date module file ../../../Engine/Plugins/2D/Paper2D/Binaries/Win64/UE4Editor-SmartSnapping.dll (API version 3709383).
LogModuleManager: Display: Found up-to-date module file ../../../Engine/Plugins/Blendables/LightPropagationVolume/Binaries/Win64/UE4Editor-LightPropagationVolumeRuntime.dll (API version 3709383).
LogModuleManager: Display: Found up-to-date module file ../../../Engine/Plugins/Blendables/LightPropagationVolume/Binaries/Win64/UE4Editor-LightPropagationVolumeEditor.dll (API version 3709383).
LogModuleManager: Display: Found up-to-date module file ../../../Engine/Plugins/Developer/GitSourceControl/Binaries/Win64/UE4Editor-GitSourceControl.dll (API version 3709383).
LogModuleManager: Display: Found up-to-date module file ../../../Engine/Plugins/Developer/PerforceSourceControl/Binaries/Win64/UE4Editor-PerforceSourceControl.dll (API version 3709383).
LogModuleManager: Display: Found up-to-date module file ../../../Engine/Plugins/Developer/SubversionSourceControl/Binaries/Win64/UE4Editor-SubversionSourceControl.dll (API version 3709383).
LogModuleManager: Display: Found up-to-date module file ../../../Engine/Plugins/Developer/UObjectPlugin/Binaries/Win64/UE4Editor-UObjectPlugin.dll (API version 3709383).
LogModuleManager: Display: Found up-to-date module file ../../../Engine/Plugins/Developer/VisualStudioCodeSourceCodeAccess/Binaries/Win64/UE4Editor-VisualStudioCodeSourceCodeAccess.dll (API version 3709383).
LogModuleManager: Display: Found up-to-date module file ../../../Engine/Plugins/Developer/VisualStudioSourceCodeAccess/Binaries/Win64/UE4Editor-VisualStudioSourceCodeAccess.dll (API version 3709383).
LogModuleManager: Display: Found up-to-date module file ../../../Engine/Plugins/Editor/AssetManagerEditor/Binaries/Win64/UE4Editor-AssetManagerEditor.dll (API version 3709383).
LogModuleManager: Display: Found up-to-date module file ../../../Engine/Plugins/Editor/AudioCapture/Binaries/Win64/UE4Editor-AudioCapture.dll (API version 3709383).
LogModuleManager: Display: Found up-to-date module file ../../../Engine/Plugins/Editor/FacialAnimation/Binaries/Win64/UE4Editor-FacialAnimation.dll (API version 3709383).
LogModuleManager: Display: Found up-to-date module file ../../../Engine/Plugins/Editor/FacialAnimation/Binaries/Win64/UE4Editor-FacialAnimationEditor.dll (API version 3709383).
LogModuleManager: Display: Found up-to-date module file ../../../Engine/Plugins/Editor/GameplayTagsEditor/Binaries/Win64/UE4Editor-GameplayTagsEditor.dll (API version 3709383).
LogModuleManager: Display: Found up-to-date module file ../../../Engine/Plugins/Editor/MobileLauncherProfileWizard/Binaries/Win64/UE4Editor-MobileLauncherProfileWizard.dll (API version 3709383).
LogModuleManager: Display: Found up-to-date module file ../../../Engine/Plugins/Editor/PluginBrowser/Binaries/Win64/UE4Editor-PluginBrowser.dll (API version 3709383).
LogModuleManager: Display: Found up-to-date module file ../../../Engine/Plugins/Editor/SpeedTreeImporter/Binaries/Win64/UE4Editor-SpeedTreeImporter.dll (API version 3709383).
LogModuleManager: Display: Found up-to-date module file ../../../Engine/Plugins/Experimental/AlembicImporter/Binaries/Win64/UE4Editor-AlembicImporter.dll (API version 3709383).
LogModuleManager: Display: Found up-to-date module file ../../../Engine/Plugins/Experimental/AlembicImporter/Binaries/Win64/UE4Editor-AlembicLibrary.dll (API version 3709383).
LogModuleManager: Display: Found up-to-date module file ../../../Engine/Plugins/Experimental/CharacterAI/Binaries/Win64/UE4Editor-CharacterAI.dll (API version 3709383).
LogModuleManager: Display: Found up-to-date module file ../../../Engine/Plugins/Experimental/HTML5Networking/Binaries/Win64/UE4Editor-HTML5Networking.dll (API version 3709383).
LogModuleManager: Display: Found up-to-date module file ../../../Engine/Plugins/Media/AndroidMedia/Binaries/Win64/UE4Editor-AndroidMediaEditor.dll (API version 3709383).
LogModuleManager: Display: Found up-to-date module file ../../../Engine/Plugins/Media/AndroidMedia/Binaries/Win64/UE4Editor-AndroidMediaFactory.dll (API version 3709383).
LogModuleManager: Display: Found up-to-date module file ../../../Engine/Plugins/Media/AvfMedia/Binaries/Win64/UE4Editor-AvfMediaEditor.dll (API version 3709383).
LogModuleManager: Display: Found up-to-date module file ../../../Engine/Plugins/Media/AvfMedia/Binaries/Win64/UE4Editor-AvfMediaFactory.dll (API version 3709383).
LogModuleManager: Display: Found up-to-date module file ../../../Engine/Plugins/Media/AvfMedia/Binaries/Win64/UE4Editor-AvfMediaFactory.dll (API version 3709383).
LogModuleManager: Display: Found up-to-date module file ../../../Engine/Plugins/Media/ImgMedia/Binaries/Win64/UE4Editor-ImgMedia.dll (API version 3709383).
LogModuleManager: Display: Found up-to-date module file ../../../Engine/Plugins/Media/ImgMedia/Binaries/Win64/UE4Editor-ImgMediaEditor.dll (API version 3709383).
LogModuleManager: Display: Found up-to-date module file ../../../Engine/Plugins/Media/ImgMedia/Binaries/Win64/UE4Editor-ImgMediaFactory.dll (API version 3709383).
LogModuleManager: Display: Found up-to-date module file ../../../Engine/Plugins/Media/ImgMedia/Binaries/Win64/UE4Editor-ImgMediaFactory.dll (API version 3709383).
LogModuleManager: Display: Found up-to-date module file ../../../Engine/Plugins/Media/ImgMedia/Binaries/Win64/UE4Editor-OpenExrWrapper.dll (API version 3709383).
LogModuleManager: Display: Found up-to-date module file ../../../Engine/Plugins/Media/MediaCompositing/Binaries/Win64/UE4Editor-MediaCompositing.dll (API version 3709383).
LogModuleManager: Display: Found up-to-date module file ../../../Engine/Plugins/Media/MediaCompositing/Binaries/Win64/UE4Editor-MediaCompositingEditor.dll (API version 3709383).
LogModuleManager: Display: Found up-to-date module file ../../../Engine/Plugins/Media/MediaPlayerEditor/Binaries/Win64/UE4Editor-MediaPlayerEditor.dll (API version 3709383).
LogModuleManager: Display: Found up-to-date module file ../../../Engine/Plugins/Media/WmfMedia/Binaries/Win64/UE4Editor-WmfMedia.dll (API version 3709383).
LogModuleManager: Display: Found up-to-date module file ../../../Engine/Plugins/Media/WmfMedia/Binaries/Win64/UE4Editor-WmfMediaEditor.dll (API version 3709383).
LogModuleManager: Display: Found up-to-date module file ../../../Engine/Plugins/Media/WmfMedia/Binaries/Win64/UE4Editor-WmfMediaFactory.dll (API version 3709383).
LogModuleManager: Display: Found up-to-date module file ../../../Engine/Plugins/Media/WmfMedia/Binaries/Win64/UE4Editor-WmfMediaFactory.dll (API version 3709383).
LogModuleManager: Display: Found up-to-date module file ../../../Engine/Plugins/Messaging/TcpMessaging/Binaries/Win64/UE4Editor-TcpMessaging.dll (API version 3709383).
LogModuleManager: Display: Found up-to-date module file ../../../Engine/Plugins/Messaging/UdpMessaging/Binaries/Win64/UE4Editor-UdpMessaging.dll (API version 3709383).
LogModuleManager: Display: Found up-to-date module file ../../../Engine/Plugins/MovieScene/ActorSequence/Binaries/Win64/UE4Editor-ActorSequence.dll (API version 3709383).
LogModuleManager: Display: Found up-to-date module file ../../../Engine/Plugins/MovieScene/LevelSequenceEditor/Binaries/Win64/UE4Editor-LevelSequenceEditor.dll (API version 3709383).
LogModuleManager: Display: Found up-to-date module file ../../../Engine/Plugins/MovieScene/MatineeToLevelSequence/Binaries/Win64/UE4Editor-MatineeToLevelSequence.dll (API version 3709383).
LogModuleManager: Display: Found up-to-date module file ../../../Engine/Plugins/Online/OnlineSubsystem/Binaries/Win64/UE4Editor-OnlineSubsystem.dll (API version 3709383).
LogModuleManager: Display: Found up-to-date module file ../../../Engine/Plugins/Runtime/AndroidPermission/Binaries/Win64/UE4Editor-AndroidPermission.dll (API version 3709383).
LogModuleManager: Display: Found up-to-date module file ../../../Engine/Plugins/Online/OnlineSubsystemNull/Binaries/Win64/UE4Editor-OnlineSubsystemNull.dll (API version 3709383).
LogModuleManager: Display: Found up-to-date module file ../../../Engine/Plugins/Online/OnlineSubsystemUtils/Binaries/Win64/UE4Editor-OnlineSubsystemUtils.dll (API version 3709383).
LogModuleManager: Display: Found up-to-date module file ../../../Engine/Plugins/Online/OnlineSubsystemUtils/Binaries/Win64/UE4Editor-OnlineBlueprintSupport.dll (API version 3709383).
LogModuleManager: Display: Found up-to-date module file ../../../Engine/Plugins/Runtime/AndroidDeviceProfileSelector/Binaries/Win64/UE4Editor-AndroidDeviceProfileSelector.dll (API version 3709383).
LogModuleManager: Display: Found up-to-date module file ../../../Engine/Plugins/Runtime/AppleARKit/Binaries/Win64/UE4Editor-AppleARKit.dll (API version 3709383).
LogModuleManager: Display: Found up-to-date module file ../../../Engine/Plugins/Runtime/ArchVisCharacter/Binaries/Win64/UE4Editor-ArchVisCharacter.dll (API version 3709383).
LogModuleManager: Display: Found up-to-date module file ../../../Engine/Plugins/Runtime/CableComponent/Binaries/Win64/UE4Editor-CableComponent.dll (API version 3709383).
LogModuleManager: Display: Found up-to-date module file ../../../Engine/Plugins/Runtime/CustomMeshComponent/Binaries/Win64/UE4Editor-CustomMeshComponent.dll (API version 3709383).
LogModuleManager: Display: Found up-to-date module file ../../../Engine/Plugins/Runtime/ExampleDeviceProfileSelector/Binaries/Win64/UE4Editor-ExampleDeviceProfileSelector.dll (API version 3709383).
LogModuleManager: Display: Found up-to-date module file ../../../Engine/Plugins/Runtime/ImmediatePhysics/Binaries/Win64/UE4Editor-ImmediatePhysics.dll (API version 3709383).
LogModuleManager: Display: Found up-to-date module file ../../../Engine/Plugins/Runtime/ImmediatePhysics/Binaries/Win64/UE4Editor-ImmediatePhysicsEditor.dll (API version 3709383).
LogModuleManager: Display: Found up-to-date module file ../../../Engine/Plugins/Runtime/LocationServicesBPLibrary/Binaries/Win64/UE4Editor-LocationServicesBPLibrary.dll (API version 3709383).
LogModuleManager: Display: Found up-to-date module file ../../../Engine/Plugins/Runtime/MobilePatchingUtils/Binaries/Win64/UE4Editor-MobilePatchingUtils.dll (API version 3709383).
LogModuleManager: Display: Found up-to-date module file ../../../Engine/Plugins/Runtime/Oculus/OculusVR/Binaries/Win64/UE4Editor-OculusHMD.dll (API version 3709383).
LogModuleManager: Display: Found up-to-date module file ../../../Engine/Plugins/Runtime/Oculus/OculusVR/Binaries/Win64/UE4Editor-OculusInput.dll (API version 3709383).
LogModuleManager: Display: Found up-to-date module file ../../../Engine/Plugins/Runtime/Oculus/OculusVR/Binaries/Win64/UE4Editor-OculusEditor.dll (API version 3709383).
LogModuleManager: Display: Found up-to-date module file ../../../Engine/Plugins/Runtime/PhysXVehicles/Binaries/Win64/UE4Editor-PhysXVehicles.dll (API version 3709383).
LogModuleManager: Display: Found up-to-date module file ../../../Engine/Plugins/Runtime/PhysXVehicles/Binaries/Win64/UE4Editor-PhysXVehiclesEditor.dll (API version 3709383).
LogModuleManager: Display: Found up-to-date module file ../../../Engine/Plugins/Runtime/ProceduralMeshComponent/Binaries/Win64/UE4Editor-ProceduralMeshComponent.dll (API version 3709383).
LogModuleManager: Display: Found up-to-date module file ../../../Engine/Plugins/Runtime/ProceduralMeshComponent/Binaries/Win64/UE4Editor-ProceduralMeshComponentEditor.dll (API version 3709383).
LogModuleManager: Display: Found up-to-date module file ../../../Engine/Plugins/Runtime/RuntimePhysXCooking/Binaries/Win64/UE4Editor-RuntimePhysXCooking.dll (API version 3709383).
LogModuleManager: Display: Found up-to-date module file ../../../Engine/Plugins/Runtime/Steam/SteamVR/Binaries/Win64/UE4Editor-SteamVR.dll (API version 3709383).
LogModuleManager: Display: Found up-to-date module file ../../../Engine/Plugins/Runtime/Steam/SteamVR/Binaries/Win64/UE4Editor-SteamVRController.dll (API version 3709383).
LogModuleManager: Display: Found up-to-date module file ../../../Engine/Plugins/Runtime/WindowsMoviePlayer/Binaries/Win64/UE4Editor-WindowsMoviePlayer.dll (API version 3709383).
LogPluginManager: Mounting plugin Paper2D
LogPluginManager: Mounting plugin LightPropagationVolume
LogPluginManager: Mounting plugin CodeLiteSourceCodeAccess
LogPluginManager: Mounting plugin GitSourceControl
LogPluginManager: Mounting plugin KDevelopSourceCodeAccess
LogPluginManager: Mounting plugin NullSourceCodeAccess
LogPluginManager: Mounting plugin PerforceSourceControl
LogPluginManager: Mounting plugin SubversionSourceControl
LogPluginManager: Mounting plugin UObjectPlugin
LogPluginManager: Mounting plugin VisualStudioCodeSourceCodeAccess
LogPluginManager: Mounting plugin VisualStudioSourceCodeAccess
LogPluginManager: Mounting plugin XCodeSourceCodeAccess
LogPluginManager: Mounting plugin AssetManagerEditor
LogPluginManager: Mounting plugin AudioCapture
LogPluginManager: Mounting plugin FacialAnimation
LogPluginManager: Mounting plugin GameplayTagsEditor
LogPluginManager: Mounting plugin MobileLauncherProfileWizard
LogPluginManager: Mounting plugin PluginBrowser
LogPluginManager: Mounting plugin SpeedTreeImporter
LogPluginManager: Mounting plugin AlembicImporter
LogPluginManager: Mounting plugin CharacterAI
LogPluginManager: Mounting plugin HTML5Networking
LogPluginManager: Mounting plugin AndroidMedia
LogPluginManager: Mounting plugin AvfMedia
LogPluginManager: Mounting plugin ImgMedia
LogPluginManager: Mounting plugin MediaCompositing
LogPluginManager: Mounting plugin MediaPlayerEditor
LogPluginManager: Mounting plugin WmfMedia
LogPluginManager: Mounting plugin TcpMessaging
LogPluginManager: Mounting plugin UdpMessaging
LogPluginManager: Mounting plugin ActorSequence
LogPluginManager: Mounting plugin LevelSequenceEditor
LogPluginManager: Mounting plugin MatineeToLevelSequence
LogPluginManager: Mounting plugin OnlineSubsystemGooglePlay
LogPluginManager: Mounting plugin OnlineSubsystemIOS
LogPluginManager: Mounting plugin OnlineSubsystem
LogPluginManager: Mounting plugin OnlineSubsystemNull
LogPluginManager: Mounting plugin OnlineSubsystemUtils
LogPluginManager: Mounting plugin AndroidDeviceProfileSelector
LogPluginManager: Mounting plugin AndroidMoviePlayer
LogPluginManager: Mounting plugin AndroidPermission
LogPluginManager: Mounting plugin AppleARKit
LogPluginManager: Mounting plugin AppleMoviePlayer
LogPluginManager: Mounting plugin ArchVisCharacter
LogPluginManager: Mounting plugin CableComponent
LogPluginManager: Mounting plugin CustomMeshComponent
LogPluginManager: Mounting plugin ExampleDeviceProfileSelector
LogPluginManager: Mounting plugin GoogleCloudMessaging
LogPluginManager: Mounting plugin ImmediatePhysics
LogPluginManager: Mounting plugin IOSDeviceProfileSelector
LogPluginManager: Mounting plugin LinuxDeviceProfileSelector
LogPluginManager: Mounting plugin LocationServicesBPLibrary
LogPluginManager: Mounting plugin MobilePatchingUtils
LogPluginManager: Mounting plugin OculusVR
LogPluginManager: Plugin shader directory ../../../Engine/Plugins/Runtime/Oculus/OculusVR/Shaders found
LogPluginManager: Mapping shader source directory ../../../Engine/Plugins/Runtime/Oculus/OculusVR/Shaders to virtual directory /Plugin/OculusVR
LogPluginManager: Mounting plugin PhysXVehicles
LogPluginManager: Mounting plugin ProceduralMeshComponent
LogPluginManager: Mounting plugin RuntimePhysXCooking
LogPluginManager: Mounting plugin SteamVR
LogPluginManager: Mounting plugin WindowsMoviePlayer
LogInit: Using libcurl 7.47.1
LogInit:  - built for x86_64-pc-win32
LogInit:  - supports SSL with OpenSSL/1.0.2g
LogInit:  - supports HTTP deflate (compression) using libz 1.2.8
LogInit:  - other features:
LogInit:      CURL_VERSION_SSL
LogInit:      CURL_VERSION_LIBZ
LogInit:      CURL_VERSION_IPV6
LogInit:      CURL_VERSION_ASYNCHDNS
LogInit:      CURL_VERSION_LARGEFILE
LogInit:      CURL_VERSION_IDN
LogInit:  CurlRequestOptions (configurable via config and command line):
LogInit:  - bVerifyPeer = false  - Libcurl will NOT verify peer certificate
LogInit:  - bUseHttpProxy = false  - Libcurl will NOT use HTTP proxy
LogInit:  - bDontReuseConnections = false  - Libcurl will reuse connections
LogInit:  - CertBundlePath = nullptr  - Libcurl will use whatever was configured at build time.
LogInit: Build: ++UE4+Release-4.18-CL-3754814
LogInit: Engine Version: 4.18.1-3754814+++UE4+Release-4.18
LogInit: Compatible Engine Version: 4.18.0-3709383+++UE4+Release-4.18
LogInit: Net CL: 3709383
LogDevObjectVersion: Number of dev versions registered: 16
LogDevObjectVersion:   Dev-Blueprints (B0D832E4-1F89-4F0D-ACCF-7EB736FD4AA2): 10
LogDevObjectVersion:   Dev-Build (E1C64328-A22C-4D53-A36C-8E866417BD8C): 0
LogDevObjectVersion:   Dev-Core (375EC13C-06E4-48FB-B500-84F0262A717E): 2
LogDevObjectVersion:   Dev-Editor (E4B068ED-F494-42E9-A231-DA0B2E46BB41): 20
LogDevObjectVersion:   Dev-Framework (CFFC743F-43B0-4480-9391-14DF171D2073): 30
LogDevObjectVersion:   Dev-Mobile (B02B49B5-BB20-44E9-A304-32B752E40360): 0
LogDevObjectVersion:   Dev-Networking (A4E4105C-59A1-49B5-A7C5-40C4547EDFEE): 0
LogDevObjectVersion:   Dev-Online (39C831C9-5AE6-47DC-9A44-9C173E1C8E7C): 0
LogDevObjectVersion:   Dev-Physics (78F01B33-EBEA-4F98-B9B4-84EACCB95AA2): 0
LogDevObjectVersion:   Dev-Platform (6631380F-2D4D-43E0-8009-CF276956A95A): 0
LogDevObjectVersion:   Dev-Rendering (12F88B9F-8875-4AFC-A67C-D90C383ABD29): 20
LogDevObjectVersion:   Dev-Sequencer (7B5AE74C-D270-4C10-A958-57980B212A5A): 4
LogDevObjectVersion:   Dev-VR (D7296918-1DD6-4BDD-9DE2-64A83CC13884): 0
LogDevObjectVersion:   Dev-LoadTimes (C2A15278-BFE7-4AFE-6C17-90FF531DF755): 1
LogDevObjectVersion:   Private-Geometry (6EACA3D4-40EC-4CC1-B786-8BED09428FC5): 1
LogDevObjectVersion:   Dev-AnimPhys (29E575DD-E0A3-4627-9D10-D276232CDCEA): 12
LogInit: Compiled (64-bit): Nov 14 2017 02:05:55
LogInit: Compiled with Visual C++: 19.00.24215.01
LogInit: Build Configuration: Development
LogInit: Branch Name: ++UE4+Release-4.18
LogInit: Command line: 
LogInit: Base directory: C:/Program Files/Epic Games/UE_4.18/Engine/Binaries/Win64/
LogInit: Installed Engine Build: 1
LogInit: Presizing for max 8388607 objects, including 0 objects not considered by GC, pre-allocating 0 bytes for permanent pool.
LogInit: Object subsystem initialized
[2017.11.26-04.27.57:667][  0]LogInit: Selected Device Profile: [Windows]
[2017.11.26-04.27.57:667][  0]LogInit: Applying CVar settings loaded from the selected device profile: [Windows]
[2017.11.26-04.27.57:680][  0]LogInit: Computer: DESKTOP-A54SF20
[2017.11.26-04.27.57:680][  0]LogInit: User: Justi
[2017.11.26-04.27.57:680][  0]LogInit: CPU Page size=4096, Cores=4
[2017.11.26-04.27.57:680][  0]LogInit: High frequency timer resolution =3.318389 MHz
[2017.11.26-04.27.57:680][  0]LogMemory: Memory total: Physical=15.9GB (16GB approx)
[2017.11.26-04.27.57:680][  0]LogMemory: Platform Memory Stats for Windows
[2017.11.26-04.27.57:680][  0]LogMemory: Process Physical Memory: 274.23 MB used, 274.23 MB peak
[2017.11.26-04.27.57:680][  0]LogMemory: Process Virtual Memory: 263.93 MB used, 263.93 MB peak
[2017.11.26-04.27.57:680][  0]LogMemory: Physical Memory: 5178.57 MB used,  11142.84 MB free, 16321.41 MB total
[2017.11.26-04.27.57:680][  0]LogMemory: Virtual Memory: 637.95 MB used,  11142.84 MB free, 134217728.00 MB total
[2017.11.26-04.27.57:806][  0]LogInit: Using OS detected language (en-US).
[2017.11.26-04.27.57:806][  0]LogInit: Using OS detected locale (en-US).
[2017.11.26-04.27.57:808][  0]LogTextLocalizationManager: No specific localization for 'en-US' exists, so the 'en' localization will be used.
[2017.11.26-04.27.58:205][  0]LogInit: Setting process to per monitor DPI aware
[2017.11.26-04.27.58:415][  0]LogD3D11RHI: D3D11 adapters:
[2017.11.26-04.27.58:454][  0]LogD3D11RHI:    0. 'NVIDIA GeForce GTX 780' (Feature Level 11_0)
[2017.11.26-04.27.58:454][  0]LogD3D11RHI:       3039/0/8160 MB DedicatedVideo/DedicatedSystem/SharedSystem, Outputs:1, VendorId:0x10de
[2017.11.26-04.27.58:455][  0]LogD3D11RHI:    1. 'Microsoft Basic Render Driver' (Feature Level 11_0)
[2017.11.26-04.27.58:455][  0]LogD3D11RHI:       0/0/8160 MB DedicatedVideo/DedicatedSystem/SharedSystem, Outputs:0, VendorId:0x1414
[2017.11.26-04.27.58:455][  0]LogD3D11RHI: Chosen D3D11 Adapter: 0
[2017.11.26-04.27.58:460][  0]LogD3D11RHI: Creating new Direct3DDevice
[2017.11.26-04.27.58:460][  0]LogD3D11RHI:     GPU DeviceId: 0x1004 (for the marketing name, search the web for "GPU Device Id")
[2017.11.26-04.27.58:460][  0]LogWindows: EnumDisplayDevices:
[2017.11.26-04.27.58:460][  0]LogWindows:    0. 'NVIDIA GeForce GTX 780' (P:1 D:1)
[2017.11.26-04.27.58:460][  0]LogWindows:    1. 'NVIDIA GeForce GTX 780' (P:0 D:0)
[2017.11.26-04.27.58:461][  0]LogWindows:    2. 'NVIDIA GeForce GTX 780' (P:0 D:0)
[2017.11.26-04.27.58:461][  0]LogWindows:    3. 'NVIDIA GeForce GTX 780' (P:0 D:0)
[2017.11.26-04.27.58:461][  0]LogWindows: DebugString: FoundDriverCount:4 
[2017.11.26-04.27.58:461][  0]LogD3D11RHI:     Adapter Name: NVIDIA GeForce GTX 780
[2017.11.26-04.27.58:461][  0]LogD3D11RHI:   Driver Version: 388.13 (internal:23.21.13.8813, unified:388.13)
[2017.11.26-04.27.58:461][  0]LogD3D11RHI:      Driver Date: 10-27-2017
[2017.11.26-04.27.58:461][  0]LogRHI: Texture pool is 2127 MB (70% of 3039 MB)
[2017.11.26-04.27.58:491][  0]LogD3D11RHI: Async texture creation enabled
[2017.11.26-04.27.58:526][  0]LogD3D11RHI: GPU Timing Frequency: 1000.000000 (Debug: 2 1)
[2017.11.26-04.27.58:574][  0]LogShaderCompilers: Guid format shader working directory is -66 characters bigger than the processId version (../../../../../../Users/Justi/Desktop/unreal_projects/EndlessClicker/artProject_TheoryOfComputation/myArtProject/Intermediate/Shaders/WorkingDirectory/7876/).
[2017.11.26-04.27.58:574][  0]LogShaderCompilers: Cleaned the shader compiler working directory 'C:/Users/Justi/AppData/Local/Temp/UnrealShaderWorkingDir/1C46251642EAAF904CBD8BB9DD8489B0/'.
[2017.11.26-04.27.58:574][  0]LogShaderCompilers: Display: Using Local Shader Compiler.
[2017.11.26-04.27.59:455][  0]LogTemp: Display: Loaded TP AllDesktopTargetPlatform
[2017.11.26-04.27.59:501][  0]LogTemp: Display: Loaded TP MacClientTargetPlatform
[2017.11.26-04.27.59:548][  0]LogTemp: Display: Loaded TP MacNoEditorTargetPlatform
[2017.11.26-04.27.59:593][  0]LogTemp: Display: Loaded TP MacServerTargetPlatform
[2017.11.26-04.27.59:640][  0]LogTemp: Display: Loaded TP MacTargetPlatform
[2017.11.26-04.27.59:687][  0]LogTemp: Display: Loaded TP WindowsClientTargetPlatform
[2017.11.26-04.27.59:733][  0]LogTemp: Display: Loaded TP WindowsNoEditorTargetPlatform
[2017.11.26-04.27.59:779][  0]LogTemp: Display: Loaded TP WindowsServerTargetPlatform
[2017.11.26-04.27.59:820][  0]LogTemp: Display: Loaded TP WindowsTargetPlatform
[2017.11.26-04.27.59:865][  0]LogTemp: Display: Loaded TP Android_ASTCTargetPlatform
[2017.11.26-04.27.59:909][  0]LogTemp: Display: Loaded TP Android_ATCTargetPlatform
[2017.11.26-04.27.59:955][  0]LogTemp: Display: Loaded TP Android_DXTTargetPlatform
[2017.11.26-04.28.00:000][  0]LogTemp: Display: Loaded TP Android_ETC1TargetPlatform
[2017.11.26-04.28.00:045][  0]LogTemp: Display: Loaded TP Android_ETC2TargetPlatform
[2017.11.26-04.28.00:136][  0]LogTemp: Display: Loaded TP Android_MultiTargetPlatform
[2017.11.26-04.28.00:136][  0]LogTemp: Display: Loaded TP Android_PVRTCTargetPlatform
[2017.11.26-04.28.00:181][  0]LogTemp: Display: Loaded TP AndroidTargetPlatform
[2017.11.26-04.28.00:217][  0]LogTemp: Display: Loaded TP HTML5TargetPlatform
[2017.11.26-04.28.00:297][  0]LogTemp: Display: Loaded TP IOSTargetPlatform
[2017.11.26-04.28.00:322][  0]LogTemp: Display: Loaded TP TVOSTargetPlatform
[2017.11.26-04.28.00:368][  0]LogTemp: Display: Loaded TP LinuxClientTargetPlatform
[2017.11.26-04.28.00:414][  0]LogTemp: Display: Loaded TP LinuxNoEditorTargetPlatform
[2017.11.26-04.28.00:459][  0]LogTemp: Display: Loaded TP LinuxServerTargetPlatform
[2017.11.26-04.28.00:503][  0]LogTemp: Display: Loaded TP LinuxTargetPlatform
[2017.11.26-04.28.00:503][  0]LogTargetPlatformManager: Display: Building Assets For Windows
[2017.11.26-04.28.00:898][  0]LogDerivedDataCache: Display: Max Cache Size: 512 MB
[2017.11.26-04.28.00:977][  0]LogDerivedDataCache: Loaded boot cache 0.08s 78MB C:/Users/Justi/AppData/Local/UnrealEngine/4.18/DerivedDataCache/Boot.ddc.
[2017.11.26-04.28.00:977][  0]LogDerivedDataCache: Display: Loaded Boot cache: C:/Users/Justi/AppData/Local/UnrealEngine/4.18/DerivedDataCache/Boot.ddc
[2017.11.26-04.28.00:977][  0]LogDerivedDataCache: FDerivedDataBackendGraph:  Pak pak cache file ../../../../../../Users/Justi/Desktop/unreal_projects/EndlessClicker/artProject_TheoryOfComputation/myArtProject/DerivedDataCache/DDC.ddp not found, will not use a pak cache.
[2017.11.26-04.28.00:977][  0]LogDerivedDataCache: Unable to find inner node Pak for hierarchical cache Hierarchy.
[2017.11.26-04.28.00:977][  0]LogDerivedDataCache: FDerivedDataBackendGraph:  CompressedPak pak cache file ../../../../../../Users/Justi/Desktop/unreal_projects/EndlessClicker/artProject_TheoryOfComputation/myArtProject/DerivedDataCache/Compressed.ddp not found, will not use a pak cache.
[2017.11.26-04.28.00:977][  0]LogDerivedDataCache: Unable to find inner node CompressedPak for hierarchical cache Hierarchy.
[2017.11.26-04.28.00:993][  0]LogDerivedDataCache: Display: Pak cache opened for reading ../../../Engine/DerivedDataCache/Compressed.ddp.
[2017.11.26-04.28.01:004][  0]LogDerivedDataCache: Using Local data cache path C:/Users/Justi/AppData/Local/UnrealEngine/Common/DerivedDataCache: Writable
[2017.11.26-04.28.01:015][  0]LogMaterial: Verifying Global Shaders for PCD3D_SM5
[2017.11.26-04.28.01:015][  0]LogSlate: Using Freetype 2.6.0
[2017.11.26-04.28.01:016][  0]LogSlate: SlateFontCache - WITH_FREETYPE: 1, WITH_HARFBUZZ: 1
[2017.11.26-04.28.01:016][  0]LogSlate: SlateFontCache - WITH_FREETYPE: 1, WITH_HARFBUZZ: 1
[2017.11.26-04.28.01:358][  0]LogInit: Selected Device Profile: [Windows]
[2017.11.26-04.28.01:653][  0]LogSimplygon: Simplygon DLL not present - disabling.
[2017.11.26-04.28.01:687][  0]LogMeshReduction: Using SimplygonSwarm for distributed automatic mesh merging
[2017.11.26-04.28.01:687][  0]LogMeshReduction: Using QuadricMeshReduction for automatic static mesh reduction
[2017.11.26-04.28.01:687][  0]LogMeshReduction: No automatic skeletal mesh reduction module available
[2017.11.26-04.28.01:687][  0]LogMeshReduction: No automatic mesh merging module available
[2017.11.26-04.28.01:687][  0]LogMeshMerging: No automatic mesh merging module available
[2017.11.26-04.28.01:710][  0]LogNetVersion: myArtProject , NetCL: 3709383, EngineNetVer: 2, GameNetVer: 0 (Checksum: 1610086920)
[2017.11.26-04.28.01:858][  0]LogAssetRegistry: FAssetRegistry took 0.0254 seconds to start up
[2017.11.26-04.28.02:325][  0]LogPackageLocalizationCache: Processed 7 localized package path(s) for 2 prioritized culture(s) in 0.064650 seconds
[2017.11.26-04.28.02:330][  0]LogUObjectArray: 35900 objects as part of root set at end of initial load.
[2017.11.26-04.28.02:330][  0]LogUObjectAllocator: 7372024 out of 0 bytes used by permanent object pool.
[2017.11.26-04.28.02:330][  0]LogUObjectArray: CloseDisregardForGC: 0/0 objects in disregard for GC pool
[2017.11.26-04.28.02:373][  0]LogInit: WinSock: version 1.1 (2.2), MaxSocks=32767, MaxUdp=65467
[2017.11.26-04.28.04:747][  0]LogTcpMessaging: Initializing TcpMessaging bridge
[2017.11.26-04.28.04:783][  0]LogUdpMessaging: Initializing bridge on interface 0.0.0.0:0 to multicast group 230.0.0.1:6666.
[2017.11.26-04.28.05:364][  0]LogMaterial: Uniform references updated for custom material expression Custom.
[2017.11.26-04.28.05:731][  0]SourceControl: Source control is disabled
[2017.11.26-04.28.05:731][  0]SourceControl: Source control is disabled
[2017.11.26-04.28.05:776][  0]SourceControl: Source control is disabled
[2017.11.26-04.28.05:822][  0]SourceControl: Source control is disabled
[2017.11.26-04.28.06:513][  0]LogAndroidPermission: UAndroidPermissionCallbackProxy::GetInstance
[2017.11.26-04.28.06:740][  0]LogOcInput: OculusInput pre-init called
[2017.11.26-04.28.06:990][  0]LogEngine: Initializing Engine...
[2017.11.26-04.28.06:992][  0]LogHMD: Failed to initialize OpenVR with code 110
[2017.11.26-04.28.07:195][  0]LogStats: UGameplayTagsManager::ConstructGameplayTagTree: Construct from data asset -  0.000 s
[2017.11.26-04.28.07:195][  0]LogStats: UGameplayTagsManager::ConstructGameplayTagTree: GameplayTagTreeChangedEvent.Broadcast -  0.000 s
[2017.11.26-04.28.07:307][  0]LogAIModule: Creating AISystem for world Untitled
[2017.11.26-04.28.07:316][  0]LogInit: XAudio2 using 'Headset Earphone (HyperX 7.1 Audio)' : 2 channels at 44.1 kHz using 16 bits per sample (channel mask 0x3)
[2017.11.26-04.28.07:325][  0]LogInit: FAudioDevice initialized.
[2017.11.26-04.28.07:437][  0]LogDerivedDataCache: Saved boot cache 0.11s 78MB C:/Users/Justi/AppData/Local/UnrealEngine/4.18/DerivedDataCache/Boot.ddc.
[2017.11.26-04.28.07:451][  0]LogInit: Texture streaming: Enabled
[2017.11.26-04.28.07:537][  0]LogEngineSessionManager: EngineSessionManager initialized
[2017.11.26-04.28.07:649][  0]LogInit: Transaction tracking system initialized
[2017.11.26-04.28.07:922][  0]BlueprintLog: New page: Editor Load
[2017.11.26-04.28.08:683][  0]LocalizationService: Localization service is disabled
[2017.11.26-04.28.09:473][  0]LogConsoleResponse: Display: 
[2017.11.26-04.28.09:634][  0]LogCook: Display: Max memory allowance for cook 16384mb min free memory 0mb
[2017.11.26-04.28.09:634][  0]LogCook: Display: Mobile HDR setting 0
[2017.11.26-04.28.09:634][  0]LogGameplayTags: Display: UGameplayTagsManager::DoneAddingNativeTags. DelegateIsBound: 0
[2017.11.26-04.28.09:764][  0]LogFileCache: Scanning file cache for directory 'C:/Users/Justi/Desktop/unreal_projects/EndlessClicker/artProject_TheoryOfComputation/myArtProject/Content/' took 0.01s
[2017.11.26-04.28.10:647][  0]SourceControl: Source control is disabled
[2017.11.26-04.28.10:647][  0]Cmd: MAP LOAD FILE="../../../../../../Users/Justi/Desktop/unreal_projects/EndlessClicker/artProject_TheoryOfComputation/myArtProject/Content/Levels/GameLevel.umap" TEMPLATE=0 SHOWPROGRESS=1 FEATURELEVEL=3
[2017.11.26-04.28.10:647][  0]LightingResults: New page: Lighting Build
[2017.11.26-04.28.10:683][  0]MapCheck: New page: Map Check
[2017.11.26-04.28.10:683][  0]LightingResults: New page: Lighting Build
[2017.11.26-04.28.10:695][  0]LogAIModule: Creating AISystem for world GameLevel
[2017.11.26-04.28.10:696][  0]LogEditorServer: Finished looking for orphan Actors (0.000 secs)
[2017.11.26-04.28.10:705][  0]Cmd: MAP CHECKDEP NOCLEARLOG
[2017.11.26-04.28.10:748][  0]MapCheck: Map check complete: 0 Error(s), 0 Warning(s), took 42.473ms to complete.
[2017.11.26-04.28.10:748][  0]LogFileHelpers: Loading map 'GameLevel' took 0.101
[2017.11.26-04.28.10:824][  0]LogCollectionManager: Loaded 0 collections in 0.001322 seconds
[2017.11.26-04.28.10:897][  0]LogFileCache: Scanning file cache for directory 'C:/Users/Justi/Desktop/unreal_projects/EndlessClicker/artProject_TheoryOfComputation/myArtProject/Saved/Collections/' took 0.01s
[2017.11.26-04.28.10:897][  0]LogFileCache: Scanning file cache for directory 'C:/Users/Justi/Desktop/unreal_projects/EndlessClicker/artProject_TheoryOfComputation/myArtProject/Content/Developers/Justi/Collections/' took 0.01s
[2017.11.26-04.28.10:897][  0]LogFileCache: Scanning file cache for directory 'C:/Users/Justi/Desktop/unreal_projects/EndlessClicker/artProject_TheoryOfComputation/myArtProject/Content/Collections/' took 0.01s
[2017.11.26-04.28.10:897][  0]LogCollectionManager: Rebuilt the GUID cache for 0 collections in 0.000001 seconds
[2017.11.26-04.28.10:905][  0]LogContentBrowser: Native class hierarchy populated in 0.0082 seconds. Added 2363 classes and 519 folders.
[2017.11.26-04.28.10:960][  0]LogContentBrowser: Native class hierarchy updated for 'WidgetCarousel' in 0.0002 seconds. Added 0 classes and 0 folders.
[2017.11.26-04.28.10:991][  0]LogContentBrowser: Native class hierarchy updated for 'AddContentDialog' in 0.0002 seconds. Added 0 classes and 0 folders.
[2017.11.26-04.28.11:074][  0]LogContentBrowser: Native class hierarchy updated for 'SceneOutliner' in 0.0002 seconds. Added 1 classes and 2 folders.
[2017.11.26-04.28.11:090][  0]LogSlate: Took 0.000155 seconds to synchronously load lazily loaded font '../../../Engine/Content/Slate/Fonts/Roboto-Regular.ttf' (155K)
[2017.11.26-04.28.11:092][  0]LogSlate: Took 0.000158 seconds to synchronously load lazily loaded font '../../../Engine/Content/Slate/Fonts/Roboto-Bold.ttf' (160K)
[2017.11.26-04.28.11:094][  0]LogSlate: Took 0.000238 seconds to synchronously load lazily loaded font '../../../Engine/Content/Editor/Slate/Fonts/FontAwesome.ttf' (139K)
[2017.11.26-04.28.11:192][  0]LogRenderer: Reallocating scene render targets to support 1104x924 Format 10 NumSamples 1 (Frame:1).
[2017.11.26-04.28.11:345][  0]LogContentBrowser: Native class hierarchy updated for 'HierarchicalLODOutliner' in 0.0003 seconds. Added 1 classes and 2 folders.
[2017.11.26-04.28.11:345][  0]LogLoad: (Engine Initialization) Total time: 15.70 seconds
[2017.11.26-04.28.11:345][  0]LogLoad: (Engine Initialization) Total Blueprint compile time: 0.00 seconds
[2017.11.26-04.28.11:345][  0]LogExternalProfiler: Found external profiler: VSPerf
[2017.11.26-04.28.11:345][  0]LogExternalProfiler: Using external profiler: VSPerf
[2017.11.26-04.28.11:355][  0]LogWindowsTextInputMethodSystem: Display: IME system now deactivated.
[2017.11.26-04.28.11:371][  0]LogAssetRegistry: Asset discovery search completed in 9.5342 seconds
[2017.11.26-04.28.11:372][  0]LogCollectionManager: Rebuilt the object cache for 0 collections in 0.000000 seconds (found 0 objects)
[2017.11.26-04.28.11:372][  0]LogCollectionManager: Fixed up redirectors for 0 collections in 0.000053 seconds (updated 0 objects)
[2017.11.26-04.28.11:375][  0]LogContentStreaming: Texture pool size now 1000 MB
[2017.11.26-04.28.11:392][  0]LogSlate: Took 0.000157 seconds to synchronously load lazily loaded font '../../../Engine/Content/Slate/Fonts/Roboto-Light.ttf' (159K)
[2017.11.26-04.31.06:597][557]LogPlayLevel: Launcher Device ID: Android_ASTC@98895a434630304f30
[2017.11.26-04.31.06:608][557]LogPlayLevel: PlayLevel: No blueprints needed recompiling
[2017.11.26-04.31.06:608][557]LogCook: Display: Creating asset registry
[2017.11.26-04.31.06:612][557]LogSlate: Took 0.000146 seconds to synchronously load lazily loaded font '../../../Engine/Content/Slate/Fonts/Roboto-Light.ttf' (159K)
[2017.11.26-04.31.06:948][557]LogCook: Display: Cooked content cleared for platform AllDesktop
[2017.11.26-04.31.06:949][557]LogCook: Display: Unable to read previous cook inisettings for platform AllDesktop invalidating cook
[2017.11.26-04.31.06:999][557]LogCook: Display: Cooked content cleared for platform MacClient
[2017.11.26-04.31.06:999][557]LogCook: Display: Unable to read previous cook inisettings for platform MacClient invalidating cook
[2017.11.26-04.31.07:048][557]LogCook: Display: Cooked content cleared for platform MacNoEditor
[2017.11.26-04.31.07:049][557]LogCook: Display: Unable to read previous cook inisettings for platform MacNoEditor invalidating cook
[2017.11.26-04.31.07:098][557]LogCook: Display: Cooked content cleared for platform MacServer
[2017.11.26-04.31.07:099][557]LogCook: Display: Unable to read previous cook inisettings for platform MacServer invalidating cook
[2017.11.26-04.31.07:146][557]LogCook: Display: Cooked content cleared for platform Mac
[2017.11.26-04.31.07:147][557]LogCook: Display: Unable to read previous cook inisettings for platform Mac invalidating cook
[2017.11.26-04.31.07:194][557]LogCook: Display: Cooked content cleared for platform WindowsClient
[2017.11.26-04.31.07:195][557]LogCook: Display: Unable to read previous cook inisettings for platform WindowsClient invalidating cook
[2017.11.26-04.31.07:242][557]LogCook: Display: Cooked content cleared for platform WindowsNoEditor
[2017.11.26-04.31.07:243][557]LogCook: Display: Unable to read previous cook inisettings for platform WindowsNoEditor invalidating cook
[2017.11.26-04.31.07:291][557]LogCook: Display: Cooked content cleared for platform WindowsServer
[2017.11.26-04.31.07:292][557]LogCook: Display: Unable to read previous cook inisettings for platform WindowsServer invalidating cook
[2017.11.26-04.31.07:339][557]LogCook: Display: Cooked content cleared for platform Windows
[2017.11.26-04.31.07:340][557]LogCook: Display: Unable to read previous cook inisettings for platform Windows invalidating cook
[2017.11.26-04.31.07:386][557]LogCook: Display: Cooked content cleared for platform Android_ASTC
[2017.11.26-04.31.07:390][557]LogCook: Display: Unable to read previous cook inisettings for platform Android_ASTC invalidating cook
[2017.11.26-04.31.07:436][557]LogCook: Display: Cooked content cleared for platform Android_ATC
[2017.11.26-04.31.07:437][557]LogCook: Display: Unable to read previous cook inisettings for platform Android_ATC invalidating cook
[2017.11.26-04.31.07:483][557]LogCook: Display: Cooked content cleared for platform Android_DXT
[2017.11.26-04.31.07:484][557]LogCook: Display: Unable to read previous cook inisettings for platform Android_DXT invalidating cook
[2017.11.26-04.31.07:530][557]LogCook: Display: Cooked content cleared for platform Android_ETC1
[2017.11.26-04.31.07:531][557]LogCook: Display: Unable to read previous cook inisettings for platform Android_ETC1 invalidating cook
[2017.11.26-04.31.07:581][557]LogCook: Display: Cooked content cleared for platform Android_ETC2
[2017.11.26-04.31.07:582][557]LogCook: Display: Unable to read previous cook inisettings for platform Android_ETC2 invalidating cook
[2017.11.26-04.31.07:628][557]LogCook: Display: Cooked content cleared for platform Android_Multi
[2017.11.26-04.31.07:629][557]LogCook: Display: Unable to read previous cook inisettings for platform Android_Multi invalidating cook
[2017.11.26-04.31.07:678][557]LogCook: Display: Cooked content cleared for platform Android_PVRTC
[2017.11.26-04.31.07:681][557]LogCook: Display: Unable to read previous cook inisettings for platform Android_PVRTC invalidating cook
[2017.11.26-04.31.07:734][557]LogCook: Display: Cooked content cleared for platform Android
[2017.11.26-04.31.07:734][557]LogCook: Display: Unable to read previous cook inisettings for platform Android invalidating cook
[2017.11.26-04.31.07:782][557]LogCook: Display: Cooked content cleared for platform HTML5
[2017.11.26-04.31.07:783][557]LogCook: Display: Unable to read previous cook inisettings for platform HTML5 invalidating cook
[2017.11.26-04.31.07:831][557]LogCook: Display: Cooked content cleared for platform IOS
[2017.11.26-04.31.07:832][557]LogCook: Display: Unable to read previous cook inisettings for platform IOS invalidating cook
[2017.11.26-04.31.07:879][557]LogCook: Display: Cooked content cleared for platform TVOS
[2017.11.26-04.31.07:880][557]LogCook: Display: Unable to read previous cook inisettings for platform TVOS invalidating cook
[2017.11.26-04.31.07:928][557]LogCook: Display: Cooked content cleared for platform LinuxClient
[2017.11.26-04.31.07:929][557]LogCook: Display: Unable to read previous cook inisettings for platform LinuxClient invalidating cook
[2017.11.26-04.31.07:977][557]LogCook: Display: Cooked content cleared for platform LinuxNoEditor
[2017.11.26-04.31.07:978][557]LogCook: Display: Unable to read previous cook inisettings for platform LinuxNoEditor invalidating cook
[2017.11.26-04.31.08:025][557]LogCook: Display: Cooked content cleared for platform LinuxServer
[2017.11.26-04.31.08:026][557]LogCook: Display: Unable to read previous cook inisettings for platform LinuxServer invalidating cook
[2017.11.26-04.31.08:073][557]LogCook: Display: Cooked content cleared for platform Linux
[2017.11.26-04.31.08:074][557]LogCook: Display: Unable to read previous cook inisettings for platform Linux invalidating cook
[2017.11.26-04.31.08:122][557]LogCook: Display: Sandbox cleanup took 1.175 seconds for platforms AllDesktop MacClient MacNoEditor MacServer Mac WindowsClient WindowsNoEditor WindowsServer Windows Android_ASTC Android_ATC Android_DXT Android_ETC1 Android_ETC2 Android_Multi Android_PVRTC Android HTML5 IOS TVOS LinuxClient LinuxNoEditor LinuxServer Linux  iterative false
[2017.11.26-04.31.08:770][557]LogMaterial: Verifying Global Shaders for GLSL_ES2
[2017.11.26-04.31.08:968][558]LogMaterial: Missing cached shader map for material MatineeCam_mat, compiling. 
[2017.11.26-04.31.09:021][558]LogCook: Display: Cooking /Engine/Tutorial/Foliage/Foliage_Intro_Tutorial -> C:/Users/Justi/Desktop/unreal_projects/EndlessClicker/artProject_TheoryOfComputation/myArtProject/Saved/EditorCooked/Android_ASTC/Engine/Content/Tutorial/Foliage/Foliage_Intro_Tutorial.uasset
[2017.11.26-04.31.09:021][558]LogSavePackage: Display: No exports found (or all exports are editor-only) for Foliage_Intro_Tutorial. Package will not be saved.
[2017.11.26-04.31.09:056][558]LogContentBrowser: Native class hierarchy updated for 'BlueprintNativeCodeGen' in 0.0002 seconds. Added 0 classes and 0 folders.
[2017.11.26-04.31.09:056][558]LogCook: Display: Cooking /Engine/EditorResources/S_Actor -> C:/Users/Justi/Desktop/unreal_projects/EndlessClicker/artProject_TheoryOfComputation/myArtProject/Saved/EditorCooked/Android_ASTC/Engine/Content/EditorResources/S_Actor.uasset
[2017.11.26-04.31.09:057][558]LogSavePackage: Save=0.61ms
[2017.11.26-04.31.09:057][558]LogSavePackage: Async saving from memory to 'C:/Users/Justi/Desktop/unreal_projects/EndlessClicker/artProject_TheoryOfComputation/myArtProject/Saved/EditorCooked/Android_ASTC/Engine/Content/EditorResources/S_Actor.uasset'
[2017.11.26-04.31.09:057][558]LogSavePackage: Display: Finished SavePackage C:/Users/Justi/Desktop/unreal_projects/EndlessClicker/artProject_TheoryOfComputation/myArtProject/Saved/EditorCooked/Android_ASTC/Engine/Content/EditorResources/S_Actor.uasset
[2017.11.26-04.31.09:058][558]LogCook: Display: Cooking /Engine/EditorResources/S_ExpoHeightFog -> C:/Users/Justi/Desktop/unreal_projects/EndlessClicker/artProject_TheoryOfComputation/myArtProject/Saved/EditorCooked/Android_ASTC/Engine/Content/EditorResources/S_ExpoHeightFog.uasset
[2017.11.26-04.31.09:058][558]LogSavePackage: Save=0.59ms
[2017.11.26-04.31.09:058][558]LogSavePackage: Async saving from memory to 'C:/Users/Justi/Desktop/unreal_projects/EndlessClicker/artProject_TheoryOfComputation/myArtProject/Saved/EditorCooked/Android_ASTC/Engine/Content/EditorResources/S_ExpoHeightFog.uasset'
[2017.11.26-04.31.09:059][558]LogSavePackage: Display: Finished SavePackage C:/Users/Justi/Desktop/unreal_projects/EndlessClicker/artProject_TheoryOfComputation/myArtProject/Saved/EditorCooked/Android_ASTC/Engine/Content/EditorResources/S_ExpoHeightFog.uasset
[2017.11.26-04.31.09:072][559]LogCook: Display: Cooking /Engine/Tutorial/Foliage/Foliage_Using_The_Tool_Tutorial -> C:/Users/Justi/Desktop/unreal_projects/EndlessClicker/artProject_TheoryOfComputation/myArtProject/Saved/EditorCooked/Android_ASTC/Engine/Content/Tutorial/Foliage/Foliage_Using_The_Tool_Tutorial.uasset
[2017.11.26-04.31.09:072][559]LogSavePackage: Display: No exports found (or all exports are editor-only) for Foliage_Using_The_Tool_Tutorial. Package will not be saved.
[2017.11.26-04.31.09:073][559]LogCook: Display: Cooking /Engine/EditorResources/S_ReflActorIcon -> C:/Users/Justi/Desktop/unreal_projects/EndlessClicker/artProject_TheoryOfComputation/myArtProject/Saved/EditorCooked/Android_ASTC/Engine/Content/EditorResources/S_ReflActorIcon.uasset
[2017.11.26-04.31.09:073][559]LogSavePackage: Save=0.42ms
[2017.11.26-04.31.09:073][559]LogSavePackage: Async saving from memory to 'C:/Users/Justi/Desktop/unreal_projects/EndlessClicker/artProject_TheoryOfComputation/myArtProject/Saved/EditorCooked/Android_ASTC/Engine/Content/EditorResources/S_ReflActorIcon.uasset'
[2017.11.26-04.31.09:073][559]LogSavePackage: Display: Finished SavePackage C:/Users/Justi/Desktop/unreal_projects/EndlessClicker/artProject_TheoryOfComputation/myArtProject/Saved/EditorCooked/Android_ASTC/Engine/Content/EditorResources/S_ReflActorIcon.uasset
[2017.11.26-04.31.09:073][559]LogCook: Display: Cooking /Engine/EditorMeshes/MatineeCam_SM -> C:/Users/Justi/Desktop/unreal_projects/EndlessClicker/artProject_TheoryOfComputation/myArtProject/Saved/EditorCooked/Android_ASTC/Engine/Content/EditorMeshes/MatineeCam_SM.uasset
[2017.11.26-04.31.09:075][559]LogSavePackage: Save=1.43ms
[2017.11.26-04.31.09:075][559]LogSavePackage: Async saving from memory to 'C:/Users/Justi/Desktop/unreal_projects/EndlessClicker/artProject_TheoryOfComputation/myArtProject/Saved/EditorCooked/Android_ASTC/Engine/Content/EditorMeshes/MatineeCam_SM.uasset'
[2017.11.26-04.31.09:075][559]LogSavePackage: Display: Finished SavePackage C:/Users/Justi/Desktop/unreal_projects/EndlessClicker/artProject_TheoryOfComputation/myArtProject/Saved/EditorCooked/Android_ASTC/Engine/Content/EditorMeshes/MatineeCam_SM.uasset
[2017.11.26-04.31.09:075][559]LogCook: Display: Cooking /Engine/EditorResources/MatineeCam_D -> C:/Users/Justi/Desktop/unreal_projects/EndlessClicker/artProject_TheoryOfComputation/myArtProject/Saved/EditorCooked/Android_ASTC/Engine/Content/EditorResources/MatineeCam_D.uasset
[2017.11.26-04.31.09:076][559]LogSavePackage: Save=0.80ms
[2017.11.26-04.31.09:076][559]LogSavePackage: Async saving from memory to 'C:/Users/Justi/Desktop/unreal_projects/EndlessClicker/artProject_TheoryOfComputation/myArtProject/Saved/EditorCooked/Android_ASTC/Engine/Content/EditorResources/MatineeCam_D.uasset'
[2017.11.26-04.31.09:076][559]LogSavePackage: Display: Finished SavePackage C:/Users/Justi/Desktop/unreal_projects/EndlessClicker/artProject_TheoryOfComputation/myArtProject/Saved/EditorCooked/Android_ASTC/Engine/Content/EditorResources/MatineeCam_D.uasset
[2017.11.26-04.31.09:083][559]LogMaterial: Missing cached shader map for material WorldGridMaterial, compiling. Is special engine material.
